Log file open, 11/24/17 22:30:38
LogWindows: Failed to load 'aqProf.dll' (GetLastError=126)
LogWindows: File 'aqProf.dll' does not exist
LogWindows: Failed to load 'VSPerf140.dll' (GetLastError=126)
LogWindows: File 'VSPerf140.dll' does not exist
LogWindows: Failed to load 'VtuneApi.dll' (GetLastError=126)
LogWindows: File 'VtuneApi.dll' does not exist
LogWindows: Failed to load 'VtuneApi32e.dll' (GetLastError=126)
LogWindows: File 'VtuneApi32e.dll' does not exist
LogInit: Display: Running engine for game: Hackvention2018
LogPlatformFile: Not using cached read wrapper
LogInit: Display: RandInit(-780900901) SRandInit(-780900901).
LogInit: Read version file with build ID '3709383'
LogInit: Overriding engine version to CL 3754814, compatible CL 3709383
LogInit: Registered custom module enumerator with build ID '3709383'
LogTaskGraph: Started task graph with 5 named threads and 14 total threads with 3 sets of task threads.
LogStats: Stats thread started at 0.156809
LogD3D11RHI: Aftermath initialized
LogModuleManager: Display: Found up-to-date module file ../../../Engine/Plugins/2D/Paper2D/Binaries/Win64/UE4Editor-Paper2D.dll (API version 3709383).
LogModuleManager: Display: Found up-to-date module file ../../../Engine/Plugins/2D/Paper2D/Binaries/Win64/UE4Editor-Paper2DEditor.dll (API version 3709383).
LogModuleManager: Display: Found up-to-date module file ../../../Engine/Plugins/2D/Paper2D/Binaries/Win64/UE4Editor-PaperSpriteSheetImporter.dll (API version 3709383).
LogModuleManager: Display: Found up-to-date module file ../../../Engine/Plugins/2D/Paper2D/Binaries/Win64/UE4Editor-PaperTiledImporter.dll (API version 3709383).
LogModuleManager: Display: Found up-to-date module file ../../../Engine/Plugins/2D/Paper2D/Binaries/Win64/UE4Editor-SmartSnapping.dll (API version 3709383).
LogModuleManager: Display: Found up-to-date module file ../../../Engine/Plugins/Blendables/LightPropagationVolume/Binaries/Win64/UE4Editor-LightPropagationVolumeRuntime.dll (API version 3709383).
LogModuleManager: Display: Found up-to-date module file ../../../Engine/Plugins/Blendables/LightPropagationVolume/Binaries/Win64/UE4Editor-LightPropagationVolumeEditor.dll (API version 3709383).
LogModuleManager: Display: Found up-to-date module file ../../../Engine/Plugins/Developer/GitSourceControl/Binaries/Win64/UE4Editor-GitSourceControl.dll (API version 3709383).
LogModuleManager: Display: Found up-to-date module file ../../../Engine/Plugins/Developer/PerforceSourceControl/Binaries/Win64/UE4Editor-PerforceSourceControl.dll (API version 3709383).
LogModuleManager: Display: Found up-to-date module file ../../../Engine/Plugins/Developer/SubversionSourceControl/Binaries/Win64/UE4Editor-SubversionSourceControl.dll (API version 3709383).
LogModuleManager: Display: Found up-to-date module file ../../../Engine/Plugins/Developer/UObjectPlugin/Binaries/Win64/UE4Editor-UObjectPlugin.dll (API version 3709383).
LogModuleManager: Display: Found up-to-date module file ../../../Engine/Plugins/Developer/VisualStudioCodeSourceCodeAccess/Binaries/Win64/UE4Editor-VisualStudioCodeSourceCodeAccess.dll (API version 3709383).
LogModuleManager: Display: Found up-to-date module file ../../../Engine/Plugins/Developer/VisualStudioSourceCodeAccess/Binaries/Win64/UE4Editor-VisualStudioSourceCodeAccess.dll (API version 3709383).
LogModuleManager: Display: Found up-to-date module file ../../../Engine/Plugins/Editor/AssetManagerEditor/Binaries/Win64/UE4Editor-AssetManagerEditor.dll (API version 3709383).
LogModuleManager: Display: Found up-to-date module file ../../../Engine/Plugins/Editor/AudioCapture/Binaries/Win64/UE4Editor-AudioCapture.dll (API version 3709383).
LogModuleManager: Display: Found up-to-date module file ../../../Engine/Plugins/Editor/FacialAnimation/Binaries/Win64/UE4Editor-FacialAnimation.dll (API version 3709383).
LogModuleManager: Display: Found up-to-date module file ../../../Engine/Plugins/Editor/FacialAnimation/Binaries/Win64/UE4Editor-FacialAnimationEditor.dll (API version 3709383).
LogModuleManager: Display: Found up-to-date module file ../../../Engine/Plugins/Editor/GameplayTagsEditor/Binaries/Win64/UE4Editor-GameplayTagsEditor.dll (API version 3709383).
LogModuleManager: Display: Found up-to-date module file ../../../Engine/Plugins/Editor/MobileLauncherProfileWizard/Binaries/Win64/UE4Editor-MobileLauncherProfileWizard.dll (API version 3709383).
LogModuleManager: Display: Found up-to-date module file ../../../Engine/Plugins/Editor/PluginBrowser/Binaries/Win64/UE4Editor-PluginBrowser.dll (API version 3709383).
LogModuleManager: Display: Found up-to-date module file ../../../Engine/Plugins/Editor/SpeedTreeImporter/Binaries/Win64/UE4Editor-SpeedTreeImporter.dll (API version 3709383).
LogModuleManager: Display: Found up-to-date module file ../../../Engine/Plugins/Experimental/AlembicImporter/Binaries/Win64/UE4Editor-AlembicImporter.dll (API version 3709383).
LogModuleManager: Display: Found up-to-date module file ../../../Engine/Plugins/Experimental/AlembicImporter/Binaries/Win64/UE4Editor-AlembicLibrary.dll (API version 3709383).
LogModuleManager: Display: Found up-to-date module file ../../../Engine/Plugins/Experimental/CharacterAI/Binaries/Win64/UE4Editor-CharacterAI.dll (API version 3709383).
LogModuleManager: Display: Found up-to-date module file ../../../Engine/Plugins/Experimental/HTML5Networking/Binaries/Win64/UE4Editor-HTML5Networking.dll (API version 3709383).
LogModuleManager: Display: Found up-to-date module file ../../../Engine/Plugins/Media/AndroidMedia/Binaries/Win64/UE4Editor-AndroidMediaEditor.dll (API version 3709383).
LogModuleManager: Display: Found up-to-date module file ../../../Engine/Plugins/Media/AndroidMedia/Binaries/Win64/UE4Editor-AndroidMediaFactory.dll (API version 3709383).
LogModuleManager: Display: Found up-to-date module file ../../../Engine/Plugins/Media/AvfMedia/Binaries/Win64/UE4Editor-AvfMediaEditor.dll (API version 3709383).
LogModuleManager: Display: Found up-to-date module file ../../../Engine/Plugins/Media/AvfMedia/Binaries/Win64/UE4Editor-AvfMediaFactory.dll (API version 3709383).
LogModuleManager: Display: Found up-to-date module file ../../../Engine/Plugins/Media/AvfMedia/Binaries/Win64/UE4Editor-AvfMediaFactory.dll (API version 3709383).
LogModuleManager: Display: Found up-to-date module file ../../../Engine/Plugins/Media/ImgMedia/Binaries/Win64/UE4Editor-ImgMedia.dll (API version 3709383).
LogModuleManager: Display: Found up-to-date module file ../../../Engine/Plugins/Media/ImgMedia/Binaries/Win64/UE4Editor-ImgMediaEditor.dll (API version 3709383).
LogModuleManager: Display: Found up-to-date module file ../../../Engine/Plugins/Media/ImgMedia/Binaries/Win64/UE4Editor-ImgMediaFactory.dll (API version 3709383).
LogModuleManager: Display: Found up-to-date module file ../../../Engine/Plugins/Media/ImgMedia/Binaries/Win64/UE4Editor-ImgMediaFactory.dll (API version 3709383).
LogModuleManager: Display: Found up-to-date module file ../../../Engine/Plugins/Media/ImgMedia/Binaries/Win64/UE4Editor-OpenExrWrapper.dll (API version 3709383).
LogModuleManager: Display: Found up-to-date module file ../../../Engine/Plugins/Media/MediaCompositing/Binaries/Win64/UE4Editor-MediaCompositing.dll (API version 3709383).
LogModuleManager: Display: Found up-to-date module file ../../../Engine/Plugins/Media/MediaCompositing/Binaries/Win64/UE4Editor-MediaCompositingEditor.dll (API version 3709383).
LogModuleManager: Display: Found up-to-date module file ../../../Engine/Plugins/Media/MediaPlayerEditor/Binaries/Win64/UE4Editor-MediaPlayerEditor.dll (API version 3709383).
LogModuleManager: Display: Found up-to-date module file ../../../Engine/Plugins/Media/WmfMedia/Binaries/Win64/UE4Editor-WmfMedia.dll (API version 3709383).
LogModuleManager: Display: Found up-to-date module file ../../../Engine/Plugins/Media/WmfMedia/Binaries/Win64/UE4Editor-WmfMediaEditor.dll (API version 3709383).
LogModuleManager: Display: Found up-to-date module file ../../../Engine/Plugins/Media/WmfMedia/Binaries/Win64/UE4Editor-WmfMediaFactory.dll (API version 3709383).
LogModuleManager: Display: Found up-to-date module file ../../../Engine/Plugins/Media/WmfMedia/Binaries/Win64/UE4Editor-WmfMediaFactory.dll (API version 3709383).
LogModuleManager: Display: Found up-to-date module file ../../../Engine/Plugins/Messaging/TcpMessaging/Binaries/Win64/UE4Editor-TcpMessaging.dll (API version 3709383).
LogModuleManager: Display: Found up-to-date module file ../../../Engine/Plugins/Messaging/UdpMessaging/Binaries/Win64/UE4Editor-UdpMessaging.dll (API version 3709383).
LogModuleManager: Display: Found up-to-date module file ../../../Engine/Plugins/MovieScene/ActorSequence/Binaries/Win64/UE4Editor-ActorSequence.dll (API version 3709383).
LogModuleManager: Display: Found up-to-date module file ../../../Engine/Plugins/MovieScene/LevelSequenceEditor/Binaries/Win64/UE4Editor-LevelSequenceEditor.dll (API version 3709383).
LogModuleManager: Display: Found up-to-date module file ../../../Engine/Plugins/MovieScene/MatineeToLevelSequence/Binaries/Win64/UE4Editor-MatineeToLevelSequence.dll (API version 3709383).
LogModuleManager: Display: Found up-to-date module file ../../../Engine/Plugins/Online/OnlineSubsystem/Binaries/Win64/UE4Editor-OnlineSubsystem.dll (API version 3709383).
LogModuleManager: Display: Found up-to-date module file ../../../Engine/Plugins/Runtime/AndroidPermission/Binaries/Win64/UE4Editor-AndroidPermission.dll (API version 3709383).
LogModuleManager: Display: Found up-to-date module file ../../../Engine/Plugins/Online/OnlineSubsystemNull/Binaries/Win64/UE4Editor-OnlineSubsystemNull.dll (API version 3709383).
LogModuleManager: Display: Found up-to-date module file ../../../Engine/Plugins/Online/OnlineSubsystemUtils/Binaries/Win64/UE4Editor-OnlineSubsystemUtils.dll (API version 3709383).
LogModuleManager: Display: Found up-to-date module file ../../../Engine/Plugins/Online/OnlineSubsystemUtils/Binaries/Win64/UE4Editor-OnlineBlueprintSupport.dll (API version 3709383).
LogModuleManager: Display: Found up-to-date module file ../../../Engine/Plugins/Runtime/AndroidDeviceProfileSelector/Binaries/Win64/UE4Editor-AndroidDeviceProfileSelector.dll (API version 3709383).
LogModuleManager: Display: Found up-to-date module file ../../../Engine/Plugins/Runtime/AppleARKit/Binaries/Win64/UE4Editor-AppleARKit.dll (API version 3709383).
LogModuleManager: Display: Found up-to-date module file ../../../Engine/Plugins/Runtime/ArchVisCharacter/Binaries/Win64/UE4Editor-ArchVisCharacter.dll (API version 3709383).
LogModuleManager: Display: Found up-to-date module file ../../../Engine/Plugins/Runtime/CableComponent/Binaries/Win64/UE4Editor-CableComponent.dll (API version 3709383).
LogModuleManager: Display: Found up-to-date module file ../../../Engine/Plugins/Runtime/CustomMeshComponent/Binaries/Win64/UE4Editor-CustomMeshComponent.dll (API version 3709383).
LogModuleManager: Display: Found up-to-date module file ../../../Engine/Plugins/Runtime/ExampleDeviceProfileSelector/Binaries/Win64/UE4Editor-ExampleDeviceProfileSelector.dll (API version 3709383).
LogModuleManager: Display: Found up-to-date module file ../../../Engine/Plugins/Runtime/ImmediatePhysics/Binaries/Win64/UE4Editor-ImmediatePhysics.dll (API version 3709383).
LogModuleManager: Display: Found up-to-date module file ../../../Engine/Plugins/Runtime/ImmediatePhysics/Binaries/Win64/UE4Editor-ImmediatePhysicsEditor.dll (API version 3709383).
LogModuleManager: Display: Found up-to-date module file ../../../Engine/Plugins/Runtime/LocationServicesBPLibrary/Binaries/Win64/UE4Editor-LocationServicesBPLibrary.dll (API version 3709383).
LogModuleManager: Display: Found up-to-date module file ../../../Engine/Plugins/Runtime/MobilePatchingUtils/Binaries/Win64/UE4Editor-MobilePatchingUtils.dll (API version 3709383).
LogModuleManager: Display: Found up-to-date module file ../../../Engine/Plugins/Runtime/Oculus/OculusVR/Binaries/Win64/UE4Editor-OculusHMD.dll (API version 3709383).
LogModuleManager: Display: Found up-to-date module file ../../../Engine/Plugins/Runtime/Oculus/OculusVR/Binaries/Win64/UE4Editor-OculusInput.dll (API version 3709383).
LogModuleManager: Display: Found up-to-date module file ../../../Engine/Plugins/Runtime/Oculus/OculusVR/Binaries/Win64/UE4Editor-OculusEditor.dll (API version 3709383).
LogModuleManager: Display: Found up-to-date module file ../../../Engine/Plugins/Runtime/PhysXVehicles/Binaries/Win64/UE4Editor-PhysXVehicles.dll (API version 3709383).
LogModuleManager: Display: Found up-to-date module file ../../../Engine/Plugins/Runtime/PhysXVehicles/Binaries/Win64/UE4Editor-PhysXVehiclesEditor.dll (API version 3709383).
LogModuleManager: Display: Found up-to-date module file ../../../Engine/Plugins/Runtime/ProceduralMeshComponent/Binaries/Win64/UE4Editor-ProceduralMeshComponent.dll (API version 3709383).
LogModuleManager: Display: Found up-to-date module file ../../../Engine/Plugins/Runtime/ProceduralMeshComponent/Binaries/Win64/UE4Editor-ProceduralMeshComponentEditor.dll (API version 3709383).
LogModuleManager: Display: Found up-to-date module file ../../../Engine/Plugins/Runtime/RuntimePhysXCooking/Binaries/Win64/UE4Editor-RuntimePhysXCooking.dll (API version 3709383).
LogModuleManager: Display: Found up-to-date module file ../../../Engine/Plugins/Runtime/Steam/SteamVR/Binaries/Win64/UE4Editor-SteamVR.dll (API version 3709383).
LogModuleManager: Display: Found up-to-date module file ../../../Engine/Plugins/Runtime/Steam/SteamVR/Binaries/Win64/UE4Editor-SteamVRController.dll (API version 3709383).
LogModuleManager: Display: Found up-to-date module file ../../../Engine/Plugins/Runtime/WindowsMoviePlayer/Binaries/Win64/UE4Editor-WindowsMoviePlayer.dll (API version 3709383).
LogPluginManager: Mounting plugin Paper2D
LogPluginManager: Mounting plugin LightPropagationVolume
LogPluginManager: Mounting plugin CodeLiteSourceCodeAccess
LogPluginManager: Mounting plugin GitSourceControl
LogPluginManager: Mounting plugin KDevelopSourceCodeAccess
LogPluginManager: Mounting plugin NullSourceCodeAccess
LogPluginManager: Mounting plugin PerforceSourceControl
LogPluginManager: Mounting plugin SubversionSourceControl
LogPluginManager: Mounting plugin UObjectPlugin
LogPluginManager: Mounting plugin VisualStudioCodeSourceCodeAccess
LogPluginManager: Mounting plugin VisualStudioSourceCodeAccess
LogPluginManager: Mounting plugin XCodeSourceCodeAccess
LogPluginManager: Mounting plugin AssetManagerEditor
LogPluginManager: Mounting plugin AudioCapture
LogPluginManager: Mounting plugin FacialAnimation
LogPluginManager: Mounting plugin GameplayTagsEditor
LogPluginManager: Mounting plugin MobileLauncherProfileWizard
LogPluginManager: Mounting plugin PluginBrowser
LogPluginManager: Mounting plugin SpeedTreeImporter
LogPluginManager: Mounting plugin AlembicImporter
LogPluginManager: Mounting plugin CharacterAI
LogPluginManager: Mounting plugin HTML5Networking
LogPluginManager: Mounting plugin AndroidMedia
LogPluginManager: Mounting plugin AvfMedia
LogPluginManager: Mounting plugin ImgMedia
LogPluginManager: Mounting plugin MediaCompositing
LogPluginManager: Mounting plugin MediaPlayerEditor
LogPluginManager: Mounting plugin WmfMedia
LogPluginManager: Mounting plugin TcpMessaging
LogPluginManager: Mounting plugin UdpMessaging
LogPluginManager: Mounting plugin ActorSequence
LogPluginManager: Mounting plugin LevelSequenceEditor
LogPluginManager: Mounting plugin MatineeToLevelSequence
LogPluginManager: Mounting plugin OnlineSubsystemGooglePlay
LogPluginManager: Mounting plugin OnlineSubsystemIOS
LogPluginManager: Mounting plugin OnlineSubsystem
LogPluginManager: Mounting plugin OnlineSubsystemNull
LogPluginManager: Mounting plugin OnlineSubsystemUtils
LogPluginManager: Mounting plugin AndroidDeviceProfileSelector
LogPluginManager: Mounting plugin AndroidMoviePlayer
LogPluginManager: Mounting plugin AndroidPermission
LogPluginManager: Mounting plugin AppleARKit
LogPluginManager: Mounting plugin AppleMoviePlayer
LogPluginManager: Mounting plugin ArchVisCharacter
LogPluginManager: Mounting plugin CableComponent
LogPluginManager: Mounting plugin CustomMeshComponent
LogPluginManager: Mounting plugin ExampleDeviceProfileSelector
LogPluginManager: Mounting plugin GoogleCloudMessaging
LogPluginManager: Mounting plugin ImmediatePhysics
LogPluginManager: Mounting plugin IOSDeviceProfileSelector
LogPluginManager: Mounting plugin LinuxDeviceProfileSelector
LogPluginManager: Mounting plugin LocationServicesBPLibrary
LogPluginManager: Mounting plugin MobilePatchingUtils
LogPluginManager: Mounting plugin OculusVR
LogPluginManager: Plugin shader directory ../../../Engine/Plugins/Runtime/Oculus/OculusVR/Shaders found
LogPluginManager: Mapping shader source directory ../../../Engine/Plugins/Runtime/Oculus/OculusVR/Shaders to virtual directory /Plugin/OculusVR
LogPluginManager: Mounting plugin PhysXVehicles
LogPluginManager: Mounting plugin ProceduralMeshComponent
LogPluginManager: Mounting plugin RuntimePhysXCooking
LogPluginManager: Mounting plugin SteamVR
LogPluginManager: Mounting plugin WindowsMoviePlayer
LogInit: Using libcurl 7.47.1
LogInit:  - built for x86_64-pc-win32
LogInit:  - supports SSL with OpenSSL/1.0.2g
LogInit:  - supports HTTP deflate (compression) using libz 1.2.8
LogInit:  - other features:
LogInit:      CURL_VERSION_SSL
LogInit:      CURL_VERSION_LIBZ
LogInit:      CURL_VERSION_IPV6
LogInit:      CURL_VERSION_ASYNCHDNS
LogInit:      CURL_VERSION_LARGEFILE
LogInit:      CURL_VERSION_IDN
LogInit:  CurlRequestOptions (configurable via config and command line):
LogInit:  - bVerifyPeer = false  - Libcurl will NOT verify peer certificate
LogInit:  - bUseHttpProxy = false  - Libcurl will NOT use HTTP proxy
LogInit:  - bDontReuseConnections = false  - Libcurl will reuse connections
LogInit:  - CertBundlePath = nullptr  - Libcurl will use whatever was configured at build time.
LogInit: Build: ++UE4+Release-4.18-CL-3754814
LogInit: Engine Version: 4.18.1-3754814+++UE4+Release-4.18
LogInit: Compatible Engine Version: 4.18.0-3709383+++UE4+Release-4.18
LogInit: Net CL: 3709383
LogDevObjectVersion: Number of dev versions registered: 16
LogDevObjectVersion:   Dev-Blueprints (B0D832E4-1F89-4F0D-ACCF-7EB736FD4AA2): 10
LogDevObjectVersion:   Dev-Build (E1C64328-A22C-4D53-A36C-8E866417BD8C): 0
LogDevObjectVersion:   Dev-Core (375EC13C-06E4-48FB-B500-84F0262A717E): 2
LogDevObjectVersion:   Dev-Editor (E4B068ED-F494-42E9-A231-DA0B2E46BB41): 20
LogDevObjectVersion:   Dev-Framework (CFFC743F-43B0-4480-9391-14DF171D2073): 30
LogDevObjectVersion:   Dev-Mobile (B02B49B5-BB20-44E9-A304-32B752E40360): 0
LogDevObjectVersion:   Dev-Networking (A4E4105C-59A1-49B5-A7C5-40C4547EDFEE): 0
LogDevObjectVersion:   Dev-Online (39C831C9-5AE6-47DC-9A44-9C173E1C8E7C): 0
LogDevObjectVersion:   Dev-Physics (78F01B33-EBEA-4F98-B9B4-84EACCB95AA2): 0
LogDevObjectVersion:   Dev-Platform (6631380F-2D4D-43E0-8009-CF276956A95A): 0
LogDevObjectVersion:   Dev-Rendering (12F88B9F-8875-4AFC-A67C-D90C383ABD29): 20
LogDevObjectVersion:   Dev-Sequencer (7B5AE74C-D270-4C10-A958-57980B212A5A): 4
LogDevObjectVersion:   Dev-VR (D7296918-1DD6-4BDD-9DE2-64A83CC13884): 0
LogDevObjectVersion:   Dev-LoadTimes (C2A15278-BFE7-4AFE-6C17-90FF531DF755): 1
LogDevObjectVersion:   Private-Geometry (6EACA3D4-40EC-4CC1-B786-8BED09428FC5): 1
LogDevObjectVersion:   Dev-AnimPhys (29E575DD-E0A3-4627-9D10-D276232CDCEA): 12
LogInit: Compiled (64-bit): Nov 14 2017 02:05:55
LogInit: Compiled with Visual C++: 19.00.24215.01
LogInit: Build Configuration: Development
LogInit: Branch Name: ++UE4+Release-4.18
LogInit: Command line:  
LogInit: Base directory: C:/Program Files/Epic Games/UE_4.18/Engine/Binaries/Win64/
LogInit: Installed Engine Build: 1
LogInit: Presizing for max 8388607 objects, including 0 objects not considered by GC, pre-allocating 0 bytes for permanent pool.
LogInit: Object subsystem initialized
[2017.11.24-21.30.39:308][  0]LogInit: Selected Device Profile: [Windows]
[2017.11.24-21.30.39:308][  0]LogInit: Applying CVar settings loaded from the selected device profile: [Windows]
[2017.11.24-21.30.39:316][  0]LogInit: Computer: KORKI-G750JX
[2017.11.24-21.30.39:316][  0]LogInit: User: Korki
[2017.11.24-21.30.39:316][  0]LogInit: CPU Page size=4096, Cores=4
[2017.11.24-21.30.39:316][  0]LogInit: High frequency timer resolution =2.338388 MHz
[2017.11.24-21.30.39:316][  0]LogMemory: Memory total: Physical=15.9GB (16GB approx)
[2017.11.24-21.30.39:316][  0]LogMemory: Platform Memory Stats for Windows
[2017.11.24-21.30.39:316][  0]LogMemory: Process Physical Memory: 274.22 MB used, 274.22 MB peak
[2017.11.24-21.30.39:316][  0]LogMemory: Process Virtual Memory: 275.15 MB used, 275.15 MB peak
[2017.11.24-21.30.39:316][  0]LogMemory: Physical Memory: 5452.71 MB used,  10848.77 MB free, 16301.48 MB total
[2017.11.24-21.30.39:316][  0]LogMemory: Virtual Memory: 624.41 MB used,  10848.77 MB free, 8388608.00 MB total
[2017.11.24-21.30.39:416][  0]LogInit: Using OS detected language (de-DE).
[2017.11.24-21.30.39:416][  0]LogInit: Using OS detected locale (de-DE).
[2017.11.24-21.30.39:418][  0]LogTextLocalizationManager: No localization for 'de-DE' exists, so 'en' will be used for the language.
[2017.11.24-21.30.39:419][  0]LogTextLocalizationManager: No localization for 'de-DE' exists, so 'en' will be used for the locale.
[2017.11.24-21.30.39:828][  0]LogWindows: Failed to load 'shcore.dll' (GetLastError=126)
[2017.11.24-21.30.39:828][  0]LogWindows: File 'shcore.dll' does not exist
[2017.11.24-21.30.39:828][  0]LogInit: Setting process to DPI aware
[2017.11.24-21.30.39:830][  0]LogWindows: Failed to load 'shcore.dll' (GetLastError=126)
[2017.11.24-21.30.39:830][  0]LogWindows: File 'shcore.dll' does not exist
[2017.11.24-21.30.39:830][  0]LogInit: Setting process to DPI aware
[2017.11.24-21.30.40:011][  0]LogD3D11RHI: D3D11 adapters:
[2017.11.24-21.30.40:032][  0]LogD3D11RHI:    0. 'NVIDIA GeForce GTX 770M' (Feature Level 11_0)
[2017.11.24-21.30.40:032][  0]LogD3D11RHI:       3008/0/7894 MB DedicatedVideo/DedicatedSystem/SharedSystem, Outputs:1, VendorId:0x10de
[2017.11.24-21.30.40:032][  0]LogD3D11RHI: Chosen D3D11 Adapter: 0
[2017.11.24-21.30.40:036][  0]LogD3D11RHI: Creating new Direct3DDevice
[2017.11.24-21.30.40:036][  0]LogD3D11RHI:     GPU DeviceId: 0x11e0 (for the marketing name, search the web for "GPU Device Id")
[2017.11.24-21.30.40:036][  0]LogWindows: EnumDisplayDevices:
[2017.11.24-21.30.40:036][  0]LogWindows:    0. 'NVIDIA GeForce GTX 770M' (P:1 D:1)
[2017.11.24-21.30.40:036][  0]LogWindows:    1. 'NVIDIA GeForce GTX 770M' (P:0 D:0)
[2017.11.24-21.30.40:036][  0]LogWindows:    2. 'NVIDIA GeForce GTX 770M' (P:0 D:0)
[2017.11.24-21.30.40:036][  0]LogWindows:    3. 'NVIDIA GeForce GTX 770M' (P:0 D:0)
[2017.11.24-21.30.40:036][  0]LogWindows:    4. 'RDPDD Chained DD' (P:0 D:0)
[2017.11.24-21.30.40:036][  0]LogWindows:    5. 'RDP Encoder Mirror Driver' (P:0 D:0)
[2017.11.24-21.30.40:036][  0]LogWindows:    6. 'RDP Reflector Display Driver' (P:0 D:0)
[2017.11.24-21.30.40:036][  0]LogWindows: DebugString: GetVideoDriverDetailsInvalid PrimaryIsNotTheChoosenAdapter GetVideoDriverDetailsInvalid PrimaryIsNotTheChoosenAdapter GetVideoDriverDetailsInvalid PrimaryIsNotTheChoosenAdapter FoundDriverCount:4 
[2017.11.24-21.30.40:036][  0]LogD3D11RHI:     Adapter Name: NVIDIA GeForce GTX 770M
[2017.11.24-21.30.40:036][  0]LogD3D11RHI:   Driver Version: 385.69 (internal:22.21.13.8569, unified:385.69)
[2017.11.24-21.30.40:036][  0]LogD3D11RHI:      Driver Date: 9-16-2017
[2017.11.24-21.30.40:036][  0]LogRHI: Texture pool is 2106 MB (70% of 3008 MB)
[2017.11.24-21.30.40:046][  0]LogD3D11RHI: Async texture creation enabled
[2017.11.24-21.30.40:062][  0]LogD3D11RHI: GPU Timing Frequency: 1000.000000 (Debug: 2 2)
[2017.11.24-21.30.40:063][  0]LogShaderCompilers: Guid format shader working directory is -16 characters bigger than the processId version (../../../../../../Users/Korki/Documents/GitHub/Hackvention2018/Intermediate/Shaders/WorkingDirectory/5168/).
[2017.11.24-21.30.40:063][  0]LogShaderCompilers: Cleaned the shader compiler working directory 'C:/Users/Korki/AppData/Local/Temp/UnrealShaderWorkingDir/44E3A49347BB5438E04B5E85AAD7475A/'.
[2017.11.24-21.30.40:063][  0]LogShaderCompilers: Display: Using Local Shader Compiler.
[2017.11.24-21.30.40:909][  0]LogTemp: Display: Loaded TP AllDesktopTargetPlatform
[2017.11.24-21.30.40:948][  0]LogTemp: Display: Loaded TP MacClientTargetPlatform
[2017.11.24-21.30.40:988][  0]LogTemp: Display: Loaded TP MacNoEditorTargetPlatform
[2017.11.24-21.30.41:027][  0]LogTemp: Display: Loaded TP MacServerTargetPlatform
[2017.11.24-21.30.41:067][  0]LogTemp: Display: Loaded TP MacTargetPlatform
[2017.11.24-21.30.41:107][  0]LogTemp: Display: Loaded TP WindowsClientTargetPlatform
[2017.11.24-21.30.41:146][  0]LogTemp: Display: Loaded TP WindowsNoEditorTargetPlatform
[2017.11.24-21.30.41:186][  0]LogTemp: Display: Loaded TP WindowsServerTargetPlatform
[2017.11.24-21.30.41:218][  0]LogTemp: Display: Loaded TP WindowsTargetPlatform
[2017.11.24-21.30.41:256][  0]LogTemp: Display: Loaded TP Android_ASTCTargetPlatform
[2017.11.24-21.30.41:294][  0]LogTemp: Display: Loaded TP Android_ATCTargetPlatform
[2017.11.24-21.30.41:331][  0]LogTemp: Display: Loaded TP Android_DXTTargetPlatform
[2017.11.24-21.30.41:370][  0]LogTemp: Display: Loaded TP Android_ETC1TargetPlatform
[2017.11.24-21.30.41:408][  0]LogTemp: Display: Loaded TP Android_ETC2TargetPlatform
[2017.11.24-21.30.41:484][  0]LogTemp: Display: Loaded TP Android_MultiTargetPlatform
[2017.11.24-21.30.41:484][  0]LogTemp: Display: Loaded TP Android_PVRTCTargetPlatform
[2017.11.24-21.30.41:521][  0]LogTemp: Display: Loaded TP AndroidTargetPlatform
[2017.11.24-21.30.41:547][  0]LogTemp: Display: Loaded TP HTML5TargetPlatform
[2017.11.24-21.30.41:618][  0]LogTemp: Display: Loaded TP IOSTargetPlatform
[2017.11.24-21.30.41:640][  0]LogTemp: Display: Loaded TP TVOSTargetPlatform
[2017.11.24-21.30.41:677][  0]LogTemp: Display: Loaded TP LinuxClientTargetPlatform
[2017.11.24-21.30.41:714][  0]LogTemp: Display: Loaded TP LinuxNoEditorTargetPlatform
[2017.11.24-21.30.41:752][  0]LogTemp: Display: Loaded TP LinuxServerTargetPlatform
[2017.11.24-21.30.41:789][  0]LogTemp: Display: Loaded TP LinuxTargetPlatform
[2017.11.24-21.30.41:789][  0]LogTargetPlatformManager: Display: Building Assets For Windows
[2017.11.24-21.30.42:098][  0]LogDerivedDataCache: Display: Max Cache Size: 512 MB
[2017.11.24-21.30.42:176][  0]LogDerivedDataCache: Loaded boot cache 0.08s 78MB C:/Users/Korki/AppData/Local/UnrealEngine/4.18/DerivedDataCache/Boot.ddc.
[2017.11.24-21.30.42:176][  0]LogDerivedDataCache: Display: Loaded Boot cache: C:/Users/Korki/AppData/Local/UnrealEngine/4.18/DerivedDataCache/Boot.ddc
[2017.11.24-21.30.42:177][  0]LogDerivedDataCache: FDerivedDataBackendGraph:  Pak pak cache file ../../../../../../Users/Korki/Documents/GitHub/Hackvention2018/DerivedDataCache/DDC.ddp not found, will not use a pak cache.
[2017.11.24-21.30.42:177][  0]LogDerivedDataCache: Unable to find inner node Pak for hierarchical cache Hierarchy.
[2017.11.24-21.30.42:177][  0]LogDerivedDataCache: FDerivedDataBackendGraph:  CompressedPak pak cache file ../../../../../../Users/Korki/Documents/GitHub/Hackvention2018/DerivedDataCache/Compressed.ddp not found, will not use a pak cache.
[2017.11.24-21.30.42:177][  0]LogDerivedDataCache: Unable to find inner node CompressedPak for hierarchical cache Hierarchy.
[2017.11.24-21.30.42:194][  0]LogDerivedDataCache: Display: Pak cache opened for reading ../../../Engine/DerivedDataCache/Compressed.ddp.
[2017.11.24-21.30.42:205][  0]LogDerivedDataCache: Using Local data cache path C:/Users/Korki/AppData/Local/UnrealEngine/Common/DerivedDataCache: Writable
[2017.11.24-21.30.42:263][  0]LogMaterial: Verifying Global Shaders for PCD3D_SM5
[2017.11.24-21.30.42:264][  0]LogSlate: Using Freetype 2.6.0
[2017.11.24-21.30.42:265][  0]LogSlate: SlateFontCache - WITH_FREETYPE: 1, WITH_HARFBUZZ: 1
[2017.11.24-21.30.42:265][  0]LogSlate: SlateFontCache - WITH_FREETYPE: 1, WITH_HARFBUZZ: 1
[2017.11.24-21.30.42:632][  0]LogInit: Selected Device Profile: [Windows]
[2017.11.24-21.30.42:716][  0]LogMaterial: Missing cached shader map for material WorldGridMaterial, compiling. Is special engine material.
[2017.11.24-21.31.25:578][  0]LogMaterial: Missing cached shader map for material DefaultDeferredDecalMaterial, compiling. 
[2017.11.24-21.31.35:176][  0]LogMaterial: Missing cached shader map for material DefaultLightFunctionMaterial, compiling. 
[2017.11.24-21.31.36:075][  0]LogMaterial: Missing cached shader map for material DefaultPostProcessMaterial, compiling. 
[2017.11.24-21.31.36:817][  0]LogMaterial: Missing cached shader map for material MatineeCam_mat, compiling. 
[2017.11.24-21.31.37:052][  0]LogSimplygon: Simplygon DLL not present - disabling.
[2017.11.24-21.31.37:096][  0]LogMeshReduction: Using SimplygonSwarm for distributed automatic mesh merging
[2017.11.24-21.31.37:096][  0]LogMeshReduction: Using QuadricMeshReduction for automatic static mesh reduction
[2017.11.24-21.31.37:096][  0]LogMeshReduction: No automatic skeletal mesh reduction module available
[2017.11.24-21.31.37:096][  0]LogMeshReduction: No automatic mesh merging module available
[2017.11.24-21.31.37:096][  0]LogMeshMerging: No automatic mesh merging module available
[2017.11.24-21.31.37:125][  0]LogNetVersion: Hackvention2018 , NetCL: 3709383, EngineNetVer: 2, GameNetVer: 0 (Checksum: 2858232117)
[2017.11.24-21.31.37:166][  0]LogMaterial: Missing cached shader map for material HelpActorMaterial, compiling. 
[2017.11.24-21.31.37:309][  0]LogMaterial: Missing cached shader map for material DefaultTextMaterialOpaque, compiling. 
[2017.11.24-21.31.37:492][  0]LogAssetRegistry: FAssetRegistry took 0.0343 seconds to start up
[2017.11.24-21.31.37:616][  0]LogMaterial: Missing cached shader map for material Widget3DPassThrough, compiling. 
[2017.11.24-21.31.37:639][  0]LogMaterial: Missing cached shader map for material Widget3DPassThrough, compiling. 
[2017.11.24-21.31.37:674][  0]LogMaterial: Missing cached shader map for material Widget3DPassThrough, compiling. 
[2017.11.24-21.31.37:701][  0]LogMaterial: Missing cached shader map for material Widget3DPassThrough, compiling. 
[2017.11.24-21.31.37:717][  0]LogMaterial: Missing cached shader map for material Widget3DPassThrough, compiling. 
[2017.11.24-21.31.37:754][  0]LogMaterial: Missing cached shader map for material Widget3DPassThrough, compiling. 
[2017.11.24-21.31.37:860][  0]LogMaterial: Missing cached shader map for material CineMat, compiling. 
[2017.11.24-21.31.37:963][  0]LogMaterial: Missing cached shader map for material M_SimpleOpaque, compiling. 
[2017.11.24-21.31.38:012][  0]LogMaterial: Missing cached shader map for material M_SimpleTranslucent, compiling. 
[2017.11.24-21.31.38:183][  0]LogMaterial: Missing cached shader map for material TranslucentTransformGizmoMaterial, compiling. 
[2017.11.24-21.31.38:206][  0]LogMaterial: Missing cached shader map for material TransformGizmoMaterial, compiling. 
[2017.11.24-21.31.38:248][  0]LogMaterial: Missing cached shader map for material SnapGridMaterial, compiling. 
[2017.11.24-21.31.38:310][  0]LogMaterial: Missing cached shader map for material Xray, compiling. 
[2017.11.24-21.31.38:349][  0]LogMaterial: Missing cached shader map for material Main, compiling. 
[2017.11.24-21.31.38:433][  0]LogMaterial: Missing cached shader map for material SkySphereMaterial, compiling. 
[2017.11.24-21.31.38:459][  0]LogMaterial: Missing cached shader map for material FloorPlaneMaterial, compiling. 
[2017.11.24-21.31.38:653][  0]LogMaterial: Missing cached shader map for material LandscapeGizmo_Mat, compiling. 
[2017.11.24-21.31.38:705][  0]LogMaterial: Missing cached shader map for material LandscapeGizmoHeight_Mat, compiling. 
[2017.11.24-21.31.38:829][  0]LogMaterial: Missing cached shader map for material SplineEditorMeshMat, compiling. 
[2017.11.24-21.31.38:881][  0]LogMaterial: Missing cached shader map for material ARKitCameraMaterial, compiling. 
[2017.11.24-21.31.38:923][  0]LogMaterial: Missing cached shader map for material GearVRControllerMaterial, compiling. 
[2017.11.24-21.31.39:031][  0]LogPackageLocalizationCache: Processed 7 localized package path(s) for 1 prioritized culture(s) in 0.036112 seconds
[2017.11.24-21.31.39:043][  0]LogUObjectArray: 35900 objects as part of root set at end of initial load.
[2017.11.24-21.31.39:043][  0]LogUObjectAllocator: 7372024 out of 0 bytes used by permanent object pool.
[2017.11.24-21.31.39:043][  0]LogUObjectArray: CloseDisregardForGC: 0/0 objects in disregard for GC pool
[2017.11.24-21.31.39:122][  0]LogInit: WinSock: version 1.1 (2.2), MaxSocks=32767, MaxUdp=65467
[2017.11.24-21.31.42:364][  0]LogMaterial: Missing cached shader map for material GridMaterial, compiling. 
[2017.11.24-21.31.42:388][  0]LogMaterial: Missing cached shader map for material VRTextMaterial, compiling. 
[2017.11.24-21.31.42:422][  0]LogMaterial: Missing cached shader map for material OculusControllerMaterial, compiling. 
[2017.11.24-21.31.42:475][  0]LogMaterial: Missing cached shader map for material GridPostProcess, compiling. 
[2017.11.24-21.31.42:494][  0]LogMaterial: Missing cached shader map for material M_ContentWindow, compiling. 
[2017.11.24-21.31.42:583][  0]LogMaterial: Missing cached shader map for material VivePreControllerMaterial, compiling. 
[2017.11.24-21.31.42:622][  0]LogMaterial: Missing cached shader map for material GenericHMDMaterial, compiling. 
[2017.11.24-21.31.42:665][  0]LogMaterial: Missing cached shader map for material TeleportDirectionMaterial, compiling. 
[2017.11.24-21.31.42:718][  0]LogMaterial: Missing cached shader map for material LaserPointerMaterial, compiling. 
[2017.11.24-21.31.42:757][  0]LogMaterial: Missing cached shader map for material LaserPointerMaterial, compiling. 
[2017.11.24-21.31.42:822][  0]LogMaterial: Missing cached shader map for material FlattenHeightMat, compiling. 
[2017.11.24-21.31.42:849][  0]LogMaterial: Missing cached shader map for material ArrowMaterial, compiling. 
[2017.11.24-21.31.42:903][  0]LogMaterial: Missing cached shader map for material KeyDiskMaterial, compiling. 
[2017.11.24-21.31.42:956][  0]LogMaterial: Missing cached shader map for material LineMaterial, compiling. 
[2017.11.24-21.31.43:016][  0]LogMaterial: Missing cached shader map for material VRTextMaterial, compiling. 
[2017.11.24-21.31.44:756][  0]LogMaterial: Missing cached shader map for material DefaultSpriteMaterial, compiling. 
[2017.11.24-21.31.44:822][  0]LogMaterial: Missing cached shader map for material DefaultSpriteMaterial, compiling. 
[2017.11.24-21.31.45:546][  0]LogTcpMessaging: Initializing TcpMessaging bridge
[2017.11.24-21.31.45:604][  0]LogUdpMessaging: Initializing bridge on interface 0.0.0.0:0 to multicast group 230.0.0.1:6666.
[2017.11.24-21.31.46:050][  0]LogMaterial: Missing cached shader map for material DefaultMaterial, compiling. 
[2017.11.24-21.31.46:748][  0]LogMaterial: Missing cached shader map for material BaseColor, compiling. 
[2017.11.24-21.31.46:767][  0]LogMaterial: Missing cached shader map for material CustomDepth, compiling. 
[2017.11.24-21.31.46:809][  0]LogMaterial: Uniform references updated for custom material expression Custom.
[2017.11.24-21.31.46:814][  0]LogMaterial: Missing cached shader map for material CustomStencil, compiling. 
[2017.11.24-21.31.46:833][  0]LogMaterial: Missing cached shader map for material FinalImage, compiling. 
[2017.11.24-21.31.46:853][  0]LogMaterial: Missing cached shader map for material LightingModel, compiling. 
[2017.11.24-21.31.46:881][  0]LogMaterial: Missing cached shader map for material MaterialAO, compiling. 
[2017.11.24-21.31.46:898][  0]LogMaterial: Missing cached shader map for material Metallic, compiling. 
[2017.11.24-21.31.46:916][  0]LogMaterial: Missing cached shader map for material Opacity, compiling. 
[2017.11.24-21.31.46:945][  0]LogMaterial: Missing cached shader map for material Roughness, compiling. 
[2017.11.24-21.31.46:963][  0]LogMaterial: Missing cached shader map for material SceneColor, compiling. 
[2017.11.24-21.31.46:981][  0]LogMaterial: Missing cached shader map for material SceneDepth, compiling. 
[2017.11.24-21.31.47:008][  0]LogMaterial: Missing cached shader map for material SeparateTranslucencyRGB, compiling. 
[2017.11.24-21.31.47:027][  0]LogMaterial: Missing cached shader map for material SeparateTranslucencyA, compiling. 
[2017.11.24-21.31.47:045][  0]LogMaterial: Missing cached shader map for material Specular, compiling. 
[2017.11.24-21.31.47:063][  0]LogMaterial: Missing cached shader map for material SubsurfaceColor, compiling. 
[2017.11.24-21.31.47:085][  0]LogMaterial: Missing cached shader map for material WorldNormal, compiling. 
[2017.11.24-21.31.47:105][  0]LogMaterial: Missing cached shader map for material AmbientOcclusion, compiling. 
[2017.11.24-21.31.47:139][  0]LogMaterial: Missing cached shader map for material CustomDepthWorldUnits, compiling. 
[2017.11.24-21.31.47:163][  0]LogMaterial: Missing cached shader map for material SceneDepthWorldUnits, compiling. 
[2017.11.24-21.31.47:181][  0]LogMaterial: Missing cached shader map for material PreTonemapHDRColor, compiling. 
[2017.11.24-21.31.47:220][  0]LogMaterial: Missing cached shader map for material PostTonemapHDRColor, compiling. 
[2017.11.24-21.31.47:736][  0]SourceControl: Source control is disabled
[2017.11.24-21.31.47:736][  0]SourceControl: Source control is disabled
[2017.11.24-21.31.47:810][  0]SourceControl: Source control is disabled
[2017.11.24-21.31.47:879][  0]SourceControl: Source control is disabled
[2017.11.24-21.31.48:632][  0]LogMaterial: Missing cached shader map for material DefaultMediaPlaneMaterial, compiling. 
[2017.11.24-21.31.49:036][  0]LogAndroidPermission: UAndroidPermissionCallbackProxy::GetInstance
[2017.11.24-21.31.49:413][  0]LogOcInput: OculusInput pre-init called
[2017.11.24-21.31.49:836][  0]LogMaterial: Missing cached shader map for material HighResScreenshot, compiling. 
[2017.11.24-21.31.49:911][  0]LogMaterial: Missing cached shader map for material HighResScreenshotMask, compiling. 
[2017.11.24-21.31.49:960][  0]LogMaterial: Missing cached shader map for material HighResScreenshotCaptureRegion, compiling. 
[2017.11.24-21.31.50:036][  0]LogEngine: Initializing Engine...
[2017.11.24-21.31.50:040][  0]LogHMD: Failed to initialize OpenVR with code 110
[2017.11.24-21.31.50:062][  0]LogMaterial: Missing cached shader map for material WireframeMaterial, compiling. Is special engine material.
[2017.11.24-21.31.50:495][  0]LogMaterial: Missing cached shader map for material LevelColorationLitMaterial, compiling. Is special engine material.
[2017.11.24-21.31.51:677][  0]LogMaterial: Missing cached shader map for material LevelColorationUnlitMaterial, compiling. Is special engine material.
[2017.11.24-21.31.52:010][  0]LogMaterial: Missing cached shader map for material MAT_LevelColorationLitLightmapUV, compiling. Is special engine material.
[2017.11.24-21.31.53:362][  0]LogMaterial: Missing cached shader map for material ShadedLevelColorationLitMaterial, compiling. Is special engine material.
[2017.11.24-21.31.54:523][  0]LogMaterial: Missing cached shader map for material ShadedLevelColorationUnlitMateri, compiling. Is special engine material.
[2017.11.24-21.31.54:886][  0]LogMaterial: Missing cached shader map for material VertexColorMaterial, compiling. 
[2017.11.24-21.31.55:065][  0]LogMaterial: Missing cached shader map for material VertexColorViewMode_ColorOnly, compiling. 
[2017.11.24-21.31.55:105][  0]LogMaterial: Missing cached shader map for material VertexColorViewMode_AlphaAsColor, compiling. 
[2017.11.24-21.31.55:139][  0]LogMaterial: Missing cached shader map for material VertexColorViewMode_RedOnly, compiling. 
[2017.11.24-21.31.55:174][  0]LogMaterial: Missing cached shader map for material VertexColorViewMode_GreenOnly, compiling. 
[2017.11.24-21.31.55:208][  0]LogMaterial: Missing cached shader map for material VertexColorViewMode_BlueOnly, compiling. 
[2017.11.24-21.31.55:239][  0]LogMaterial: Missing cached shader map for material RemoveSurfaceMaterial, compiling. 
[2017.11.24-21.31.55:255][  0]LogMaterial: Missing cached shader map for material DebugMeshMaterial, compiling. 
[2017.11.24-21.31.55:287][  0]LogMaterial: Missing cached shader map for material M_InvalidLightmapSettings, compiling. 
[2017.11.24-21.31.55:369][  0]LogMaterial: Missing cached shader map for material GizmoMaterial, compiling. 
[2017.11.24-21.31.55:401][  0]LogMaterial: Missing cached shader map for material PhAT_JointLimitMaterial, compiling. 
[2017.11.24-21.31.55:445][  0]LogMaterial: Missing cached shader map for material GeomMaterial, compiling. 
[2017.11.24-21.31.55:472][  0]LogMaterial: Missing cached shader map for material EditorBrushMaterial, compiling. 
[2017.11.24-21.31.55:501][  0]LogMaterial: Missing cached shader map for material BoneWeightMaterial, compiling. 
[2017.11.24-21.31.55:687][  0]LogMaterial: Missing cached shader map for material ClothMaterial, compiling. 
[2017.11.24-21.31.55:718][  0]LogMaterial: Missing cached shader map for material ClothMaterial_WF, compiling. 
[2017.11.24-21.31.55:762][  0]LogMaterial: Missing cached shader map for material DebugEditorMaterial, compiling. 
[2017.11.24-21.31.55:789][  0]LogMaterial: Missing cached shader map for material PreviewShadowIndicatorMaterial, compiling. 
[2017.11.24-21.31.55:984][  0]LogStats: UGameplayTagsManager::ConstructGameplayTagTree: Construct from data asset -  0.000 s
[2017.11.24-21.31.55:984][  0]LogStats: UGameplayTagsManager::ConstructGameplayTagTree: GameplayTagTreeChangedEvent.Broadcast -  0.000 s
[2017.11.24-21.31.56:200][  0]LogAIModule: Creating AISystem for world Untitled
[2017.11.24-21.31.56:214][  0]LogInit: XAudio2 using 'Lautsprecher (2- High Definition Audio-Gerät)' : 2 channels at 44.1 kHz using 16 bits per sample (channel mask 0x3)
[2017.11.24-21.31.56:231][  0]LogInit: FAudioDevice initialized.
[2017.11.24-21.31.56:478][  0]LogDerivedDataCache: Saved boot cache 0.25s 82MB C:/Users/Korki/AppData/Local/UnrealEngine/4.18/DerivedDataCache/Boot.ddc.
[2017.11.24-21.31.56:496][  0]LogInit: Texture streaming: Enabled
[2017.11.24-21.31.56:655][  0]LogEngineSessionManager: EngineSessionManager initialized
[2017.11.24-21.31.56:857][  0]LogInit: Transaction tracking system initialized
[2017.11.24-21.31.57:354][  0]BlueprintLog: New page: Editor Load
[2017.11.24-21.31.58:737][  0]LocalizationService: Localization service is disabled
[2017.11.24-21.31.59:960][  0]LogConsoleResponse: Display: 
[2017.11.24-21.31.59:997][  0]LogMaterial: Missing cached shader map for material Cross_Mat, compiling. 
[2017.11.24-21.32.00:048][  0]LogMaterial: Missing cached shader map for material PhAT_BoneSelectedMaterial, compiling. 
[2017.11.24-21.32.00:083][  0]LogMaterial: Missing cached shader map for material PhAT_ElemSelectedMaterial, compiling. 
[2017.11.24-21.32.00:117][  0]LogMaterial: Missing cached shader map for material PhAT_NoCollisionMaterial, compiling. 
[2017.11.24-21.32.00:152][  0]LogMaterial: Missing cached shader map for material PhAT_UnselectedMaterial, compiling. 
[2017.11.24-21.32.00:207][  0]LogMaterial: Missing cached shader map for material Tick_Mat, compiling. 
[2017.11.24-21.32.00:273][  0]LogMaterial: Missing cached shader map for material WidgetGridVertexColorMaterial_Ma, compiling. 
[2017.11.24-21.32.00:312][  0]LogMaterial: Missing cached shader map for material WidgetMaterial, compiling. 
[2017.11.24-21.32.00:343][  0]LogMaterial: Missing cached shader map for material WidgetMaterial_Current, compiling. 
[2017.11.24-21.32.00:390][  0]LogMaterial: Missing cached shader map for material WidgetMaterial_X, compiling. 
[2017.11.24-21.32.00:419][  0]LogMaterial: Missing cached shader map for material WidgetMaterial_Y, compiling. 
[2017.11.24-21.32.00:449][  0]LogMaterial: Missing cached shader map for material WidgetMaterial_Z, compiling. 
[2017.11.24-21.32.00:480][  0]LogMaterial: Missing cached shader map for material WidgetVertexColorMaterial, compiling. 
[2017.11.24-21.32.00:567][  0]LogMaterial: Missing cached shader map for material LevelGridMaterial, compiling. 
[2017.11.24-21.32.00:662][  0]LogMaterial: Missing cached shader map for material BlinkingCaret, compiling. 
[2017.11.24-21.32.00:738][  0]LogMaterial: Missing cached shader map for material M_StreamingPause, compiling. 
[2017.11.24-21.32.00:789][  0]LogCook: Display: Max memory allowance for cook 16384mb min free memory 0mb
[2017.11.24-21.32.00:789][  0]LogCook: Display: Mobile HDR setting 1
[2017.11.24-21.32.00:789][  0]LogGameplayTags: Display: UGameplayTagsManager::DoneAddingNativeTags. DelegateIsBound: 0
[2017.11.24-21.32.01:265][  0]LogFileCache: Scanning file cache for directory 'C:/Users/Korki/Documents/GitHub/Hackvention2018/Content/' took 0.01s
[2017.11.24-21.32.02:586][  0]SourceControl: Source control is disabled
[2017.11.24-21.32.02:586][  0]Cmd: MAP LOAD FILE="../../../../../../Users/Korki/Documents/GitHub/Hackvention2018/Content/VirtualRealityBP/Maps/StartupMap.umap" TEMPLATE=0 SHOWPROGRESS=1 FEATURELEVEL=3
[2017.11.24-21.32.02:586][  0]LightingResults: New page: Lighting Build
[2017.11.24-21.32.02:661][  0]MapCheck: New page: Map Check
[2017.11.24-21.32.02:661][  0]LightingResults: New page: Lighting Build
[2017.11.24-21.32.02:861][  0]LogMaterial: Missing cached shader map for material M_ArcEndpoint, compiling. 
[2017.11.24-21.32.02:940][  0]LogMaterial: Missing cached shader map for material GenericHMDMaterial, compiling. 
[2017.11.24-21.32.03:043][  0]LogMaterial: Missing cached shader map for material M_BaseMaterial, compiling. 
[2017.11.24-21.32.03:163][  0]LogMaterial: Missing cached shader map for material M_TeleportPreviews, compiling. 
[2017.11.24-21.32.03:193][  0]LogMaterial: Missing cached shader map for material M_HandMat, compiling. 
[2017.11.24-21.32.03:302][  0]LogAIModule: Creating AISystem for world StartupMap
[2017.11.24-21.32.03:506][  0]LogEditorServer: Finished looking for orphan Actors (0.000 secs)
[2017.11.24-21.32.03:551][  0]Cmd: MAP CHECKDEP NOCLEARLOG
[2017.11.24-21.32.03:613][  0]MapCheck: Map check complete: 0 Error(s), 0 Warning(s), took 61.668ms to complete.
[2017.11.24-21.32.03:613][  0]LogFileHelpers: Loading map 'StartupMap' took 1.027
[2017.11.24-21.32.03:782][  0]LogCollectionManager: Loaded 0 collections in 0.001651 seconds
[2017.11.24-21.32.03:882][  0]LogFileCache: Scanning file cache for directory 'C:/Users/Korki/Documents/GitHub/Hackvention2018/Saved/Collections/' took 0.01s
[2017.11.24-21.32.03:882][  0]LogFileCache: Scanning file cache for directory 'C:/Users/Korki/Documents/GitHub/Hackvention2018/Content/Developers/Korki/Collections/' took 0.01s
[2017.11.24-21.32.03:882][  0]LogFileCache: Scanning file cache for directory 'C:/Users/Korki/Documents/GitHub/Hackvention2018/Content/Collections/' took 0.01s
[2017.11.24-21.32.03:882][  0]LogCollectionManager: Rebuilt the GUID cache for 0 collections in 0.000001 seconds
[2017.11.24-21.32.03:897][  0]LogContentBrowser: Native class hierarchy populated in 0.0145 seconds. Added 2363 classes and 519 folders.
[2017.11.24-21.32.03:989][  0]LogContentBrowser: Native class hierarchy updated for 'WidgetCarousel' in 0.0004 seconds. Added 0 classes and 0 folders.
[2017.11.24-21.32.04:039][  0]LogContentBrowser: Native class hierarchy updated for 'AddContentDialog' in 0.0004 seconds. Added 0 classes and 0 folders.
[2017.11.24-21.32.04:088][  0]LogContentBrowser: Native class hierarchy updated for 'SceneOutliner' in 0.0004 seconds. Added 1 classes and 2 folders.
[2017.11.24-21.32.04:119][  0]LogSlate: Took 0.000193 seconds to synchronously load lazily loaded font '../../../Engine/Content/Slate/Fonts/Roboto-Regular.ttf' (155K)
[2017.11.24-21.32.04:122][  0]LogSlate: Took 0.000249 seconds to synchronously load lazily loaded font '../../../Engine/Content/Slate/Fonts/Roboto-Bold.ttf' (160K)
[2017.11.24-21.32.04:130][  0]LogSlate: Took 0.000290 seconds to synchronously load lazily loaded font '../../../Engine/Content/Editor/Slate/Fonts/FontAwesome.ttf' (139K)
[2017.11.24-21.32.04:194][  0]LogMaterial: Missing cached shader map for material LevelGridMaterial2, compiling. 
[2017.11.24-21.32.04:321][  0]LogRenderer: Reallocating scene render targets to support 1208x572 Format 26 NumSamples 1 (Frame:1).
[2017.11.24-21.32.04:696][  0]LogContentBrowser: Native class hierarchy updated for 'HierarchicalLODOutliner' in 0.0004 seconds. Added 1 classes and 2 folders.
[2017.11.24-21.32.04:696][  0]LogLoad: (Engine Initialization) Total time: 87.09 seconds
[2017.11.24-21.32.04:696][  0]LogLoad: (Engine Initialization) Total Blueprint compile time: 0.00 seconds
[2017.11.24-21.32.04:696][  0]LogExternalProfiler: No external profilers were discovered.  External profiling features will not be available.
[2017.11.24-21.32.04:736][  0]LogContentStreaming: Texture pool size now 1000 MB
[2017.11.24-21.32.04:895][  2]LogAssetRegistry: Asset discovery search completed in 27.4288 seconds
[2017.11.24-21.32.04:903][  2]LogCollectionManager: Rebuilt the object cache for 0 collections in 0.000001 seconds (found 0 objects)
[2017.11.24-21.32.04:903][  2]LogCollectionManager: Fixed up redirectors for 0 collections in 0.000173 seconds (updated 0 objects)
[2017.11.24-21.32.08:834][225]LogSlate: Took 0.000186 seconds to synchronously load lazily loaded font '../../../Engine/Content/Slate/Fonts/Roboto-Light.ttf' (159K)
[2017.11.24-21.32.58:113][170]LogSlate: Took 0.000293 seconds to synchronously load lazily loaded font '../../../Engine/Content/Slate/Fonts/Roboto-Light.ttf' (159K)
[2017.11.24-21.32.58:648][170]LogMaterial: Missing cached shader map for material M_SplineArcMat, compiling. 
[2017.11.24-21.32.58:742][170]LogMaterial: Missing cached shader map for material M_Sky_Panning_Clouds2, compiling. 
[2017.11.24-21.32.58:917][170]LogMaterial: Missing cached shader map for material CubeMaterial, compiling. 
[2017.11.24-21.32.58:960][170]LogMaterial: Missing cached shader map for material M_Basic_Wall, compiling. 
[2017.11.24-21.32.59:005][170]LogStaticMesh: Building static mesh Shape_Sphere...
[2017.11.24-21.32.59:027][170]LogStaticMesh: Built static mesh [0.02s] /Game/StarterContent/Shapes/Shape_Sphere.Shape_Sphere
[2017.11.24-21.32.59:116][170]LogAIModule: Creating AISystem for world MotionControllerMap
[2017.11.24-21.32.59:151][170]Cmd: MAP LOAD FILE="../../../../../../Users/Korki/Documents/GitHub/Hackvention2018/Content/VirtualRealityBP/Maps/MotionControllerMap.umap" TEMPLATE=0 SHOWPROGRESS=1 FEATURELEVEL=3
[2017.11.24-21.32.59:151][170]LightingResults: New page: Lighting Build
[2017.11.24-21.32.59:152][170]LoadErrors: New page: Loading map: MotionControllerMap.umap
[2017.11.24-21.32.59:153][170]MapCheck: New page: Map Check
[2017.11.24-21.32.59:153][170]LightingResults: New page: Lighting Build
[2017.11.24-21.32.59:191][170]LogEditorServer: Finished looking for orphan Actors (0.000 secs)
[2017.11.24-21.32.59:235][170]Cmd: MAP CHECKDEP NOCLEARLOG
[2017.11.24-21.32.59:291][170]MapCheck: Map check complete: 0 Error(s), 0 Warning(s), took 56.479ms to complete.
[2017.11.24-21.32.59:291][170]LogFileHelpers: Loading map 'MotionControllerMap' took 0.141
[2017.11.24-21.33.14:202][ 51]LogBlueprintUserMessages: Early PlayInEditor Detection: Level '/Game/VirtualRealityBP/Maps/MotionControllerMap.MotionControllerMap:PersistentLevel' has LevelScriptBlueprint '/Game/VirtualRealityBP/Maps/MotionControllerMap.MotionControllerMap:PersistentLevel.MotionControllerMap' with GeneratedClass '/Game/VirtualRealityBP/Maps/MotionControllerMap.MotionControllerMap_C' with ClassGeneratedBy '/Game/VirtualRealityBP/Maps/MotionControllerMap.MotionControllerMap:PersistentLevel.MotionControllerMap'
[2017.11.24-21.33.14:203][ 51]LogPlayLevel: PlayLevel: No blueprints needed recompiling
[2017.11.24-21.33.14:203][ 51]PIE: New page: PIE session: MotionControllerMap (Nov 24, 2017, 11:33:14 PM)
[2017.11.24-21.33.14:203][ 51]LogPlayLevel: Creating play world package: /Game/VirtualRealityBP/Maps/UEDPIE_0_MotionControllerMap
[2017.11.24-21.33.14:209][ 51]LogPlayLevel: PIE: StaticDuplicateObject took: (0.005573s)
[2017.11.24-21.33.14:209][ 51]LogAIModule: Creating AISystem for world MotionControllerMap
[2017.11.24-21.33.14:210][ 51]LogPlayLevel: PIE: World Init took: (0.000699s)
[2017.11.24-21.33.14:210][ 51]LogPlayLevel: PIE: Created PIE world by copying editor world from /Game/VirtualRealityBP/Maps/MotionControllerMap.MotionControllerMap to /Game/VirtualRealityBP/Maps/UEDPIE_0_MotionControllerMap.MotionControllerMap (0.006619s)
[2017.11.24-21.33.14:229][ 51]LogInit: XAudio2 using 'Lautsprecher (2- High Definition Audio-Gerät)' : 2 channels at 44.1 kHz using 16 bits per sample (channel mask 0x3)
[2017.11.24-21.33.14:236][ 51]LogInit: FAudioDevice initialized.
[2017.11.24-21.33.14:283][ 51]LogUObjectGlobals: Warning: Failed to find object 'Class None.'
[2017.11.24-21.33.14:283][ 51]LogLoad: Game class is 'GameModeBase'
[2017.11.24-21.33.14:287][ 51]LogWorld: Bringing World /Game/VirtualRealityBP/Maps/UEDPIE_0_MotionControllerMap.MotionControllerMap up for play (max tick rate 60) at 2017.11.24-22.33.14
[2017.11.24-21.33.14:288][ 51]LogWorld: Bringing up level for play took: 0.002963
[2017.11.24-21.33.14:339][ 51]LogContentBrowser: Native class hierarchy updated for 'MovieSceneCapture' in 0.0003 seconds. Added 11 classes and 0 folders.
[2017.11.24-21.33.14:356][ 51]PIE: Play in editor start time for /Game/VirtualRealityBP/Maps/UEDPIE_0_MotionControllerMap 0.512
[2017.11.24-21.33.14:356][ 51]LogBlueprintUserMessages: Late PlayInEditor Detection: Level '/Game/VirtualRealityBP/Maps/MotionControllerMap.MotionControllerMap:PersistentLevel' has LevelScriptBlueprint '/Game/VirtualRealityBP/Maps/MotionControllerMap.MotionControllerMap:PersistentLevel.MotionControllerMap' with GeneratedClass '/Game/VirtualRealityBP/Maps/MotionControllerMap.MotionControllerMap_C' with ClassGeneratedBy '/Game/VirtualRealityBP/Maps/MotionControllerMap.MotionControllerMap:PersistentLevel.MotionControllerMap'
[2017.11.24-21.33.18:164][277]LogBlueprintUserMessages: Early EndPlayMap Detection: Level '/Game/VirtualRealityBP/Maps/MotionControllerMap.MotionControllerMap:PersistentLevel' has LevelScriptBlueprint '/Game/VirtualRealityBP/Maps/MotionControllerMap.MotionControllerMap:PersistentLevel.MotionControllerMap' with GeneratedClass '/Game/VirtualRealityBP/Maps/MotionControllerMap.MotionControllerMap_C' with ClassGeneratedBy '/Game/VirtualRealityBP/Maps/MotionControllerMap.MotionControllerMap:PersistentLevel.MotionControllerMap'
[2017.11.24-21.33.18:194][277]LogBlueprintUserMessages: Late EndPlayMap Detection: Level '/Game/VirtualRealityBP/Maps/MotionControllerMap.MotionControllerMap:PersistentLevel' has LevelScriptBlueprint '/Game/VirtualRealityBP/Maps/MotionControllerMap.MotionControllerMap:PersistentLevel.MotionControllerMap' with GeneratedClass '/Game/VirtualRealityBP/Maps/MotionControllerMap.MotionControllerMap_C' with ClassGeneratedBy '/Game/VirtualRealityBP/Maps/MotionControllerMap.MotionControllerMap:PersistentLevel.MotionControllerMap'
[2017.11.24-21.34.25:826][281]LogContentBrowser: Native class hierarchy updated for 'BlueprintGraph' in 0.0011 seconds. Added 116 classes and 0 folders.
[2017.11.24-21.34.26:847][281]LogMaterial: Missing cached shader map for material GridMaterial, compiling. 
[2017.11.24-21.34.26:886][281]LogSlate: Took 0.000183 seconds to synchronously load lazily loaded font '../../../Engine/Content/Slate/Fonts/Roboto-Regular.ttf' (155K)
[2017.11.24-21.34.26:929][281]LogMaterial: Missing cached shader map for material PersonaFloorMat, compiling. 
[2017.11.24-21.34.27:082][281]LogSlate: Took 0.003065 seconds to synchronously load lazily loaded font '../../../Engine/Content/Editor/Slate/Fonts/Roboto-BoldCondensed.ttf' (158K)
[2017.11.24-21.34.27:446][282]LogSlate: Took 0.000230 seconds to synchronously load lazily loaded font '../../../Engine/Content/Editor/Slate/Fonts/Roboto-Italic.ttf' (157K)
[2017.11.24-21.35.23:452][487]Cmd: QUIT_EDITOR
[2017.11.24-21.35.23:503][487]LogExit: Preparing to exit.
[2017.11.24-21.35.24:665][487]LogDirectoryWatcher: A directory notification for 'C:/Users/Korki/Documents/GitHub/Hackvention2018/Content/' was aborted.
[2017.11.24-21.35.24:726][487]LogExit: Editor shut down
[2017.11.24-21.35.24:731][487]LogExit: Transaction tracking system shut down
[2017.11.24-21.35.24:814][487]LogDirectoryWatcher: A directory notification for '../../../Engine/Content/' was aborted.
[2017.11.24-21.35.24:814][487]LogDirectoryWatcher: A directory notification for '../../../../../../Users/Korki/Documents/GitHub/Hackvention2018/Content/' was aborted.
[2017.11.24-21.35.24:814][487]LogDirectoryWatcher: A directory notification for '../../../Engine/Plugins/2D/Paper2D/Content/' was aborted.
[2017.11.24-21.35.24:814][487]LogDirectoryWatcher: A directory notification for '../../../Engine/Plugins/Media/MediaCompositing/Content/' was aborted.
[2017.11.24-21.35.24:814][487]LogDirectoryWatcher: A directory notification for '../../../Engine/Plugins/Runtime/AppleARKit/Content/' was aborted.
[2017.11.24-21.35.24:814][487]LogDirectoryWatcher: A directory notification for '../../../Engine/Plugins/Runtime/Oculus/OculusVR/Content/' was aborted.
[2017.11.24-21.35.24:814][487]LogDirectoryWatcher: A directory notification for '../../../Engine/Plugins/Runtime/Steam/SteamVR/Content/' was aborted.
[2017.11.24-21.35.24:981][487]LogExit: Object subsystem successfully closed.
[2017.11.24-21.35.24:996][487]LogD3D11RHI: Shutdown
[2017.11.24-21.35.24:996][487]LogD3D11RHI: CleanupD3DDevice
[2017.11.24-21.35.24:999][487]LogD3D11RHI: ~FD3D11DynamicRHI
[2017.11.24-21.35.25:013][487]LogModuleManager: Shutting down and abandoning module BlueprintGraph (552)
[2017.11.24-21.35.25:013][487]LogModuleManager: Shutting down and abandoning module MovieSceneCapture (550)
[2017.11.24-21.35.25:013][487]LogModuleManager: Shutting down and abandoning module HierarchicalLODOutliner (548)
[2017.11.24-21.35.25:013][487]LogModuleManager: Shutting down and abandoning module SceneOutliner (546)
[2017.11.24-21.35.25:013][487]LogModuleManager: Shutting down and abandoning module AddContentDialog (544)
[2017.11.24-21.35.25:014][487]LogDirectoryWatcher: A directory notification for 'C:/Program Files/Epic Games/UE_4.18/FeaturePacks/' was aborted.
[2017.11.24-21.35.25:015][487]LogModuleManager: Shutting down and abandoning module WidgetCarousel (543)
[2017.11.24-21.35.25:015][487]LogModuleManager: Shutting down and abandoning module EditorWidgets (540)
[2017.11.24-21.35.25:015][487]LogModuleManager: Shutting down and abandoning module CollectionManager (538)
[2017.11.24-21.35.25:015][487]LogDirectoryWatcher: A directory notification for 'C:/Users/Korki/Documents/GitHub/Hackvention2018/Content/Collections/' was aborted.
[2017.11.24-21.35.25:015][487]LogDirectoryWatcher: A directory notification for 'C:/Users/Korki/Documents/GitHub/Hackvention2018/Content/Developers/Korki/Collections/' was aborted.
[2017.11.24-21.35.25:015][487]LogDirectoryWatcher: A directory notification for 'C:/Users/Korki/Documents/GitHub/Hackvention2018/Saved/Collections/' was aborted.
[2017.11.24-21.35.25:015][487]LogModuleManager: Shutting down and abandoning module StatsViewer (536)
[2017.11.24-21.35.25:016][487]LogModuleManager: Shutting down and abandoning module FoliageEdit (534)
[2017.11.24-21.35.25:016][487]LogModuleManager: Shutting down and abandoning module LandscapeEditor (532)
[2017.11.24-21.35.25:016][487]LogModuleManager: Shutting down and abandoning module MeshPaintMode (530)
[2017.11.24-21.35.25:016][487]LogModuleManager: Shutting down and abandoning module SceneDepthPickerMode (528)
[2017.11.24-21.35.25:016][487]LogModuleManager: Shutting down and abandoning module ActorPickerMode (526)
[2017.11.24-21.35.25:016][487]LogModuleManager: Shutting down and abandoning module GeometryMode (524)
[2017.11.24-21.35.25:016][487]LogModuleManager: Shutting down and abandoning module TextureAlignMode (522)
[2017.11.24-21.35.25:016][487]LogModuleManager: Shutting down and abandoning module BspMode (520)
[2017.11.24-21.35.25:016][487]LogModuleManager: Shutting down and abandoning module PIEPreviewDeviceProfileSelector (518)
[2017.11.24-21.35.25:016][487]LogModuleManager: Shutting down and abandoning module HardwareSurvey (516)
[2017.11.24-21.35.25:016][487]LogModuleManager: Shutting down and abandoning module SequenceRecorderSections (514)
[2017.11.24-21.35.25:016][487]LogModuleManager: Shutting down and abandoning module AutomationWorker (512)
[2017.11.24-21.35.25:016][487]LogModuleManager: Shutting down and abandoning module MatineeToLevelSequence (510)
[2017.11.24-21.35.25:016][487]LogModuleManager: Shutting down and abandoning module LevelSequenceEditor (508)
[2017.11.24-21.35.25:016][487]LogModuleManager: Shutting down and abandoning module PlacementMode (507)
[2017.11.24-21.35.25:016][487]LogModuleManager: Shutting down and abandoning module WmfMediaFactory (504)
[2017.11.24-21.35.25:016][487]LogModuleManager: Shutting down and abandoning module WmfMediaEditor (502)
[2017.11.24-21.35.25:016][487]LogModuleManager: Shutting down and abandoning module OpenExrWrapper (500)
[2017.11.24-21.35.25:016][487]LogModuleManager: Shutting down and abandoning module ImgMediaFactory (498)
[2017.11.24-21.35.25:016][487]LogModuleManager: Shutting down and abandoning module ImgMediaEditor (496)
[2017.11.24-21.35.25:016][487]LogModuleManager: Shutting down and abandoning module AvfMediaFactory (494)
[2017.11.24-21.35.25:016][487]LogModuleManager: Shutting down and abandoning module AvfMediaEditor (492)
[2017.11.24-21.35.25:016][487]LogModuleManager: Shutting down and abandoning module AndroidMediaFactory (490)
[2017.11.24-21.35.25:016][487]LogModuleManager: Shutting down and abandoning module AndroidMediaEditor (488)
[2017.11.24-21.35.25:016][487]LogModuleManager: Shutting down and abandoning module CharacterAI (486)
[2017.11.24-21.35.25:016][487]LogModuleManager: Shutting down and abandoning module AudioCapture (484)
[2017.11.24-21.35.25:016][487]LogModuleManager: Shutting down and abandoning module SequenceRecorder (483)
[2017.11.24-21.35.25:016][487]LogModuleManager: Shutting down and abandoning module SmartSnapping (480)
[2017.11.24-21.35.25:016][487]LogModuleManager: Shutting down and abandoning module SessionServices (478)
[2017.11.24-21.35.25:016][487]LogModuleManager: Shutting down and abandoning module ViewportSnapping (476)
[2017.11.24-21.35.25:016][487]LogModuleManager: Shutting down and abandoning module ViewportInteraction (474)
[2017.11.24-21.35.25:016][487]LogModuleManager: Shutting down and abandoning module ClothPainter (472)
[2017.11.24-21.35.25:016][487]LogModuleManager: Shutting down and abandoning module SkeletalMeshEditor (471)
[2017.11.24-21.35.25:017][487]LogModuleManager: Shutting down and abandoning module LogVisualizer (468)
[2017.11.24-21.35.25:017][487]LogModuleManager: Shutting down and abandoning module IntroTutorials (466)
[2017.11.24-21.35.25:017][487]LogModuleManager: Shutting down and abandoning module GameProjectGeneration (465)
[2017.11.24-21.35.25:017][487]LogModuleManager: Shutting down and abandoning module IOSPlatformEditor (462)
[2017.11.24-21.35.25:017][487]LogModuleManager: Shutting down and abandoning module HTML5PlatformEditor (460)
[2017.11.24-21.35.25:017][487]LogModuleManager: Shutting down and abandoning module AndroidPlatformEditor (458)
[2017.11.24-21.35.25:017][487]LogModuleManager: Shutting down and abandoning module AndroidDeviceDetection (457)
[2017.11.24-21.35.25:342][487]LogModuleManager: Shutting down and abandoning module WindowsPlatformEditor (454)
[2017.11.24-21.35.25:342][487]LogModuleManager: Shutting down and abandoning module IOSRuntimeSettings (452)
[2017.11.24-21.35.25:342][487]LogModuleManager: Shutting down and abandoning module AndroidRuntimeSettings (450)
[2017.11.24-21.35.25:342][487]LogModuleManager: Shutting down and abandoning module InputBindingEditor (448)
[2017.11.24-21.35.25:342][487]LogModuleManager: Shutting down and abandoning module MergeActors (446)
[2017.11.24-21.35.25:342][487]LogModuleManager: Shutting down and abandoning module SizeMap (444)
[2017.11.24-21.35.25:342][487]LogModuleManager: Shutting down and abandoning module TreeMap (442)
[2017.11.24-21.35.25:342][487]LogModuleManager: Shutting down and abandoning module ReferenceViewer (440)
[2017.11.24-21.35.25:342][487]LogModuleManager: Shutting down and abandoning module LocalizationDashboard (438)
[2017.11.24-21.35.25:342][487]LogModuleManager: Shutting down and abandoning module LocalizationService (437)
[2017.11.24-21.35.25:342][487]LogModuleManager: Shutting down and abandoning module HardwareTargeting (434)
[2017.11.24-21.35.25:342][487]LogModuleManager: Shutting down and abandoning module DeviceProfileEditor (432)
[2017.11.24-21.35.25:342][487]LogModuleManager: Shutting down and abandoning module UndoHistory (430)
[2017.11.24-21.35.25:342][487]LogModuleManager: Shutting down and abandoning module XmlParser (428)
[2017.11.24-21.35.25:342][487]LogModuleManager: Shutting down and abandoning module Blutility (426)
[2017.11.24-21.35.25:342][487]LogModuleManager: Shutting down and abandoning module ProjectSettingsViewer (424)
[2017.11.24-21.35.25:342][487]LogModuleManager: Shutting down and abandoning module ProjectTargetPlatformEditor (423)
[2017.11.24-21.35.25:343][487]LogModuleManager: Shutting down and abandoning module EditorSettingsViewer (420)
[2017.11.24-21.35.25:343][487]LogModuleManager: Shutting down and abandoning module SettingsEditor (418)
[2017.11.24-21.35.25:343][487]LogModuleManager: Shutting down and abandoning module ProjectLauncher (416)
[2017.11.24-21.35.25:343][487]LogModuleManager: Shutting down and abandoning module SessionFrontend (414)
[2017.11.24-21.35.25:343][487]LogModuleManager: Shutting down and abandoning module ProfilerClient (412)
[2017.11.24-21.35.25:343][487]LogModuleManager: Shutting down and abandoning module DeviceManager (410)
[2017.11.24-21.35.25:343][487]LogModuleManager: Shutting down and abandoning module TargetDeviceServices (409)
[2017.11.24-21.35.25:383][487]LogModuleManager: Shutting down and abandoning module AutomationController (406)
[2017.11.24-21.35.25:383][487]LogModuleManager: Shutting down and abandoning module AutomationWindow (404)
[2017.11.24-21.35.25:383][487]LogModuleManager: Shutting down and abandoning module Layers (402)
[2017.11.24-21.35.25:383][487]LogModuleManager: Shutting down and abandoning module ComponentVisualizers (400)
[2017.11.24-21.35.25:383][487]LogModuleManager: Shutting down and abandoning module DetailCustomizations (398)
[2017.11.24-21.35.25:383][487]LogModuleManager: Shutting down and abandoning module PackagesDialog (396)
[2017.11.24-21.35.25:383][487]LogModuleManager: Shutting down and abandoning module Persona (394)
[2017.11.24-21.35.25:383][487]LogModuleManager: Shutting down and abandoning module AdvancedPreviewScene (393)
[2017.11.24-21.35.25:383][487]LogModuleManager: Shutting down and abandoning module AnimGraph (391)
[2017.11.24-21.35.25:383][487]LogModuleManager: Shutting down and abandoning module Kismet (388)
[2017.11.24-21.35.25:390][487]LogModuleManager: Shutting down and abandoning module ClassViewer (386)
[2017.11.24-21.35.25:390][487]LogModuleManager: Shutting down and abandoning module Toolbox (384)
[2017.11.24-21.35.25:390][487]LogModuleManager: Shutting down and abandoning module ModuleUI (382)
[2017.11.24-21.35.25:390][487]LogModuleManager: Shutting down and abandoning module MovieSceneTools (380)
[2017.11.24-21.35.25:390][487]LogModuleManager: Shutting down and abandoning module OutputLog (378)
[2017.11.24-21.35.25:390][487]LogModuleManager: Shutting down and abandoning module GammaUI (376)
[2017.11.24-21.35.25:390][487]LogModuleManager: Shutting down and abandoning module Documentation (374)
[2017.11.24-21.35.25:390][487]LogModuleManager: Shutting down and abandoning module MovieSceneTracks (372)
[2017.11.24-21.35.25:390][487]LogModuleManager: Shutting down and abandoning module MovieScene (370)
[2017.11.24-21.35.25:390][487]LogModuleManager: Shutting down and abandoning module StreamingPauseRendering (368)
[2017.11.24-21.35.25:390][487]LogModuleManager: Shutting down and abandoning module LauncherPlatform (366)
[2017.11.24-21.35.25:390][487]LogModuleManager: Shutting down and abandoning module AnalyticsET (364)
[2017.11.24-21.35.25:390][487]LogModuleManager: Shutting down and abandoning module PortalServices (362)
[2017.11.24-21.35.25:390][487]LogModuleManager: Shutting down and abandoning module PortalRpc (360)
[2017.11.24-21.35.25:390][487]LogModuleManager: Shutting down and abandoning module MessagingRpc (358)
[2017.11.24-21.35.25:390][487]LogModuleManager: Shutting down and abandoning module AIModule (356)
[2017.11.24-21.35.25:390][487]LogModuleManager: Shutting down and abandoning module GameplayDebugger (355)
[2017.11.24-21.35.25:390][487]LogModuleManager: Shutting down and abandoning module AITestSuite (353)
[2017.11.24-21.35.25:390][487]LogModuleManager: Shutting down and abandoning module DesktopPlatform (350)
[2017.11.24-21.35.25:390][487]LogModuleManager: Shutting down and abandoning module ProfilerService (348)
[2017.11.24-21.35.25:402][487]LogModuleManager: Shutting down and abandoning module TaskGraph (346)
[2017.11.24-21.35.25:402][487]LogModuleManager: Shutting down and abandoning module SteamVRController (344)
[2017.11.24-21.35.25:402][487]LogModuleManager: Shutting down and abandoning module ProceduralMeshComponentEditor (342)
[2017.11.24-21.35.25:402][487]LogModuleManager: Shutting down and abandoning module ProceduralMeshComponent (340)
[2017.11.24-21.35.25:402][487]LogModuleManager: Shutting down and abandoning module OculusInput (338)
[2017.11.24-21.35.25:402][487]LogModuleManager: Shutting down and abandoning module MobilePatchingUtils (336)
[2017.11.24-21.35.25:402][487]LogModuleManager: Shutting down and abandoning module CustomMeshComponent (334)
[2017.11.24-21.35.25:402][487]LogModuleManager: Shutting down and abandoning module CableComponent (332)
[2017.11.24-21.35.25:402][487]LogModuleManager: Shutting down and abandoning module ArchVisCharacter (330)
[2017.11.24-21.35.25:402][487]LogModuleManager: Shutting down and abandoning module AndroidPermission (328)
[2017.11.24-21.35.25:402][487]LogModuleManager: Shutting down and abandoning module ActorSequence (324)
[2017.11.24-21.35.25:402][487]LogModuleManager: Shutting down and abandoning module MediaPlayerEditor (322)
[2017.11.24-21.35.25:402][487]LogModuleManager: Shutting down and abandoning module MediaCompositingEditor (320)
[2017.11.24-21.35.25:402][487]LogModuleManager: Shutting down and abandoning module MediaCompositing (318)
[2017.11.24-21.35.25:402][487]LogModuleManager: Shutting down and abandoning module HTML5Networking (316)
[2017.11.24-21.35.25:403][487]LogModuleManager: Shutting down and abandoning module AlembicImporter (314)
[2017.11.24-21.35.25:403][487]LogModuleManager: Shutting down and abandoning module AlembicLibrary (313)
[2017.11.24-21.35.25:403][487]LogModuleManager: Shutting down and abandoning module GeometryCache (312)
[2017.11.24-21.35.25:403][487]LogModuleManager: Shutting down and abandoning module GeometryCacheEd (311)
[2017.11.24-21.35.25:403][487]LogModuleManager: Shutting down and abandoning module SpeedTreeImporter (306)
[2017.11.24-21.35.25:403][487]LogModuleManager: Shutting down and abandoning module PluginBrowser (304)
[2017.11.24-21.35.25:403][487]LogModuleManager: Shutting down and abandoning module MobileLauncherProfileWizard (302)
[2017.11.24-21.35.25:403][487]LogModuleManager: Shutting down and abandoning module VisualStudioSourceCodeAccess (300)
[2017.11.24-21.35.25:403][487]LogModuleManager: Shutting down and abandoning module VisualStudioCodeSourceCodeAccess (298)
[2017.11.24-21.35.25:403][487]LogModuleManager: Shutting down and abandoning module UObjectPlugin (296)
[2017.11.24-21.35.25:403][487]LogModuleManager: Shutting down and abandoning module SubversionSourceControl (294)
[2017.11.24-21.35.25:403][487]LogModuleManager: Shutting down and abandoning module PerforceSourceControl (292)
[2017.11.24-21.35.25:403][487]LogModuleManager: Shutting down and abandoning module GitSourceControl (290)
[2017.11.24-21.35.25:403][487]LogModuleManager: Shutting down and abandoning module SourceControl (289)
[2017.11.24-21.35.25:403][487]LogModuleManager: Shutting down and abandoning module LightPropagationVolumeEditor (286)
[2017.11.24-21.35.25:403][487]LogModuleManager: Shutting down and abandoning module PaperTiledImporter (284)
[2017.11.24-21.35.25:403][487]LogModuleManager: Shutting down and abandoning module PaperSpriteSheetImporter (282)
[2017.11.24-21.35.25:403][487]LogModuleManager: Shutting down and abandoning module Paper2DEditor (280)
[2017.11.24-21.35.25:403][487]LogModuleManager: Shutting down and abandoning module MeshPaint (279)
[2017.11.24-21.35.25:403][487]LogModuleManager: Shutting down and abandoning module LevelEditor (277)
[2017.11.24-21.35.25:404][487]LogModuleManager: Shutting down and abandoning module PixelInspectorModule (276)
[2017.11.24-21.35.25:404][487]LogModuleManager: Shutting down and abandoning module MainFrame (274)
[2017.11.24-21.35.25:404][487]LogModuleManager: Shutting down and abandoning module HotReload (273)
[2017.11.24-21.35.25:404][487]LogModuleManager: Shutting down and abandoning module RuntimePhysXCooking (268)
[2017.11.24-21.35.25:404][487]LogModuleManager: Shutting down and abandoning module PhysXVehiclesEditor (266)
[2017.11.24-21.35.25:404][487]LogModuleManager: Shutting down and abandoning module PhysXVehicles (264)
[2017.11.24-21.35.25:404][487]LogModuleManager: Shutting down and abandoning module OculusEditor (262)
[2017.11.24-21.35.25:404][487]LogModuleManager: Shutting down and abandoning module LocationServicesBPLibrary (260)
[2017.11.24-21.35.25:404][487]LogModuleManager: Shutting down and abandoning module ImmediatePhysicsEditor (258)
[2017.11.24-21.35.25:404][487]LogModuleManager: Shutting down and abandoning module ImmediatePhysics (256)
[2017.11.24-21.35.25:404][487]LogModuleManager: Shutting down and abandoning module UdpMessaging (254)
[2017.11.24-21.35.25:504][487]LogModuleManager: Shutting down and abandoning module TcpMessaging (252)
[2017.11.24-21.35.25:615][487]LogModuleManager: Shutting down and abandoning module GameplayTagsEditor (250)
[2017.11.24-21.35.25:615][487]LogModuleManager: Shutting down and abandoning module FacialAnimationEditor (248)
[2017.11.24-21.35.25:615][487]LogModuleManager: Shutting down and abandoning module FacialAnimation (246)
[2017.11.24-21.35.25:615][487]LogModuleManager: Shutting down and abandoning module AssetManagerEditor (244)
[2017.11.24-21.35.25:615][487]LogModuleManager: Shutting down and abandoning module GraphEditor (243)
[2017.11.24-21.35.25:615][487]LogModuleManager: Shutting down and abandoning module ContentBrowser (241)
[2017.11.24-21.35.25:616][487]LogModuleManager: Shutting down and abandoning module LightPropagationVolumeRuntime (238)
[2017.11.24-21.35.25:616][487]LogModuleManager: Shutting down and abandoning module Paper2D (236)
[2017.11.24-21.35.25:616][487]LogModuleManager: Shutting down and abandoning module WindowsMoviePlayer (234)
[2017.11.24-21.35.25:616][487]LogModuleManager: Shutting down and abandoning module WmfMedia (232)
[2017.11.24-21.35.25:617][487]LogModuleManager: Shutting down and abandoning module ImgMedia (230)
[2017.11.24-21.35.25:617][487]LogModuleManager: Shutting down and abandoning module PacketHandler (228)
[2017.11.24-21.35.25:617][487]LogModuleManager: Shutting down and abandoning module ClothingSystemEditor (226)
[2017.11.24-21.35.25:617][487]LogModuleManager: Shutting down and abandoning module ClothingSystemRuntime (224)
[2017.11.24-21.35.25:617][487]LogModuleManager: Shutting down and abandoning module MediaAssets (222)
[2017.11.24-21.35.25:617][487]LogModuleManager: Shutting down and abandoning module Media (221)
[2017.11.24-21.35.25:622][487]LogModuleManager: Shutting down and abandoning module Overlay (218)
[2017.11.24-21.35.25:622][487]LogModuleManager: Shutting down and abandoning module OverlayEditor (217)
[2017.11.24-21.35.25:622][487]LogModuleManager: Shutting down and abandoning module VREditor (214)
[2017.11.24-21.35.25:622][487]LogModuleManager: Shutting down and abandoning module StringTableEditor (212)
[2017.11.24-21.35.25:622][487]LogModuleManager: Shutting down and abandoning module GameplayTasksEditor (210)
[2017.11.24-21.35.25:622][487]LogModuleManager: Shutting down and abandoning module BehaviorTreeEditor (208)
[2017.11.24-21.35.25:622][487]LogModuleManager: Shutting down and abandoning module FunctionalTesting (206)
[2017.11.24-21.35.25:622][487]LogModuleManager: Shutting down and abandoning module CollisionAnalyzer (204)
[2017.11.24-21.35.25:622][487]LogModuleManager: Shutting down and abandoning module WorkspaceMenuStructure (203)
[2017.11.24-21.35.25:622][487]LogModuleManager: Shutting down and abandoning module UMG (200)
[2017.11.24-21.35.25:622][487]LogModuleManager: Shutting down and abandoning module UMGEditor (199)
[2017.11.24-21.35.25:623][487]LogModuleManager: Shutting down and abandoning module Sequencer (198)
[2017.11.24-21.35.25:623][487]LogModuleManager: Shutting down and abandoning module MessageLog (195)
[2017.11.24-21.35.25:623][487]LogModuleManager: Shutting down and abandoning module SlateReflector (190)
[2017.11.24-21.35.25:623][487]LogModuleManager: Shutting down and abandoning module Slate (188)
[2017.11.24-21.35.25:623][487]LogModuleManager: Shutting down and abandoning module EditorStyle (186)
[2017.11.24-21.35.25:625][487]LogModuleManager: Shutting down and abandoning module MRMesh (184)
[2017.11.24-21.35.25:625][487]LogModuleManager: Shutting down and abandoning module SourceCodeAccess (182)
[2017.11.24-21.35.25:625][487]LogModuleManager: Shutting down and abandoning module HeadMountedDisplay (180)
[2017.11.24-21.35.25:625][487]LogModuleManager: Shutting down and abandoning module XAudio2 (178)
[2017.11.24-21.35.25:625][487]LogModuleManager: Shutting down and abandoning module Networking (176)
[2017.11.24-21.35.25:625][487]LogModuleManager: Shutting down and abandoning module Core (172)
[2017.11.24-21.35.25:625][487]LogModuleManager: Shutting down and abandoning module LevelSequence (168)
[2017.11.24-21.35.25:625][487]LogModuleManager: Shutting down and abandoning module DirectoryWatcher (166)
[2017.11.24-21.35.25:625][487]LogModuleManager: Shutting down and abandoning module KismetCompiler (164)
[2017.11.24-21.35.25:625][487]LogModuleManager: Shutting down and abandoning module MeshUtilities (162)
[2017.11.24-21.35.25:625][487]LogModuleManager: Shutting down and abandoning module MeshMergeUtilities (161)
[2017.11.24-21.35.25:625][487]LogModuleManager: Shutting down and abandoning module MeshReductionInterface (160)
[2017.11.24-21.35.25:625][487]LogModuleManager: Shutting down and abandoning module SimplygonSwarm (159)
[2017.11.24-21.35.25:625][487]LogModuleManager: Shutting down and abandoning module SimplygonMeshReduction (157)
[2017.11.24-21.35.25:625][487]LogModuleManager: Shutting down and abandoning module QuadricMeshReduction (155)
[2017.11.24-21.35.25:625][487]LogModuleManager: Shutting down and abandoning module MaterialBaking (151)
[2017.11.24-21.35.25:626][487]LogModuleManager: Shutting down and abandoning module DerivedDataCache (148)
[2017.11.24-21.35.25:664][487]LogDerivedDataCache: Shutdown
[2017.11.24-21.35.25:664][487]LogModuleManager: Shutting down and abandoning module TargetPlatform (146)
[2017.11.24-21.35.25:664][487]LogModuleManager: Shutting down and abandoning module VulkanShaderFormat (145)
[2017.11.24-21.35.25:664][487]LogModuleManager: Shutting down and abandoning module ShaderFormatVectorVM (143)
[2017.11.24-21.35.25:664][487]LogModuleManager: Shutting down and abandoning module ShaderFormatOpenGL (141)
[2017.11.24-21.35.25:664][487]LogModuleManager: Shutting down and abandoning module ShaderFormatD3D (139)
[2017.11.24-21.35.25:664][487]LogModuleManager: Shutting down and abandoning module MetalShaderFormat (137)
[2017.11.24-21.35.25:664][487]LogModuleManager: Shutting down and abandoning module TextureFormatUncompressed (135)
[2017.11.24-21.35.25:664][487]LogModuleManager: Shutting down and abandoning module TextureFormatPVR (133)
[2017.11.24-21.35.25:664][487]LogModuleManager: Shutting down and abandoning module TextureFormatDXT (131)
[2017.11.24-21.35.25:664][487]LogModuleManager: Shutting down and abandoning module TextureFormatIntelISPCTexComp (129)
[2017.11.24-21.35.25:664][487]LogModuleManager: Shutting down and abandoning module TextureFormatASTC (127)
[2017.11.24-21.35.25:664][487]LogModuleManager: Shutting down and abandoning module ImageWrapper (126)
[2017.11.24-21.35.25:664][487]LogModuleManager: Shutting down and abandoning module TextureFormatAndroid (123)
[2017.11.24-21.35.25:664][487]LogModuleManager: Shutting down and abandoning module AudioFormatOpus (121)
[2017.11.24-21.35.25:664][487]LogModuleManager: Shutting down and abandoning module AudioFormatOgg (119)
[2017.11.24-21.35.25:664][487]LogModuleManager: Shutting down and abandoning module AudioFormatADPCM (117)
[2017.11.24-21.35.25:664][487]LogModuleManager: Shutting down and abandoning module LinuxTargetPlatform (115)
[2017.11.24-21.35.25:664][487]LogModuleManager: Shutting down and abandoning module LinuxServerTargetPlatform (113)
[2017.11.24-21.35.25:664][487]LogModuleManager: Shutting down and abandoning module LinuxNoEditorTargetPlatform (111)
[2017.11.24-21.35.25:664][487]LogModuleManager: Shutting down and abandoning module LinuxClientTargetPlatform (109)
[2017.11.24-21.35.25:664][487]LogModuleManager: Shutting down and abandoning module TVOSTargetPlatform (107)
[2017.11.24-21.35.25:664][487]LogModuleManager: Shutting down and abandoning module Messaging (105)
[2017.11.24-21.35.25:664][487]LogModuleManager: Shutting down and abandoning module IOSTargetPlatform (103)
[2017.11.24-21.35.25:664][487]LogModuleManager: Shutting down and abandoning module HTML5TargetPlatform (101)
[2017.11.24-21.35.25:664][487]LogModuleManager: Shutting down and abandoning module AndroidTargetPlatform (99)
[2017.11.24-21.35.25:665][487]LogModuleManager: Shutting down and abandoning module Android_PVRTCTargetPlatform (97)
[2017.11.24-21.35.25:665][487]LogModuleManager: Shutting down and abandoning module Android_MultiTargetPlatform (95)
[2017.11.24-21.35.25:665][487]LogModuleManager: Shutting down and abandoning module Android_ETC2TargetPlatform (93)
[2017.11.24-21.35.25:665][487]LogModuleManager: Shutting down and abandoning module Android_ETC1TargetPlatform (91)
[2017.11.24-21.35.25:665][487]LogModuleManager: Shutting down and abandoning module Android_DXTTargetPlatform (89)
[2017.11.24-21.35.25:665][487]LogModuleManager: Shutting down and abandoning module Android_ATCTargetPlatform (87)
[2017.11.24-21.35.25:665][487]LogModuleManager: Shutting down and abandoning module Android_ASTCTargetPlatform (85)
[2017.11.24-21.35.25:665][487]LogModuleManager: Shutting down and abandoning module WindowsTargetPlatform (83)
[2017.11.24-21.35.25:665][487]LogModuleManager: Shutting down and abandoning module WindowsServerTargetPlatform (81)
[2017.11.24-21.35.25:665][487]LogModuleManager: Shutting down and abandoning module WindowsNoEditorTargetPlatform (79)
[2017.11.24-21.35.25:665][487]LogModuleManager: Shutting down and abandoning module WindowsClientTargetPlatform (77)
[2017.11.24-21.35.25:665][487]LogModuleManager: Shutting down and abandoning module MacTargetPlatform (75)
[2017.11.24-21.35.25:665][487]LogModuleManager: Shutting down and abandoning module MacServerTargetPlatform (73)
[2017.11.24-21.35.25:665][487]LogModuleManager: Shutting down and abandoning module MacNoEditorTargetPlatform (71)
[2017.11.24-21.35.25:665][487]LogModuleManager: Shutting down and abandoning module MacClientTargetPlatform (69)
[2017.11.24-21.35.25:665][487]LogModuleManager: Shutting down and abandoning module AllDesktopTargetPlatform (67)
[2017.11.24-21.35.25:665][487]LogModuleManager: Shutting down and abandoning module InputCore (64)
[2017.11.24-21.35.25:665][487]LogModuleManager: Shutting down and abandoning module Settings (62)
[2017.11.24-21.35.25:665][487]LogModuleManager: Shutting down and abandoning module PhysXCooking (60)
[2017.11.24-21.35.25:665][487]LogModuleManager: Shutting down and abandoning module SteamVR (58)
[2017.11.24-21.35.25:665][487]LogModuleManager: Shutting down and abandoning module OculusHMD (56)
[2017.11.24-21.35.25:665][487]LogModuleManager: Shutting down and abandoning module ExampleDeviceProfileSelector (54)
[2017.11.24-21.35.25:665][487]LogModuleManager: Shutting down and abandoning module AppleARKit (52)
[2017.11.24-21.35.25:665][487]LogModuleManager: Shutting down and abandoning module AugmentedReality (51)
[2017.11.24-21.35.25:665][487]LogModuleManager: Shutting down and abandoning module OnlineBlueprintSupport (48)
[2017.11.24-21.35.25:665][487]LogModuleManager: Shutting down and abandoning module OnlineSubsystem (44)
[2017.11.24-21.35.25:665][487]LogModuleManager: Shutting down and abandoning module XMPP (43)
[2017.11.24-21.35.25:665][487]LogModuleManager: Shutting down and abandoning module HTTP (41)
[2017.11.24-21.35.25:665][487]LogHttp: Display: Http module shutting down, but needs to wait on 1 outstanding Http requests:
[2017.11.24-21.35.25:665][487]LogHttp: Display: 	verb=[POST] url=[https://datarouter.ol.epicgames.com/datarouter/api/v1/public/data?SessionID=%7BC4DDE1B9-4757-9998-3F16-1F85AA60B8C6%7D&AppID=UEEditor.Rocket.Release&AppVersion=4.18.1-3754814%2B%2B%2BUE4%2BRelease-4.18&UserID=19fadf5d4729b0c93c51198c572b06f4%7C4449d7ab0afb452f8e7c5ca62a1d13b5%7Ccf544bd5-6d9b-464a-97e6-a8118070e01c&AppEnvironment=datacollector-binary&UploadType=eteventstream] status=Processing
[2017.11.24-21.35.25:674][487]LogModuleManager: Shutting down and abandoning module SSL (40)
[2017.11.24-21.35.25:676][487]LogModuleManager: Shutting down and abandoning module AnimationModifiers (36)
[2017.11.24-21.35.25:676][487]LogModuleManager: Shutting down and abandoning module PropertyEditor (35)
[2017.11.24-21.35.25:676][487]LogModuleManager: Shutting down and abandoning module AudioEditor (32)
[2017.11.24-21.35.25:676][487]LogModuleManager: Shutting down and abandoning module TextureCompressor (30)
[2017.11.24-21.35.25:676][487]LogModuleManager: Shutting down and abandoning module ShaderCore (28)
[2017.11.24-21.35.25:676][487]LogModuleManager: Shutting down and abandoning module Landscape (26)
[2017.11.24-21.35.25:676][487]LogModuleManager: Shutting down and abandoning module SlateRHIRenderer (24)
[2017.11.24-21.35.25:677][487]LogModuleManager: Shutting down and abandoning module OpenGLDrv (22)
[2017.11.24-21.35.25:677][487]LogModuleManager: Shutting down and abandoning module D3D11RHI (20)
[2017.11.24-21.35.25:677][487]LogModuleManager: Shutting down and abandoning module AnimGraphRuntime (18)
[2017.11.24-21.35.25:677][487]LogModuleManager: Shutting down and abandoning module Renderer (16)
[2017.11.24-21.35.25:677][487]LogModuleManager: Shutting down and abandoning module Engine (14)
[2017.11.24-21.35.25:677][487]LogModuleManager: Shutting down and abandoning module CoreUObject (12)
[2017.11.24-21.35.25:677][487]LogModuleManager: Shutting down and abandoning module NetworkFile (10)
[2017.11.24-21.35.25:677][487]LogModuleManager: Shutting down and abandoning module CookedIterativeFile (8)
[2017.11.24-21.35.25:677][487]LogModuleManager: Shutting down and abandoning module StreamingFile (6)
[2017.11.24-21.35.25:677][487]LogModuleManager: Shutting down and abandoning module SandboxFile (4)
[2017.11.24-21.35.25:677][487]LogModuleManager: Shutting down and abandoning module PakFile (2)
[2017.11.24-21.35.25:679][487]LogExit: Exiting.
[2017.11.24-21.35.25:687][487]Log file closed, 11/24/17 22:35:25
