Log file open, 11/26/17 03:49:34
LogWindows: Failed to load 'aqProf.dll' (GetLastError=126)
LogWindows: File 'aqProf.dll' does not exist
LogWindows: Failed to load 'VSPerf140.dll' (GetLastError=126)
LogWindows: File 'VSPerf140.dll' does not exist
LogWindows: Failed to load 'VtuneApi.dll' (GetLastError=126)
LogWindows: File 'VtuneApi.dll' does not exist
LogWindows: Failed to load 'VtuneApi32e.dll' (GetLastError=126)
LogWindows: File 'VtuneApi32e.dll' does not exist
LogInit: Display: Running engine for game: Hackvention2018
LogPlatformFile: Not using cached read wrapper
LogInit: Display: RandInit(-681323594) SRandInit(-681323594).
LogInit: Read version file with build ID '3709383'
LogInit: Overriding engine version to CL 3754814, compatible CL 3709383
LogInit: Registered custom module enumerator with build ID '3709383'
LogTaskGraph: Started task graph with 5 named threads and 14 total threads with 3 sets of task threads.
LogStats: Stats thread started at 0.178085
LogD3D11RHI: Aftermath initialized
LogModuleManager: Display: Found up-to-date module file ../../../Engine/Plugins/Runtime/WebBrowserWidget/Binaries/Win64/UE4Editor-WebBrowserWidget.dll (API version 3709383).
LogModuleManager: Display: Found up-to-date module file ../../../Engine/Plugins/Tests/ScreenshotTools/Binaries/Win64/UE4Editor-ScreenshotTools.dll (API version 3709383).
LogModuleManager: Display: Found up-to-date module file ../../../Engine/Plugins/Online/OnlineSubsystemSteam/Binaries/Win64/UE4Editor-OnlineSubsystemSteam.dll (API version 3709383).
LogModuleManager: Display: Found up-to-date module file ../../../Engine/Plugins/Online/OnlineSubsystem/Binaries/Win64/UE4Editor-OnlineSubsystem.dll (API version 3709383).
LogModuleManager: Display: Found up-to-date module file ../../../Engine/Plugins/Online/OnlineSubsystemUtils/Binaries/Win64/UE4Editor-OnlineSubsystemUtils.dll (API version 3709383).
LogModuleManager: Display: Found up-to-date module file ../../../Engine/Plugins/Online/OnlineSubsystemUtils/Binaries/Win64/UE4Editor-OnlineBlueprintSupport.dll (API version 3709383).
LogModuleManager: Display: Found up-to-date module file ../../../../Unreal Projekte/Hackvention2018/Plugins/VictoryPlugin/Binaries/Win64/UE4Editor-VictoryBPLibrary.dll (API version 3709383).
LogModuleManager: Display: Found up-to-date module file ../../../Engine/Plugins/Runtime/ApexDestruction/Binaries/Win64/UE4Editor-ApexDestruction.dll (API version 3709383).
LogModuleManager: Display: Found up-to-date module file ../../../Engine/Plugins/Runtime/ApexDestruction/Binaries/Win64/UE4Editor-ApexDestructionEditor.dll (API version 3709383).
LogModuleManager: Display: Found up-to-date module file ../../../Engine/Plugins/2D/Paper2D/Binaries/Win64/UE4Editor-Paper2D.dll (API version 3709383).
LogModuleManager: Display: Found up-to-date module file ../../../Engine/Plugins/2D/Paper2D/Binaries/Win64/UE4Editor-Paper2DEditor.dll (API version 3709383).
LogModuleManager: Display: Found up-to-date module file ../../../Engine/Plugins/2D/Paper2D/Binaries/Win64/UE4Editor-PaperSpriteSheetImporter.dll (API version 3709383).
LogModuleManager: Display: Found up-to-date module file ../../../Engine/Plugins/2D/Paper2D/Binaries/Win64/UE4Editor-PaperTiledImporter.dll (API version 3709383).
LogModuleManager: Display: Found up-to-date module file ../../../Engine/Plugins/2D/Paper2D/Binaries/Win64/UE4Editor-SmartSnapping.dll (API version 3709383).
LogModuleManager: Display: Found up-to-date module file ../../../Engine/Plugins/Blendables/LightPropagationVolume/Binaries/Win64/UE4Editor-LightPropagationVolumeRuntime.dll (API version 3709383).
LogModuleManager: Display: Found up-to-date module file ../../../Engine/Plugins/Blendables/LightPropagationVolume/Binaries/Win64/UE4Editor-LightPropagationVolumeEditor.dll (API version 3709383).
LogModuleManager: Display: Found up-to-date module file ../../../Engine/Plugins/Developer/GitSourceControl/Binaries/Win64/UE4Editor-GitSourceControl.dll (API version 3709383).
LogModuleManager: Display: Found up-to-date module file ../../../Engine/Plugins/Developer/PerforceSourceControl/Binaries/Win64/UE4Editor-PerforceSourceControl.dll (API version 3709383).
LogModuleManager: Display: Found up-to-date module file ../../../Engine/Plugins/Developer/SubversionSourceControl/Binaries/Win64/UE4Editor-SubversionSourceControl.dll (API version 3709383).
LogModuleManager: Display: Found up-to-date module file ../../../Engine/Plugins/Developer/UObjectPlugin/Binaries/Win64/UE4Editor-UObjectPlugin.dll (API version 3709383).
LogModuleManager: Display: Found up-to-date module file ../../../Engine/Plugins/Developer/VisualStudioCodeSourceCodeAccess/Binaries/Win64/UE4Editor-VisualStudioCodeSourceCodeAccess.dll (API version 3709383).
LogModuleManager: Display: Found up-to-date module file ../../../Engine/Plugins/Developer/VisualStudioSourceCodeAccess/Binaries/Win64/UE4Editor-VisualStudioSourceCodeAccess.dll (API version 3709383).
LogModuleManager: Display: Found up-to-date module file ../../../Engine/Plugins/Editor/AssetManagerEditor/Binaries/Win64/UE4Editor-AssetManagerEditor.dll (API version 3709383).
LogModuleManager: Display: Found up-to-date module file ../../../Engine/Plugins/Editor/AudioCapture/Binaries/Win64/UE4Editor-AudioCapture.dll (API version 3709383).
LogModuleManager: Display: Found up-to-date module file ../../../Engine/Plugins/Editor/FacialAnimation/Binaries/Win64/UE4Editor-FacialAnimation.dll (API version 3709383).
LogModuleManager: Display: Found up-to-date module file ../../../Engine/Plugins/Editor/FacialAnimation/Binaries/Win64/UE4Editor-FacialAnimationEditor.dll (API version 3709383).
LogModuleManager: Display: Found up-to-date module file ../../../Engine/Plugins/Editor/GameplayTagsEditor/Binaries/Win64/UE4Editor-GameplayTagsEditor.dll (API version 3709383).
LogModuleManager: Display: Found up-to-date module file ../../../Engine/Plugins/Editor/MobileLauncherProfileWizard/Binaries/Win64/UE4Editor-MobileLauncherProfileWizard.dll (API version 3709383).
LogModuleManager: Display: Found up-to-date module file ../../../Engine/Plugins/Editor/PluginBrowser/Binaries/Win64/UE4Editor-PluginBrowser.dll (API version 3709383).
LogModuleManager: Display: Found up-to-date module file ../../../Engine/Plugins/Editor/SpeedTreeImporter/Binaries/Win64/UE4Editor-SpeedTreeImporter.dll (API version 3709383).
LogModuleManager: Display: Found up-to-date module file ../../../Engine/Plugins/Experimental/AlembicImporter/Binaries/Win64/UE4Editor-AlembicImporter.dll (API version 3709383).
LogModuleManager: Display: Found up-to-date module file ../../../Engine/Plugins/Experimental/AlembicImporter/Binaries/Win64/UE4Editor-AlembicLibrary.dll (API version 3709383).
LogModuleManager: Display: Found up-to-date module file ../../../Engine/Plugins/Experimental/CharacterAI/Binaries/Win64/UE4Editor-CharacterAI.dll (API version 3709383).
LogModuleManager: Display: Found up-to-date module file ../../../Engine/Plugins/Experimental/HTML5Networking/Binaries/Win64/UE4Editor-HTML5Networking.dll (API version 3709383).
LogModuleManager: Display: Found up-to-date module file ../../../Engine/Plugins/Media/AndroidMedia/Binaries/Win64/UE4Editor-AndroidMediaEditor.dll (API version 3709383).
LogModuleManager: Display: Found up-to-date module file ../../../Engine/Plugins/Media/AndroidMedia/Binaries/Win64/UE4Editor-AndroidMediaFactory.dll (API version 3709383).
LogModuleManager: Display: Found up-to-date module file ../../../Engine/Plugins/Media/AvfMedia/Binaries/Win64/UE4Editor-AvfMediaEditor.dll (API version 3709383).
LogModuleManager: Display: Found up-to-date module file ../../../Engine/Plugins/Media/AvfMedia/Binaries/Win64/UE4Editor-AvfMediaFactory.dll (API version 3709383).
LogModuleManager: Display: Found up-to-date module file ../../../Engine/Plugins/Media/AvfMedia/Binaries/Win64/UE4Editor-AvfMediaFactory.dll (API version 3709383).
LogModuleManager: Display: Found up-to-date module file ../../../Engine/Plugins/Media/ImgMedia/Binaries/Win64/UE4Editor-ImgMedia.dll (API version 3709383).
LogModuleManager: Display: Found up-to-date module file ../../../Engine/Plugins/Media/ImgMedia/Binaries/Win64/UE4Editor-ImgMediaEditor.dll (API version 3709383).
LogModuleManager: Display: Found up-to-date module file ../../../Engine/Plugins/Media/ImgMedia/Binaries/Win64/UE4Editor-ImgMediaFactory.dll (API version 3709383).
LogModuleManager: Display: Found up-to-date module file ../../../Engine/Plugins/Media/ImgMedia/Binaries/Win64/UE4Editor-ImgMediaFactory.dll (API version 3709383).
LogModuleManager: Display: Found up-to-date module file ../../../Engine/Plugins/Media/ImgMedia/Binaries/Win64/UE4Editor-OpenExrWrapper.dll (API version 3709383).
LogModuleManager: Display: Found up-to-date module file ../../../Engine/Plugins/Media/MediaCompositing/Binaries/Win64/UE4Editor-MediaCompositing.dll (API version 3709383).
LogModuleManager: Display: Found up-to-date module file ../../../Engine/Plugins/Media/MediaCompositing/Binaries/Win64/UE4Editor-MediaCompositingEditor.dll (API version 3709383).
LogModuleManager: Display: Found up-to-date module file ../../../Engine/Plugins/Media/MediaPlayerEditor/Binaries/Win64/UE4Editor-MediaPlayerEditor.dll (API version 3709383).
LogModuleManager: Display: Found up-to-date module file ../../../Engine/Plugins/Media/WmfMedia/Binaries/Win64/UE4Editor-WmfMedia.dll (API version 3709383).
LogModuleManager: Display: Found up-to-date module file ../../../Engine/Plugins/Media/WmfMedia/Binaries/Win64/UE4Editor-WmfMediaEditor.dll (API version 3709383).
LogModuleManager: Display: Found up-to-date module file ../../../Engine/Plugins/Media/WmfMedia/Binaries/Win64/UE4Editor-WmfMediaFactory.dll (API version 3709383).
LogModuleManager: Display: Found up-to-date module file ../../../Engine/Plugins/Media/WmfMedia/Binaries/Win64/UE4Editor-WmfMediaFactory.dll (API version 3709383).
LogModuleManager: Display: Found up-to-date module file ../../../Engine/Plugins/Messaging/TcpMessaging/Binaries/Win64/UE4Editor-TcpMessaging.dll (API version 3709383).
LogModuleManager: Display: Found up-to-date module file ../../../Engine/Plugins/Messaging/UdpMessaging/Binaries/Win64/UE4Editor-UdpMessaging.dll (API version 3709383).
LogModuleManager: Display: Found up-to-date module file ../../../Engine/Plugins/MovieScene/ActorSequence/Binaries/Win64/UE4Editor-ActorSequence.dll (API version 3709383).
LogModuleManager: Display: Found up-to-date module file ../../../Engine/Plugins/MovieScene/LevelSequenceEditor/Binaries/Win64/UE4Editor-LevelSequenceEditor.dll (API version 3709383).
LogModuleManager: Display: Found up-to-date module file ../../../Engine/Plugins/MovieScene/MatineeToLevelSequence/Binaries/Win64/UE4Editor-MatineeToLevelSequence.dll (API version 3709383).
LogModuleManager: Display: Found up-to-date module file ../../../Engine/Plugins/Online/OnlineSubsystemNull/Binaries/Win64/UE4Editor-OnlineSubsystemNull.dll (API version 3709383).
LogModuleManager: Display: Found up-to-date module file ../../../Engine/Plugins/Runtime/AndroidDeviceProfileSelector/Binaries/Win64/UE4Editor-AndroidDeviceProfileSelector.dll (API version 3709383).
LogModuleManager: Display: Found up-to-date module file ../../../Engine/Plugins/Runtime/AndroidPermission/Binaries/Win64/UE4Editor-AndroidPermission.dll (API version 3709383).
LogModuleManager: Display: Found up-to-date module file ../../../Engine/Plugins/Runtime/AppleARKit/Binaries/Win64/UE4Editor-AppleARKit.dll (API version 3709383).
LogModuleManager: Display: Found up-to-date module file ../../../Engine/Plugins/Runtime/ArchVisCharacter/Binaries/Win64/UE4Editor-ArchVisCharacter.dll (API version 3709383).
LogModuleManager: Display: Found up-to-date module file ../../../Engine/Plugins/Runtime/CableComponent/Binaries/Win64/UE4Editor-CableComponent.dll (API version 3709383).
LogModuleManager: Display: Found up-to-date module file ../../../Engine/Plugins/Runtime/CustomMeshComponent/Binaries/Win64/UE4Editor-CustomMeshComponent.dll (API version 3709383).
LogModuleManager: Display: Found up-to-date module file ../../../Engine/Plugins/Runtime/ExampleDeviceProfileSelector/Binaries/Win64/UE4Editor-ExampleDeviceProfileSelector.dll (API version 3709383).
LogModuleManager: Display: Found up-to-date module file ../../../Engine/Plugins/Runtime/ImmediatePhysics/Binaries/Win64/UE4Editor-ImmediatePhysics.dll (API version 3709383).
LogModuleManager: Display: Found up-to-date module file ../../../Engine/Plugins/Runtime/ImmediatePhysics/Binaries/Win64/UE4Editor-ImmediatePhysicsEditor.dll (API version 3709383).
LogModuleManager: Display: Found up-to-date module file ../../../Engine/Plugins/Runtime/LocationServicesBPLibrary/Binaries/Win64/UE4Editor-LocationServicesBPLibrary.dll (API version 3709383).
LogModuleManager: Display: Found up-to-date module file ../../../Engine/Plugins/Runtime/MobilePatchingUtils/Binaries/Win64/UE4Editor-MobilePatchingUtils.dll (API version 3709383).
LogModuleManager: Display: Found up-to-date module file ../../../Engine/Plugins/Runtime/Oculus/OculusVR/Binaries/Win64/UE4Editor-OculusHMD.dll (API version 3709383).
LogModuleManager: Display: Found up-to-date module file ../../../Engine/Plugins/Runtime/Oculus/OculusVR/Binaries/Win64/UE4Editor-OculusInput.dll (API version 3709383).
LogModuleManager: Display: Found up-to-date module file ../../../Engine/Plugins/Runtime/Oculus/OculusVR/Binaries/Win64/UE4Editor-OculusEditor.dll (API version 3709383).
LogModuleManager: Display: Found up-to-date module file ../../../Engine/Plugins/Runtime/PhysXVehicles/Binaries/Win64/UE4Editor-PhysXVehicles.dll (API version 3709383).
LogModuleManager: Display: Found up-to-date module file ../../../Engine/Plugins/Runtime/PhysXVehicles/Binaries/Win64/UE4Editor-PhysXVehiclesEditor.dll (API version 3709383).
LogModuleManager: Display: Found up-to-date module file ../../../Engine/Plugins/Runtime/ProceduralMeshComponent/Binaries/Win64/UE4Editor-ProceduralMeshComponent.dll (API version 3709383).
LogModuleManager: Display: Found up-to-date module file ../../../Engine/Plugins/Runtime/ProceduralMeshComponent/Binaries/Win64/UE4Editor-ProceduralMeshComponentEditor.dll (API version 3709383).
LogModuleManager: Display: Found up-to-date module file ../../../Engine/Plugins/Runtime/RuntimePhysXCooking/Binaries/Win64/UE4Editor-RuntimePhysXCooking.dll (API version 3709383).
LogModuleManager: Display: Found up-to-date module file ../../../Engine/Plugins/Runtime/Steam/SteamVR/Binaries/Win64/UE4Editor-SteamVR.dll (API version 3709383).
LogModuleManager: Display: Found up-to-date module file ../../../Engine/Plugins/Runtime/Steam/SteamVR/Binaries/Win64/UE4Editor-SteamVRController.dll (API version 3709383).
LogModuleManager: Display: Found up-to-date module file ../../../Engine/Plugins/Runtime/WindowsMoviePlayer/Binaries/Win64/UE4Editor-WindowsMoviePlayer.dll (API version 3709383).
LogPluginManager: Mounting plugin Paper2D
LogPluginManager: Mounting plugin LightPropagationVolume
LogPluginManager: Mounting plugin CodeLiteSourceCodeAccess
LogPluginManager: Mounting plugin GitSourceControl
LogPluginManager: Mounting plugin KDevelopSourceCodeAccess
LogPluginManager: Mounting plugin NullSourceCodeAccess
LogPluginManager: Mounting plugin PerforceSourceControl
LogPluginManager: Mounting plugin SubversionSourceControl
LogPluginManager: Mounting plugin UObjectPlugin
LogPluginManager: Mounting plugin VisualStudioCodeSourceCodeAccess
LogPluginManager: Mounting plugin VisualStudioSourceCodeAccess
LogPluginManager: Mounting plugin XCodeSourceCodeAccess
LogPluginManager: Mounting plugin AssetManagerEditor
LogPluginManager: Mounting plugin AudioCapture
LogPluginManager: Mounting plugin FacialAnimation
LogPluginManager: Mounting plugin GameplayTagsEditor
LogPluginManager: Mounting plugin MobileLauncherProfileWizard
LogPluginManager: Mounting plugin PluginBrowser
LogPluginManager: Mounting plugin SpeedTreeImporter
LogPluginManager: Mounting plugin AlembicImporter
LogPluginManager: Mounting plugin CharacterAI
LogPluginManager: Mounting plugin HTML5Networking
LogPluginManager: Mounting plugin AndroidMedia
LogPluginManager: Mounting plugin AvfMedia
LogPluginManager: Mounting plugin ImgMedia
LogPluginManager: Mounting plugin MediaCompositing
LogPluginManager: Mounting plugin MediaPlayerEditor
LogPluginManager: Mounting plugin WmfMedia
LogPluginManager: Mounting plugin TcpMessaging
LogPluginManager: Mounting plugin UdpMessaging
LogPluginManager: Mounting plugin ActorSequence
LogPluginManager: Mounting plugin LevelSequenceEditor
LogPluginManager: Mounting plugin MatineeToLevelSequence
LogPluginManager: Mounting plugin OnlineSubsystem
LogPluginManager: Mounting plugin OnlineSubsystemNull
LogPluginManager: Mounting plugin OnlineSubsystemSteam
LogPluginManager: Mounting plugin OnlineSubsystemUtils
LogPluginManager: Mounting plugin AndroidDeviceProfileSelector
LogPluginManager: Mounting plugin AndroidMoviePlayer
LogPluginManager: Mounting plugin AndroidPermission
LogPluginManager: Mounting plugin ApexDestruction
LogPluginManager: Mounting plugin AppleARKit
LogPluginManager: Mounting plugin AppleMoviePlayer
LogPluginManager: Mounting plugin ArchVisCharacter
LogPluginManager: Mounting plugin CableComponent
LogPluginManager: Mounting plugin CustomMeshComponent
LogPluginManager: Mounting plugin ExampleDeviceProfileSelector
LogPluginManager: Mounting plugin GoogleCloudMessaging
LogPluginManager: Mounting plugin ImmediatePhysics
LogPluginManager: Mounting plugin IOSDeviceProfileSelector
LogPluginManager: Mounting plugin LinuxDeviceProfileSelector
LogPluginManager: Mounting plugin LocationServicesBPLibrary
LogPluginManager: Mounting plugin MobilePatchingUtils
LogPluginManager: Mounting plugin OculusVR
LogPluginManager: Plugin shader directory ../../../Engine/Plugins/Runtime/Oculus/OculusVR/Shaders found
LogPluginManager: Mapping shader source directory ../../../Engine/Plugins/Runtime/Oculus/OculusVR/Shaders to virtual directory /Plugin/OculusVR
LogPluginManager: Mounting plugin PhysXVehicles
LogPluginManager: Mounting plugin ProceduralMeshComponent
LogPluginManager: Mounting plugin RuntimePhysXCooking
LogPluginManager: Mounting plugin SteamVR
LogPluginManager: Mounting plugin WebBrowserWidget
LogPluginManager: Mounting plugin WindowsMoviePlayer
LogPluginManager: Mounting plugin ScreenshotTools
LogPluginManager: Mounting plugin VictoryBPLibrary
LogInit: Using libcurl 7.47.1
LogInit:  - built for x86_64-pc-win32
LogInit:  - supports SSL with OpenSSL/1.0.2g
LogInit:  - supports HTTP deflate (compression) using libz 1.2.8
LogInit:  - other features:
LogInit:      CURL_VERSION_SSL
LogInit:      CURL_VERSION_LIBZ
LogInit:      CURL_VERSION_IPV6
LogInit:      CURL_VERSION_ASYNCHDNS
LogInit:      CURL_VERSION_LARGEFILE
LogInit:      CURL_VERSION_IDN
LogInit:  CurlRequestOptions (configurable via config and command line):
LogInit:  - bVerifyPeer = false  - Libcurl will NOT verify peer certificate
LogInit:  - bUseHttpProxy = false  - Libcurl will NOT use HTTP proxy
LogInit:  - bDontReuseConnections = false  - Libcurl will reuse connections
LogInit:  - CertBundlePath = nullptr  - Libcurl will use whatever was configured at build time.
LogInit: Build: ++UE4+Release-4.18-CL-3754814
LogInit: Engine Version: 4.18.1-3754814+++UE4+Release-4.18
LogInit: Compatible Engine Version: 4.18.0-3709383+++UE4+Release-4.18
LogInit: Net CL: 3709383
LogDevObjectVersion: Number of dev versions registered: 16
LogDevObjectVersion:   Dev-Blueprints (B0D832E4-1F89-4F0D-ACCF-7EB736FD4AA2): 10
LogDevObjectVersion:   Dev-Build (E1C64328-A22C-4D53-A36C-8E866417BD8C): 0
LogDevObjectVersion:   Dev-Core (375EC13C-06E4-48FB-B500-84F0262A717E): 2
LogDevObjectVersion:   Dev-Editor (E4B068ED-F494-42E9-A231-DA0B2E46BB41): 20
LogDevObjectVersion:   Dev-Framework (CFFC743F-43B0-4480-9391-14DF171D2073): 30
LogDevObjectVersion:   Dev-Mobile (B02B49B5-BB20-44E9-A304-32B752E40360): 0
LogDevObjectVersion:   Dev-Networking (A4E4105C-59A1-49B5-A7C5-40C4547EDFEE): 0
LogDevObjectVersion:   Dev-Online (39C831C9-5AE6-47DC-9A44-9C173E1C8E7C): 0
LogDevObjectVersion:   Dev-Physics (78F01B33-EBEA-4F98-B9B4-84EACCB95AA2): 0
LogDevObjectVersion:   Dev-Platform (6631380F-2D4D-43E0-8009-CF276956A95A): 0
LogDevObjectVersion:   Dev-Rendering (12F88B9F-8875-4AFC-A67C-D90C383ABD29): 20
LogDevObjectVersion:   Dev-Sequencer (7B5AE74C-D270-4C10-A958-57980B212A5A): 4
LogDevObjectVersion:   Dev-VR (D7296918-1DD6-4BDD-9DE2-64A83CC13884): 0
LogDevObjectVersion:   Dev-LoadTimes (C2A15278-BFE7-4AFE-6C17-90FF531DF755): 1
LogDevObjectVersion:   Private-Geometry (6EACA3D4-40EC-4CC1-B786-8BED09428FC5): 1
LogDevObjectVersion:   Dev-AnimPhys (29E575DD-E0A3-4627-9D10-D276232CDCEA): 12
LogInit: Compiled (64-bit): Nov 14 2017 02:05:55
LogInit: Compiled with Visual C++: 19.00.24215.01
LogInit: Build Configuration: Development
LogInit: Branch Name: ++UE4+Release-4.18
LogInit: Command line:  
LogInit: Base directory: D:/Programmieren/UE_4.18/Engine/Binaries/Win64/
LogInit: Installed Engine Build: 1
LogInit: Presizing for max 8388607 objects, including 0 objects not considered by GC, pre-allocating 0 bytes for permanent pool.
LogInit: Object subsystem initialized
[2017.11.26-02.49.36:004][  0]LogInit: Selected Device Profile: [Windows]
[2017.11.26-02.49.36:004][  0]LogInit: Applying CVar settings loaded from the selected device profile: [Windows]
[2017.11.26-02.49.36:023][  0]LogInit: Computer: PC-JANOUSCH
[2017.11.26-02.49.36:023][  0]LogInit: User: Janousch
[2017.11.26-02.49.36:023][  0]LogInit: CPU Page size=4096, Cores=4
[2017.11.26-02.49.36:023][  0]LogInit: High frequency timer resolution =2.929699 MHz
[2017.11.26-02.49.36:023][  0]LogMemory: Memory total: Physical=15.9GB (16GB approx)
[2017.11.26-02.49.36:023][  0]LogMemory: Platform Memory Stats for Windows
[2017.11.26-02.49.36:023][  0]LogMemory: Process Physical Memory: 271.94 MB used, 271.94 MB peak
[2017.11.26-02.49.36:023][  0]LogMemory: Process Virtual Memory: 269.60 MB used, 269.60 MB peak
[2017.11.26-02.49.36:023][  0]LogMemory: Physical Memory: 5544.75 MB used,  10767.32 MB free, 16312.07 MB total
[2017.11.26-02.49.36:023][  0]LogMemory: Virtual Memory: 643.30 MB used,  10767.32 MB free, 134217728.00 MB total
[2017.11.26-02.49.36:177][  0]LogInit: Using OS detected language (de-DE).
[2017.11.26-02.49.36:177][  0]LogInit: Using OS detected locale (de-DE).
[2017.11.26-02.49.36:180][  0]LogTextLocalizationManager: No localization for 'de-DE' exists, so 'en' will be used for the language.
[2017.11.26-02.49.36:181][  0]LogTextLocalizationManager: No localization for 'de-DE' exists, so 'en' will be used for the locale.
[2017.11.26-02.49.36:715][  0]LogInit: Setting process to per monitor DPI aware
[2017.11.26-02.49.36:978][  0]LogD3D11RHI: D3D11 adapters:
[2017.11.26-02.49.37:031][  0]LogD3D11RHI:    0. 'NVIDIA GeForce GTX 1050 Ti' (Feature Level 11_0)
[2017.11.26-02.49.37:031][  0]LogD3D11RHI:       4029/0/8156 MB DedicatedVideo/DedicatedSystem/SharedSystem, Outputs:1, VendorId:0x10de
[2017.11.26-02.49.37:033][  0]LogD3D11RHI:    1. 'Microsoft Basic Render Driver' (Feature Level 11_0)
[2017.11.26-02.49.37:033][  0]LogD3D11RHI:       0/0/8156 MB DedicatedVideo/DedicatedSystem/SharedSystem, Outputs:0, VendorId:0x1414
[2017.11.26-02.49.37:033][  0]LogD3D11RHI: Chosen D3D11 Adapter: 0
[2017.11.26-02.49.37:040][  0]LogD3D11RHI: Creating new Direct3DDevice
[2017.11.26-02.49.37:040][  0]LogD3D11RHI:     GPU DeviceId: 0x1c82 (for the marketing name, search the web for "GPU Device Id")
[2017.11.26-02.49.37:040][  0]LogWindows: EnumDisplayDevices:
[2017.11.26-02.49.37:040][  0]LogWindows:    0. 'NVIDIA GeForce GTX 1050 Ti' (P:1 D:1)
[2017.11.26-02.49.37:041][  0]LogWindows:    1. 'NVIDIA GeForce GTX 1050 Ti' (P:0 D:0)
[2017.11.26-02.49.37:041][  0]LogWindows:    2. 'NVIDIA GeForce GTX 1050 Ti' (P:0 D:0)
[2017.11.26-02.49.37:041][  0]LogWindows:    3. 'NVIDIA GeForce GTX 1050 Ti' (P:0 D:0)
[2017.11.26-02.49.37:041][  0]LogWindows: DebugString: FoundDriverCount:4 
[2017.11.26-02.49.37:041][  0]LogD3D11RHI:     Adapter Name: NVIDIA GeForce GTX 1050 Ti
[2017.11.26-02.49.37:041][  0]LogD3D11RHI:   Driver Version: 388.13 (internal:23.21.13.8813, unified:388.13)
[2017.11.26-02.49.37:041][  0]LogD3D11RHI:      Driver Date: 10-27-2017
[2017.11.26-02.49.37:041][  0]LogRHI: Texture pool is 2820 MB (70% of 4029 MB)
[2017.11.26-02.49.37:078][  0]LogD3D11RHI: Async texture creation enabled
[2017.11.26-02.49.37:089][  0]LogD3D11RHI: GPU Timing Frequency: 1000.000000 (Debug: 2 1)
[2017.11.26-02.49.37:090][  0]LogShaderCompilers: Guid format shader working directory is 5 characters bigger than the processId version (../../../../Unreal Projekte/Hackvention2018/Intermediate/Shaders/WorkingDirectory/14036/).
[2017.11.26-02.49.37:090][  0]LogShaderCompilers: Cleaned the shader compiler working directory 'C:/Users/Janousch/AppData/Local/Temp/UnrealShaderWorkingDir/E6859CAF4A58D5FF864B50B5600F2D77/'.
[2017.11.26-02.49.37:090][  0]LogShaderCompilers: Display: Using Local Shader Compiler.
[2017.11.26-02.49.38:203][  0]LogTemp: Display: Loaded TP AllDesktopTargetPlatform
[2017.11.26-02.49.38:248][  0]LogTemp: Display: Loaded TP MacClientTargetPlatform
[2017.11.26-02.49.38:298][  0]LogTemp: Display: Loaded TP MacNoEditorTargetPlatform
[2017.11.26-02.49.38:342][  0]LogTemp: Display: Loaded TP MacServerTargetPlatform
[2017.11.26-02.49.38:395][  0]LogTemp: Display: Loaded TP MacTargetPlatform
[2017.11.26-02.49.38:443][  0]LogTemp: Display: Loaded TP WindowsClientTargetPlatform
[2017.11.26-02.49.38:523][  0]LogTemp: Display: Loaded TP WindowsNoEditorTargetPlatform
[2017.11.26-02.49.38:573][  0]LogTemp: Display: Loaded TP WindowsServerTargetPlatform
[2017.11.26-02.49.38:631][  0]LogTemp: Display: Loaded TP WindowsTargetPlatform
[2017.11.26-02.49.38:679][  0]LogTemp: Display: Loaded TP Android_ASTCTargetPlatform
[2017.11.26-02.49.38:730][  0]LogTemp: Display: Loaded TP Android_ATCTargetPlatform
[2017.11.26-02.49.38:783][  0]LogTemp: Display: Loaded TP Android_DXTTargetPlatform
[2017.11.26-02.49.38:838][  0]LogTemp: Display: Loaded TP Android_ETC1TargetPlatform
[2017.11.26-02.49.38:896][  0]LogTemp: Display: Loaded TP Android_ETC2TargetPlatform
[2017.11.26-02.49.39:006][  0]LogTemp: Display: Loaded TP Android_MultiTargetPlatform
[2017.11.26-02.49.39:006][  0]LogTemp: Display: Loaded TP Android_PVRTCTargetPlatform
[2017.11.26-02.49.39:053][  0]LogTemp: Display: Loaded TP AndroidTargetPlatform
[2017.11.26-02.49.39:089][  0]LogTemp: Display: Loaded TP HTML5TargetPlatform
[2017.11.26-02.49.39:181][  0]LogTemp: Display: Loaded TP IOSTargetPlatform
[2017.11.26-02.49.39:207][  0]LogTemp: Display: Loaded TP TVOSTargetPlatform
[2017.11.26-02.49.39:251][  0]LogTemp: Display: Loaded TP LinuxClientTargetPlatform
[2017.11.26-02.49.39:300][  0]LogTemp: Display: Loaded TP LinuxNoEditorTargetPlatform
[2017.11.26-02.49.39:346][  0]LogTemp: Display: Loaded TP LinuxServerTargetPlatform
[2017.11.26-02.49.39:396][  0]LogTemp: Display: Loaded TP LinuxTargetPlatform
[2017.11.26-02.49.39:396][  0]LogTargetPlatformManager: Display: Building Assets For Windows
[2017.11.26-02.49.39:784][  0]LogDerivedDataCache: Display: Max Cache Size: 512 MB
[2017.11.26-02.49.39:882][  0]LogDerivedDataCache: Loaded boot cache 0.10s 79MB C:/Users/Janousch/AppData/Local/UnrealEngine/4.18/DerivedDataCache/Boot.ddc.
[2017.11.26-02.49.39:882][  0]LogDerivedDataCache: Display: Loaded Boot cache: C:/Users/Janousch/AppData/Local/UnrealEngine/4.18/DerivedDataCache/Boot.ddc
[2017.11.26-02.49.39:882][  0]LogDerivedDataCache: FDerivedDataBackendGraph:  Pak pak cache file ../../../../Unreal Projekte/Hackvention2018/DerivedDataCache/DDC.ddp not found, will not use a pak cache.
[2017.11.26-02.49.39:882][  0]LogDerivedDataCache: Unable to find inner node Pak for hierarchical cache Hierarchy.
[2017.11.26-02.49.39:883][  0]LogDerivedDataCache: FDerivedDataBackendGraph:  CompressedPak pak cache file ../../../../Unreal Projekte/Hackvention2018/DerivedDataCache/Compressed.ddp not found, will not use a pak cache.
[2017.11.26-02.49.39:883][  0]LogDerivedDataCache: Unable to find inner node CompressedPak for hierarchical cache Hierarchy.
[2017.11.26-02.49.39:901][  0]LogDerivedDataCache: Display: Pak cache opened for reading ../../../Engine/DerivedDataCache/Compressed.ddp.
[2017.11.26-02.49.39:913][  0]LogDerivedDataCache: Using Local data cache path C:/Users/Janousch/AppData/Local/UnrealEngine/Common/DerivedDataCache: Writable
[2017.11.26-02.49.39:924][  0]LogMaterial: Verifying Global Shaders for PCD3D_SM5
[2017.11.26-02.49.39:924][  0]LogSlate: Using Freetype 2.6.0
[2017.11.26-02.49.39:925][  0]LogSlate: SlateFontCache - WITH_FREETYPE: 1, WITH_HARFBUZZ: 1
[2017.11.26-02.49.39:925][  0]LogSlate: SlateFontCache - WITH_FREETYPE: 1, WITH_HARFBUZZ: 1
[2017.11.26-02.49.40:358][  0]LogInit: Selected Device Profile: [Windows]
[2017.11.26-02.49.40:655][  0]LogSimplygon: Simplygon DLL not present - disabling.
[2017.11.26-02.49.40:696][  0]LogMeshReduction: Using SimplygonSwarm for distributed automatic mesh merging
[2017.11.26-02.49.40:696][  0]LogMeshReduction: Using QuadricMeshReduction for automatic static mesh reduction
[2017.11.26-02.49.40:696][  0]LogMeshReduction: No automatic skeletal mesh reduction module available
[2017.11.26-02.49.40:696][  0]LogMeshReduction: No automatic mesh merging module available
[2017.11.26-02.49.40:696][  0]LogMeshMerging: No automatic mesh merging module available
[2017.11.26-02.49.40:726][  0]LogNetVersion: Hackvention2018 , NetCL: 3709383, EngineNetVer: 2, GameNetVer: 0 (Checksum: 2858232117)
[2017.11.26-02.49.40:931][  0]LogAssetRegistry: FAssetRegistry took 0.0322 seconds to start up
[2017.11.26-02.49.41:433][  0]LogPackageLocalizationCache: Processed 7 localized package path(s) for 1 prioritized culture(s) in 0.032567 seconds
[2017.11.26-02.49.41:439][  0]LogUObjectArray: 35900 objects as part of root set at end of initial load.
[2017.11.26-02.49.41:439][  0]LogUObjectAllocator: 7372024 out of 0 bytes used by permanent object pool.
[2017.11.26-02.49.41:439][  0]LogUObjectArray: CloseDisregardForGC: 0/0 objects in disregard for GC pool
[2017.11.26-02.49.41:479][  0]LogInit: WinSock: version 1.1 (2.2), MaxSocks=32767, MaxUdp=65467
[2017.11.26-02.49.44:078][  0]LogTcpMessaging: Initializing TcpMessaging bridge
[2017.11.26-02.49.44:114][  0]LogUdpMessaging: Initializing bridge on interface 0.0.0.0:0 to multicast group 230.0.0.1:6666.
[2017.11.26-02.49.44:959][  0]LogMaterial: Uniform references updated for custom material expression Custom.
[2017.11.26-02.49.45:337][  0]SourceControl: Source control is disabled
[2017.11.26-02.49.45:337][  0]SourceControl: Source control is disabled
[2017.11.26-02.49.45:381][  0]SourceControl: Source control is disabled
[2017.11.26-02.49.45:434][  0]SourceControl: Source control is disabled
[2017.11.26-02.49.46:167][  0]LogOnline: Display: STEAM: Loading Steam SDK 1.39
[2017.11.26-02.49.46:219][  0]LogAndroidPermission: UAndroidPermissionCallbackProxy::GetInstance
[2017.11.26-02.49.46:456][  0]LogOcInput: OculusInput pre-init called
[2017.11.26-02.49.46:728][  0]LogEngine: Initializing Engine...
[2017.11.26-02.49.47:287][  0]LogHMD: SteamVR initialized.  Driver: lighthouse  Display: LHR-36528257
[2017.11.26-02.49.47:535][  0]LogStats: UGameplayTagsManager::ConstructGameplayTagTree: Construct from data asset -  0.000 s
[2017.11.26-02.49.47:535][  0]LogStats: UGameplayTagsManager::ConstructGameplayTagTree: GameplayTagTreeChangedEvent.Broadcast -  0.000 s
[2017.11.26-02.49.47:637][  0]LogAIModule: Creating AISystem for world Untitled
[2017.11.26-02.49.47:648][  0]LogInit: XAudio2 using 'Lautsprecher (Realtek High Definition Audio)' : 2 channels at 48 kHz using 32 bits per sample (channel mask 0x3)
[2017.11.26-02.49.47:665][  0]LogInit: FAudioDevice initialized.
[2017.11.26-02.49.47:741][  0]LogDerivedDataCache: Saved boot cache 0.07s 79MB C:/Users/Janousch/AppData/Local/UnrealEngine/4.18/DerivedDataCache/Boot.ddc.
[2017.11.26-02.49.47:753][  0]LogInit: Texture streaming: Enabled
[2017.11.26-02.49.47:830][  0]LogEngineSessionManager: EngineSessionManager initialized
[2017.11.26-02.49.47:830][  0]LogEngineSessionManager: EngineSessionManager sent abnormal shutdown report. Type=AbnormalShutdown, SessionId={558776C0-4C89-96BE-E649-17AADD2A9B5C}
[2017.11.26-02.49.47:936][  0]LogInit: Transaction tracking system initialized
[2017.11.26-02.49.48:197][  0]BlueprintLog: New page: Editor Load
[2017.11.26-02.49.48:929][  0]LocalizationService: Localization service is disabled
[2017.11.26-02.49.49:518][  0]LogConsoleResponse: Display: 
[2017.11.26-02.49.49:723][  0]LogCook: Display: Max memory allowance for cook 16384mb min free memory 0mb
[2017.11.26-02.49.49:723][  0]LogCook: Display: Mobile HDR setting 1
[2017.11.26-02.49.49:723][  0]LogGameplayTags: Display: UGameplayTagsManager::DoneAddingNativeTags. DelegateIsBound: 0
[2017.11.26-02.49.50:836][  0]LogFileCache: Scanning file cache for directory 'D:/Programmieren/Unreal Projekte/Hackvention2018/Content/' took 0.03s
[2017.11.26-02.49.50:877][  0]SourceControl: Source control is disabled
[2017.11.26-02.49.50:878][  0]Cmd: MAP LOAD FILE="../../../../Unreal Projekte/Hackvention2018/Content/Maps/Map_OReality.umap" TEMPLATE=0 SHOWPROGRESS=1 FEATURELEVEL=3
[2017.11.26-02.49.50:878][  0]LightingResults: New page: Lighting Build
[2017.11.26-02.49.50:917][  0]MapCheck: New page: Map Check
[2017.11.26-02.49.50:917][  0]LightingResults: New page: Lighting Build
[2017.11.26-02.49.52:243][  0]LogAIModule: Creating AISystem for world Map_OReality
[2017.11.26-02.49.52:266][  0]LogEditorServer: Finished looking for orphan Actors (0.000 secs)
[2017.11.26-02.49.52:335][  0]Cmd: MAP CHECKDEP NOCLEARLOG
[2017.11.26-02.49.52:419][  0]MapCheck: Map check complete: 0 Error(s), 0 Warning(s), took 83.122ms to complete.
[2017.11.26-02.49.52:419][  0]LogFileHelpers: Loading map 'Map_OReality' took 1.541
[2017.11.26-02.49.52:481][  0]LogWindowsTextInputMethodSystem: Display: IME system now deactivated.
[2017.11.26-02.49.52:530][  0]LogCollectionManager: Loaded 0 collections in 0.001044 seconds
[2017.11.26-02.49.52:602][  0]LogFileCache: Scanning file cache for directory 'D:/Programmieren/Unreal Projekte/Hackvention2018/Saved/Collections/' took 0.01s
[2017.11.26-02.49.52:602][  0]LogFileCache: Scanning file cache for directory 'D:/Programmieren/Unreal Projekte/Hackvention2018/Content/Developers/Janousch/Collections/' took 0.01s
[2017.11.26-02.49.52:602][  0]LogFileCache: Scanning file cache for directory 'D:/Programmieren/Unreal Projekte/Hackvention2018/Content/Collections/' took 0.01s
[2017.11.26-02.49.52:602][  0]LogCollectionManager: Rebuilt the GUID cache for 0 collections in 0.000000 seconds
[2017.11.26-02.49.52:612][  0]LogContentBrowser: Native class hierarchy populated in 0.0104 seconds. Added 2381 classes and 533 folders.
[2017.11.26-02.49.52:680][  0]LogContentBrowser: Native class hierarchy updated for 'WidgetCarousel' in 0.0003 seconds. Added 0 classes and 0 folders.
[2017.11.26-02.49.52:727][  0]LogContentBrowser: Native class hierarchy updated for 'AddContentDialog' in 0.0003 seconds. Added 0 classes and 0 folders.
[2017.11.26-02.49.52:820][  0]LogContentBrowser: Native class hierarchy updated for 'SceneOutliner' in 0.0003 seconds. Added 1 classes and 2 folders.
[2017.11.26-02.49.52:907][  0]LogSlate: Took 0.000203 seconds to synchronously load lazily loaded font '../../../Engine/Content/Slate/Fonts/Roboto-Regular.ttf' (155K)
[2017.11.26-02.49.52:911][  0]LogSlate: Took 0.000889 seconds to synchronously load lazily loaded font '../../../Engine/Content/Editor/Slate/Fonts/FontAwesome.ttf' (139K)
[2017.11.26-02.49.52:912][  0]LogSlate: Took 0.000178 seconds to synchronously load lazily loaded font '../../../Engine/Content/Slate/Fonts/Roboto-Bold.ttf' (160K)
[2017.11.26-02.49.52:916][  0]LogSlate: Took 0.000156 seconds to synchronously load lazily loaded font '../../../Engine/Content/Editor/Slate/Fonts/DroidSansMono.ttf' (77K)
[2017.11.26-02.49.53:046][  0]LogRenderer: Reallocating scene render targets to support 1032x668 Format 26 NumSamples 1 (Frame:1).
[2017.11.26-02.49.53:193][  0]LogContentBrowser: Native class hierarchy updated for 'HierarchicalLODOutliner' in 0.0003 seconds. Added 1 classes and 2 folders.
[2017.11.26-02.49.53:193][  0]LogLoad: (Engine Initialization) Total time: 19.48 seconds
[2017.11.26-02.49.53:194][  0]LogLoad: (Engine Initialization) Total Blueprint compile time: 0.00 seconds
[2017.11.26-02.49.53:194][  0]LogExternalProfiler: No external profilers were discovered.  External profiling features will not be available.
[2017.11.26-02.49.53:224][  0]LogContentStreaming: Texture pool size now 1000 MB
[2017.11.26-02.49.53:257][  0]LogSlate: Took 0.000174 seconds to synchronously load lazily loaded font '../../../Engine/Content/Slate/Fonts/Roboto-Light.ttf' (159K)
[2017.11.26-02.49.53:414][  2]LogEditorViewport: Clicking on Actor (LMB): BP_Podium_C (BP_Podium)
[2017.11.26-02.49.53:450][  2]LogAssetRegistry: Asset discovery search completed in 12.5413 seconds
[2017.11.26-02.49.53:455][  2]LogCollectionManager: Rebuilt the object cache for 0 collections in 0.000000 seconds (found 0 objects)
[2017.11.26-02.49.53:455][  2]LogCollectionManager: Fixed up redirectors for 0 collections in 0.000231 seconds (updated 0 objects)
[2017.11.26-02.49.54:233][ 63]LogSlate: Took 0.000147 seconds to synchronously load lazily loaded font '../../../Engine/Content/Slate/Fonts/Roboto-Light.ttf' (159K)
[2017.11.26-02.49.54:575][ 63]LogContentBrowser: Native class hierarchy updated for 'BlueprintGraph' in 0.0007 seconds. Added 116 classes and 0 folders.
