Log file open, 11/25/17 22:13:37
LogWindows: Failed to load 'aqProf.dll' (GetLastError=126)
LogWindows: File 'aqProf.dll' does not exist
LogWindows: Failed to load 'VSPerf140.dll' (GetLastError=126)
LogWindows: File 'VSPerf140.dll' does not exist
LogWindows: Failed to load 'VtuneApi.dll' (GetLastError=126)
LogWindows: File 'VtuneApi.dll' does not exist
LogWindows: Failed to load 'VtuneApi32e.dll' (GetLastError=126)
LogWindows: File 'VtuneApi32e.dll' does not exist
LogInit: Display: Running engine for game: Hackvention2018
LogPlatformFile: Not using cached read wrapper
LogInit: Display: RandInit(-868373122) SRandInit(-868373122).
LogInit: Read version file with build ID '3709383'
LogInit: Overriding engine version to CL 3754814, compatible CL 3709383
LogInit: Registered custom module enumerator with build ID '3709383'
LogTaskGraph: Started task graph with 5 named threads and 14 total threads with 3 sets of task threads.
LogStats: Stats thread started at 0.157083
LogD3D11RHI: Aftermath initialized
LogModuleManager: Display: Found up-to-date module file ../../../Engine/Plugins/Runtime/WebBrowserWidget/Binaries/Win64/UE4Editor-WebBrowserWidget.dll (API version 3709383).
LogModuleManager: Display: Found up-to-date module file ../../../Engine/Plugins/2D/Paper2D/Binaries/Win64/UE4Editor-Paper2D.dll (API version 3709383).
LogModuleManager: Display: Found up-to-date module file ../../../Engine/Plugins/2D/Paper2D/Binaries/Win64/UE4Editor-Paper2DEditor.dll (API version 3709383).
LogModuleManager: Display: Found up-to-date module file ../../../Engine/Plugins/2D/Paper2D/Binaries/Win64/UE4Editor-PaperSpriteSheetImporter.dll (API version 3709383).
LogModuleManager: Display: Found up-to-date module file ../../../Engine/Plugins/2D/Paper2D/Binaries/Win64/UE4Editor-PaperTiledImporter.dll (API version 3709383).
LogModuleManager: Display: Found up-to-date module file ../../../Engine/Plugins/2D/Paper2D/Binaries/Win64/UE4Editor-SmartSnapping.dll (API version 3709383).
LogModuleManager: Display: Found up-to-date module file ../../../Engine/Plugins/Blendables/LightPropagationVolume/Binaries/Win64/UE4Editor-LightPropagationVolumeRuntime.dll (API version 3709383).
LogModuleManager: Display: Found up-to-date module file ../../../Engine/Plugins/Blendables/LightPropagationVolume/Binaries/Win64/UE4Editor-LightPropagationVolumeEditor.dll (API version 3709383).
LogModuleManager: Display: Found up-to-date module file ../../../Engine/Plugins/Developer/GitSourceControl/Binaries/Win64/UE4Editor-GitSourceControl.dll (API version 3709383).
LogModuleManager: Display: Found up-to-date module file ../../../Engine/Plugins/Developer/PerforceSourceControl/Binaries/Win64/UE4Editor-PerforceSourceControl.dll (API version 3709383).
LogModuleManager: Display: Found up-to-date module file ../../../Engine/Plugins/Developer/SubversionSourceControl/Binaries/Win64/UE4Editor-SubversionSourceControl.dll (API version 3709383).
LogModuleManager: Display: Found up-to-date module file ../../../Engine/Plugins/Developer/UObjectPlugin/Binaries/Win64/UE4Editor-UObjectPlugin.dll (API version 3709383).
LogModuleManager: Display: Found up-to-date module file ../../../Engine/Plugins/Developer/VisualStudioCodeSourceCodeAccess/Binaries/Win64/UE4Editor-VisualStudioCodeSourceCodeAccess.dll (API version 3709383).
LogModuleManager: Display: Found up-to-date module file ../../../Engine/Plugins/Developer/VisualStudioSourceCodeAccess/Binaries/Win64/UE4Editor-VisualStudioSourceCodeAccess.dll (API version 3709383).
LogModuleManager: Display: Found up-to-date module file ../../../Engine/Plugins/Editor/AssetManagerEditor/Binaries/Win64/UE4Editor-AssetManagerEditor.dll (API version 3709383).
LogModuleManager: Display: Found up-to-date module file ../../../Engine/Plugins/Editor/AudioCapture/Binaries/Win64/UE4Editor-AudioCapture.dll (API version 3709383).
LogModuleManager: Display: Found up-to-date module file ../../../Engine/Plugins/Editor/FacialAnimation/Binaries/Win64/UE4Editor-FacialAnimation.dll (API version 3709383).
LogModuleManager: Display: Found up-to-date module file ../../../Engine/Plugins/Editor/FacialAnimation/Binaries/Win64/UE4Editor-FacialAnimationEditor.dll (API version 3709383).
LogModuleManager: Display: Found up-to-date module file ../../../Engine/Plugins/Editor/GameplayTagsEditor/Binaries/Win64/UE4Editor-GameplayTagsEditor.dll (API version 3709383).
LogModuleManager: Display: Found up-to-date module file ../../../Engine/Plugins/Editor/MobileLauncherProfileWizard/Binaries/Win64/UE4Editor-MobileLauncherProfileWizard.dll (API version 3709383).
LogModuleManager: Display: Found up-to-date module file ../../../Engine/Plugins/Editor/PluginBrowser/Binaries/Win64/UE4Editor-PluginBrowser.dll (API version 3709383).
LogModuleManager: Display: Found up-to-date module file ../../../Engine/Plugins/Editor/SpeedTreeImporter/Binaries/Win64/UE4Editor-SpeedTreeImporter.dll (API version 3709383).
LogModuleManager: Display: Found up-to-date module file ../../../Engine/Plugins/Experimental/AlembicImporter/Binaries/Win64/UE4Editor-AlembicImporter.dll (API version 3709383).
LogModuleManager: Display: Found up-to-date module file ../../../Engine/Plugins/Experimental/AlembicImporter/Binaries/Win64/UE4Editor-AlembicLibrary.dll (API version 3709383).
LogModuleManager: Display: Found up-to-date module file ../../../Engine/Plugins/Experimental/CharacterAI/Binaries/Win64/UE4Editor-CharacterAI.dll (API version 3709383).
LogModuleManager: Display: Found up-to-date module file ../../../Engine/Plugins/Experimental/HTML5Networking/Binaries/Win64/UE4Editor-HTML5Networking.dll (API version 3709383).
LogModuleManager: Display: Found up-to-date module file ../../../Engine/Plugins/Media/AndroidMedia/Binaries/Win64/UE4Editor-AndroidMediaEditor.dll (API version 3709383).
LogModuleManager: Display: Found up-to-date module file ../../../Engine/Plugins/Media/AndroidMedia/Binaries/Win64/UE4Editor-AndroidMediaFactory.dll (API version 3709383).
LogModuleManager: Display: Found up-to-date module file ../../../Engine/Plugins/Media/AvfMedia/Binaries/Win64/UE4Editor-AvfMediaEditor.dll (API version 3709383).
LogModuleManager: Display: Found up-to-date module file ../../../Engine/Plugins/Media/AvfMedia/Binaries/Win64/UE4Editor-AvfMediaFactory.dll (API version 3709383).
LogModuleManager: Display: Found up-to-date module file ../../../Engine/Plugins/Media/AvfMedia/Binaries/Win64/UE4Editor-AvfMediaFactory.dll (API version 3709383).
LogModuleManager: Display: Found up-to-date module file ../../../Engine/Plugins/Media/ImgMedia/Binaries/Win64/UE4Editor-ImgMedia.dll (API version 3709383).
LogModuleManager: Display: Found up-to-date module file ../../../Engine/Plugins/Media/ImgMedia/Binaries/Win64/UE4Editor-ImgMediaEditor.dll (API version 3709383).
LogModuleManager: Display: Found up-to-date module file ../../../Engine/Plugins/Media/ImgMedia/Binaries/Win64/UE4Editor-ImgMediaFactory.dll (API version 3709383).
LogModuleManager: Display: Found up-to-date module file ../../../Engine/Plugins/Media/ImgMedia/Binaries/Win64/UE4Editor-ImgMediaFactory.dll (API version 3709383).
LogModuleManager: Display: Found up-to-date module file ../../../Engine/Plugins/Media/ImgMedia/Binaries/Win64/UE4Editor-OpenExrWrapper.dll (API version 3709383).
LogModuleManager: Display: Found up-to-date module file ../../../Engine/Plugins/Media/MediaCompositing/Binaries/Win64/UE4Editor-MediaCompositing.dll (API version 3709383).
LogModuleManager: Display: Found up-to-date module file ../../../Engine/Plugins/Media/MediaCompositing/Binaries/Win64/UE4Editor-MediaCompositingEditor.dll (API version 3709383).
LogModuleManager: Display: Found up-to-date module file ../../../Engine/Plugins/Media/MediaPlayerEditor/Binaries/Win64/UE4Editor-MediaPlayerEditor.dll (API version 3709383).
LogModuleManager: Display: Found up-to-date module file ../../../Engine/Plugins/Media/WmfMedia/Binaries/Win64/UE4Editor-WmfMedia.dll (API version 3709383).
LogModuleManager: Display: Found up-to-date module file ../../../Engine/Plugins/Media/WmfMedia/Binaries/Win64/UE4Editor-WmfMediaEditor.dll (API version 3709383).
LogModuleManager: Display: Found up-to-date module file ../../../Engine/Plugins/Media/WmfMedia/Binaries/Win64/UE4Editor-WmfMediaFactory.dll (API version 3709383).
LogModuleManager: Display: Found up-to-date module file ../../../Engine/Plugins/Media/WmfMedia/Binaries/Win64/UE4Editor-WmfMediaFactory.dll (API version 3709383).
LogModuleManager: Display: Found up-to-date module file ../../../Engine/Plugins/Messaging/TcpMessaging/Binaries/Win64/UE4Editor-TcpMessaging.dll (API version 3709383).
LogModuleManager: Display: Found up-to-date module file ../../../Engine/Plugins/Messaging/UdpMessaging/Binaries/Win64/UE4Editor-UdpMessaging.dll (API version 3709383).
LogModuleManager: Display: Found up-to-date module file ../../../Engine/Plugins/MovieScene/ActorSequence/Binaries/Win64/UE4Editor-ActorSequence.dll (API version 3709383).
LogModuleManager: Display: Found up-to-date module file ../../../Engine/Plugins/MovieScene/LevelSequenceEditor/Binaries/Win64/UE4Editor-LevelSequenceEditor.dll (API version 3709383).
LogModuleManager: Display: Found up-to-date module file ../../../Engine/Plugins/MovieScene/MatineeToLevelSequence/Binaries/Win64/UE4Editor-MatineeToLevelSequence.dll (API version 3709383).
LogModuleManager: Display: Found up-to-date module file ../../../Engine/Plugins/Online/OnlineSubsystem/Binaries/Win64/UE4Editor-OnlineSubsystem.dll (API version 3709383).
LogModuleManager: Display: Found up-to-date module file ../../../Engine/Plugins/Runtime/AndroidPermission/Binaries/Win64/UE4Editor-AndroidPermission.dll (API version 3709383).
LogModuleManager: Display: Found up-to-date module file ../../../Engine/Plugins/Online/OnlineSubsystemNull/Binaries/Win64/UE4Editor-OnlineSubsystemNull.dll (API version 3709383).
LogModuleManager: Display: Found up-to-date module file ../../../Engine/Plugins/Online/OnlineSubsystemUtils/Binaries/Win64/UE4Editor-OnlineSubsystemUtils.dll (API version 3709383).
LogModuleManager: Display: Found up-to-date module file ../../../Engine/Plugins/Online/OnlineSubsystemUtils/Binaries/Win64/UE4Editor-OnlineBlueprintSupport.dll (API version 3709383).
LogModuleManager: Display: Found up-to-date module file ../../../Engine/Plugins/Runtime/AndroidDeviceProfileSelector/Binaries/Win64/UE4Editor-AndroidDeviceProfileSelector.dll (API version 3709383).
LogModuleManager: Display: Found up-to-date module file ../../../Engine/Plugins/Runtime/AppleARKit/Binaries/Win64/UE4Editor-AppleARKit.dll (API version 3709383).
LogModuleManager: Display: Found up-to-date module file ../../../Engine/Plugins/Runtime/ArchVisCharacter/Binaries/Win64/UE4Editor-ArchVisCharacter.dll (API version 3709383).
LogModuleManager: Display: Found up-to-date module file ../../../Engine/Plugins/Runtime/CableComponent/Binaries/Win64/UE4Editor-CableComponent.dll (API version 3709383).
LogModuleManager: Display: Found up-to-date module file ../../../Engine/Plugins/Runtime/CustomMeshComponent/Binaries/Win64/UE4Editor-CustomMeshComponent.dll (API version 3709383).
LogModuleManager: Display: Found up-to-date module file ../../../Engine/Plugins/Runtime/ExampleDeviceProfileSelector/Binaries/Win64/UE4Editor-ExampleDeviceProfileSelector.dll (API version 3709383).
LogModuleManager: Display: Found up-to-date module file ../../../Engine/Plugins/Runtime/ImmediatePhysics/Binaries/Win64/UE4Editor-ImmediatePhysics.dll (API version 3709383).
LogModuleManager: Display: Found up-to-date module file ../../../Engine/Plugins/Runtime/ImmediatePhysics/Binaries/Win64/UE4Editor-ImmediatePhysicsEditor.dll (API version 3709383).
LogModuleManager: Display: Found up-to-date module file ../../../Engine/Plugins/Runtime/LocationServicesBPLibrary/Binaries/Win64/UE4Editor-LocationServicesBPLibrary.dll (API version 3709383).
LogModuleManager: Display: Found up-to-date module file ../../../Engine/Plugins/Runtime/MobilePatchingUtils/Binaries/Win64/UE4Editor-MobilePatchingUtils.dll (API version 3709383).
LogModuleManager: Display: Found up-to-date module file ../../../Engine/Plugins/Runtime/Oculus/OculusVR/Binaries/Win64/UE4Editor-OculusHMD.dll (API version 3709383).
LogModuleManager: Display: Found up-to-date module file ../../../Engine/Plugins/Runtime/Oculus/OculusVR/Binaries/Win64/UE4Editor-OculusInput.dll (API version 3709383).
LogModuleManager: Display: Found up-to-date module file ../../../Engine/Plugins/Runtime/Oculus/OculusVR/Binaries/Win64/UE4Editor-OculusEditor.dll (API version 3709383).
LogModuleManager: Display: Found up-to-date module file ../../../Engine/Plugins/Runtime/PhysXVehicles/Binaries/Win64/UE4Editor-PhysXVehicles.dll (API version 3709383).
LogModuleManager: Display: Found up-to-date module file ../../../Engine/Plugins/Runtime/PhysXVehicles/Binaries/Win64/UE4Editor-PhysXVehiclesEditor.dll (API version 3709383).
LogModuleManager: Display: Found up-to-date module file ../../../Engine/Plugins/Runtime/ProceduralMeshComponent/Binaries/Win64/UE4Editor-ProceduralMeshComponent.dll (API version 3709383).
LogModuleManager: Display: Found up-to-date module file ../../../Engine/Plugins/Runtime/ProceduralMeshComponent/Binaries/Win64/UE4Editor-ProceduralMeshComponentEditor.dll (API version 3709383).
LogModuleManager: Display: Found up-to-date module file ../../../Engine/Plugins/Runtime/RuntimePhysXCooking/Binaries/Win64/UE4Editor-RuntimePhysXCooking.dll (API version 3709383).
LogModuleManager: Display: Found up-to-date module file ../../../Engine/Plugins/Runtime/Steam/SteamVR/Binaries/Win64/UE4Editor-SteamVR.dll (API version 3709383).
LogModuleManager: Display: Found up-to-date module file ../../../Engine/Plugins/Runtime/Steam/SteamVR/Binaries/Win64/UE4Editor-SteamVRController.dll (API version 3709383).
LogModuleManager: Display: Found up-to-date module file ../../../Engine/Plugins/Runtime/WindowsMoviePlayer/Binaries/Win64/UE4Editor-WindowsMoviePlayer.dll (API version 3709383).
LogPluginManager: Mounting plugin Paper2D
LogPluginManager: Mounting plugin LightPropagationVolume
LogPluginManager: Mounting plugin CodeLiteSourceCodeAccess
LogPluginManager: Mounting plugin GitSourceControl
LogPluginManager: Mounting plugin KDevelopSourceCodeAccess
LogPluginManager: Mounting plugin NullSourceCodeAccess
LogPluginManager: Mounting plugin PerforceSourceControl
LogPluginManager: Mounting plugin SubversionSourceControl
LogPluginManager: Mounting plugin UObjectPlugin
LogPluginManager: Mounting plugin VisualStudioCodeSourceCodeAccess
LogPluginManager: Mounting plugin VisualStudioSourceCodeAccess
LogPluginManager: Mounting plugin XCodeSourceCodeAccess
LogPluginManager: Mounting plugin AssetManagerEditor
LogPluginManager: Mounting plugin AudioCapture
LogPluginManager: Mounting plugin FacialAnimation
LogPluginManager: Mounting plugin GameplayTagsEditor
LogPluginManager: Mounting plugin MobileLauncherProfileWizard
LogPluginManager: Mounting plugin PluginBrowser
LogPluginManager: Mounting plugin SpeedTreeImporter
LogPluginManager: Mounting plugin AlembicImporter
LogPluginManager: Mounting plugin CharacterAI
LogPluginManager: Mounting plugin HTML5Networking
LogPluginManager: Mounting plugin AndroidMedia
LogPluginManager: Mounting plugin AvfMedia
LogPluginManager: Mounting plugin ImgMedia
LogPluginManager: Mounting plugin MediaCompositing
LogPluginManager: Mounting plugin MediaPlayerEditor
LogPluginManager: Mounting plugin WmfMedia
LogPluginManager: Mounting plugin TcpMessaging
LogPluginManager: Mounting plugin UdpMessaging
LogPluginManager: Mounting plugin ActorSequence
LogPluginManager: Mounting plugin LevelSequenceEditor
LogPluginManager: Mounting plugin MatineeToLevelSequence
LogPluginManager: Mounting plugin OnlineSubsystemGooglePlay
LogPluginManager: Mounting plugin OnlineSubsystemIOS
LogPluginManager: Mounting plugin OnlineSubsystem
LogPluginManager: Mounting plugin OnlineSubsystemNull
LogPluginManager: Mounting plugin OnlineSubsystemUtils
LogPluginManager: Mounting plugin AndroidDeviceProfileSelector
LogPluginManager: Mounting plugin AndroidMoviePlayer
LogPluginManager: Mounting plugin AndroidPermission
LogPluginManager: Mounting plugin AppleARKit
LogPluginManager: Mounting plugin AppleMoviePlayer
LogPluginManager: Mounting plugin ArchVisCharacter
LogPluginManager: Mounting plugin CableComponent
LogPluginManager: Mounting plugin CustomMeshComponent
LogPluginManager: Mounting plugin ExampleDeviceProfileSelector
LogPluginManager: Mounting plugin GoogleCloudMessaging
LogPluginManager: Mounting plugin ImmediatePhysics
LogPluginManager: Mounting plugin IOSDeviceProfileSelector
LogPluginManager: Mounting plugin LinuxDeviceProfileSelector
LogPluginManager: Mounting plugin LocationServicesBPLibrary
LogPluginManager: Mounting plugin MobilePatchingUtils
LogPluginManager: Mounting plugin OculusVR
LogPluginManager: Plugin shader directory ../../../Engine/Plugins/Runtime/Oculus/OculusVR/Shaders found
LogPluginManager: Mapping shader source directory ../../../Engine/Plugins/Runtime/Oculus/OculusVR/Shaders to virtual directory /Plugin/OculusVR
LogPluginManager: Mounting plugin PhysXVehicles
LogPluginManager: Mounting plugin ProceduralMeshComponent
LogPluginManager: Mounting plugin RuntimePhysXCooking
LogPluginManager: Mounting plugin SteamVR
LogPluginManager: Mounting plugin WebBrowserWidget
LogPluginManager: Mounting plugin WindowsMoviePlayer
LogInit: Using libcurl 7.47.1
LogInit:  - built for x86_64-pc-win32
LogInit:  - supports SSL with OpenSSL/1.0.2g
LogInit:  - supports HTTP deflate (compression) using libz 1.2.8
LogInit:  - other features:
LogInit:      CURL_VERSION_SSL
LogInit:      CURL_VERSION_LIBZ
LogInit:      CURL_VERSION_IPV6
LogInit:      CURL_VERSION_ASYNCHDNS
LogInit:      CURL_VERSION_LARGEFILE
LogInit:      CURL_VERSION_IDN
LogInit:  CurlRequestOptions (configurable via config and command line):
LogInit:  - bVerifyPeer = false  - Libcurl will NOT verify peer certificate
LogInit:  - bUseHttpProxy = false  - Libcurl will NOT use HTTP proxy
LogInit:  - bDontReuseConnections = false  - Libcurl will reuse connections
LogInit:  - CertBundlePath = nullptr  - Libcurl will use whatever was configured at build time.
LogInit: Build: ++UE4+Release-4.18-CL-3754814
LogInit: Engine Version: 4.18.1-3754814+++UE4+Release-4.18
LogInit: Compatible Engine Version: 4.18.0-3709383+++UE4+Release-4.18
LogInit: Net CL: 3709383
LogDevObjectVersion: Number of dev versions registered: 16
LogDevObjectVersion:   Dev-Blueprints (B0D832E4-1F89-4F0D-ACCF-7EB736FD4AA2): 10
LogDevObjectVersion:   Dev-Build (E1C64328-A22C-4D53-A36C-8E866417BD8C): 0
LogDevObjectVersion:   Dev-Core (375EC13C-06E4-48FB-B500-84F0262A717E): 2
LogDevObjectVersion:   Dev-Editor (E4B068ED-F494-42E9-A231-DA0B2E46BB41): 20
LogDevObjectVersion:   Dev-Framework (CFFC743F-43B0-4480-9391-14DF171D2073): 30
LogDevObjectVersion:   Dev-Mobile (B02B49B5-BB20-44E9-A304-32B752E40360): 0
LogDevObjectVersion:   Dev-Networking (A4E4105C-59A1-49B5-A7C5-40C4547EDFEE): 0
LogDevObjectVersion:   Dev-Online (39C831C9-5AE6-47DC-9A44-9C173E1C8E7C): 0
LogDevObjectVersion:   Dev-Physics (78F01B33-EBEA-4F98-B9B4-84EACCB95AA2): 0
LogDevObjectVersion:   Dev-Platform (6631380F-2D4D-43E0-8009-CF276956A95A): 0
LogDevObjectVersion:   Dev-Rendering (12F88B9F-8875-4AFC-A67C-D90C383ABD29): 20
LogDevObjectVersion:   Dev-Sequencer (7B5AE74C-D270-4C10-A958-57980B212A5A): 4
LogDevObjectVersion:   Dev-VR (D7296918-1DD6-4BDD-9DE2-64A83CC13884): 0
LogDevObjectVersion:   Dev-LoadTimes (C2A15278-BFE7-4AFE-6C17-90FF531DF755): 1
LogDevObjectVersion:   Private-Geometry (6EACA3D4-40EC-4CC1-B786-8BED09428FC5): 1
LogDevObjectVersion:   Dev-AnimPhys (29E575DD-E0A3-4627-9D10-D276232CDCEA): 12
LogInit: Compiled (64-bit): Nov 14 2017 02:05:55
LogInit: Compiled with Visual C++: 19.00.24215.01
LogInit: Build Configuration: Development
LogInit: Branch Name: ++UE4+Release-4.18
LogInit: Command line: 
LogInit: Base directory: C:/Program Files/Epic Games/UE_4.18/Engine/Binaries/Win64/
LogInit: Installed Engine Build: 1
LogInit: Presizing for max 8388607 objects, including 0 objects not considered by GC, pre-allocating 0 bytes for permanent pool.
LogInit: Object subsystem initialized
[2017.11.25-21.13.38:367][  0]LogInit: Selected Device Profile: [Windows]
[2017.11.25-21.13.38:367][  0]LogInit: Applying CVar settings loaded from the selected device profile: [Windows]
[2017.11.25-21.13.38:375][  0]LogInit: Computer: KORKI-G750JX
[2017.11.25-21.13.38:375][  0]LogInit: User: Korki
[2017.11.25-21.13.38:375][  0]LogInit: CPU Page size=4096, Cores=4
[2017.11.25-21.13.38:375][  0]LogInit: High frequency timer resolution =2.338369 MHz
[2017.11.25-21.13.38:375][  0]LogMemory: Memory total: Physical=15.9GB (16GB approx)
[2017.11.25-21.13.38:375][  0]LogMemory: Platform Memory Stats for Windows
[2017.11.25-21.13.38:375][  0]LogMemory: Process Physical Memory: 274.55 MB used, 274.55 MB peak
[2017.11.25-21.13.38:375][  0]LogMemory: Process Virtual Memory: 273.01 MB used, 273.01 MB peak
[2017.11.25-21.13.38:375][  0]LogMemory: Physical Memory: 4026.16 MB used,  12275.32 MB free, 16301.48 MB total
[2017.11.25-21.13.38:375][  0]LogMemory: Virtual Memory: 625.36 MB used,  12275.32 MB free, 8388608.00 MB total
[2017.11.25-21.13.38:478][  0]LogInit: Using OS detected language (de-DE).
[2017.11.25-21.13.38:478][  0]LogInit: Using OS detected locale (de-DE).
[2017.11.25-21.13.38:481][  0]LogTextLocalizationManager: No localization for 'de-DE' exists, so 'en' will be used for the language.
[2017.11.25-21.13.38:481][  0]LogTextLocalizationManager: No localization for 'de-DE' exists, so 'en' will be used for the locale.
[2017.11.25-21.13.38:890][  0]LogWindows: Failed to load 'shcore.dll' (GetLastError=126)
[2017.11.25-21.13.38:890][  0]LogWindows: File 'shcore.dll' does not exist
[2017.11.25-21.13.38:890][  0]LogInit: Setting process to DPI aware
[2017.11.25-21.13.38:891][  0]LogWindows: Failed to load 'shcore.dll' (GetLastError=126)
[2017.11.25-21.13.38:891][  0]LogWindows: File 'shcore.dll' does not exist
[2017.11.25-21.13.38:892][  0]LogInit: Setting process to DPI aware
[2017.11.25-21.13.39:073][  0]LogD3D11RHI: D3D11 adapters:
[2017.11.25-21.13.39:096][  0]LogD3D11RHI:    0. 'NVIDIA GeForce GTX 770M' (Feature Level 11_0)
[2017.11.25-21.13.39:096][  0]LogD3D11RHI:       3008/0/7894 MB DedicatedVideo/DedicatedSystem/SharedSystem, Outputs:1, VendorId:0x10de
[2017.11.25-21.13.39:096][  0]LogD3D11RHI: Chosen D3D11 Adapter: 0
[2017.11.25-21.13.39:100][  0]LogD3D11RHI: Creating new Direct3DDevice
[2017.11.25-21.13.39:100][  0]LogD3D11RHI:     GPU DeviceId: 0x11e0 (for the marketing name, search the web for "GPU Device Id")
[2017.11.25-21.13.39:100][  0]LogWindows: EnumDisplayDevices:
[2017.11.25-21.13.39:100][  0]LogWindows:    0. 'NVIDIA GeForce GTX 770M' (P:1 D:1)
[2017.11.25-21.13.39:100][  0]LogWindows:    1. 'NVIDIA GeForce GTX 770M' (P:0 D:0)
[2017.11.25-21.13.39:100][  0]LogWindows:    2. 'NVIDIA GeForce GTX 770M' (P:0 D:0)
[2017.11.25-21.13.39:100][  0]LogWindows:    3. 'NVIDIA GeForce GTX 770M' (P:0 D:0)
[2017.11.25-21.13.39:100][  0]LogWindows:    4. 'RDPDD Chained DD' (P:0 D:0)
[2017.11.25-21.13.39:101][  0]LogWindows:    5. 'RDP Encoder Mirror Driver' (P:0 D:0)
[2017.11.25-21.13.39:101][  0]LogWindows:    6. 'RDP Reflector Display Driver' (P:0 D:0)
[2017.11.25-21.13.39:101][  0]LogWindows: DebugString: GetVideoDriverDetailsInvalid PrimaryIsNotTheChoosenAdapter GetVideoDriverDetailsInvalid PrimaryIsNotTheChoosenAdapter GetVideoDriverDetailsInvalid PrimaryIsNotTheChoosenAdapter FoundDriverCount:4 
[2017.11.25-21.13.39:101][  0]LogD3D11RHI:     Adapter Name: NVIDIA GeForce GTX 770M
[2017.11.25-21.13.39:101][  0]LogD3D11RHI:   Driver Version: 385.69 (internal:22.21.13.8569, unified:385.69)
[2017.11.25-21.13.39:101][  0]LogD3D11RHI:      Driver Date: 9-16-2017
[2017.11.25-21.13.39:101][  0]LogRHI: Texture pool is 2106 MB (70% of 3008 MB)
[2017.11.25-21.13.39:110][  0]LogD3D11RHI: Async texture creation enabled
[2017.11.25-21.13.39:126][  0]LogD3D11RHI: GPU Timing Frequency: 1000.000000 (Debug: 2 2)
[2017.11.25-21.13.39:127][  0]LogShaderCompilers: Guid format shader working directory is -16 characters bigger than the processId version (../../../../../../Users/Korki/Documents/GitHub/Hackvention2018/Intermediate/Shaders/WorkingDirectory/3204/).
[2017.11.25-21.13.39:127][  0]LogShaderCompilers: Cleaned the shader compiler working directory 'C:/Users/Korki/AppData/Local/Temp/UnrealShaderWorkingDir/5FEEE7514002E92578DFF08BD991C47C/'.
[2017.11.25-21.13.39:127][  0]LogShaderCompilers: Display: Using Local Shader Compiler.
[2017.11.25-21.13.39:983][  0]LogTemp: Display: Loaded TP AllDesktopTargetPlatform
[2017.11.25-21.13.40:021][  0]LogTemp: Display: Loaded TP MacClientTargetPlatform
[2017.11.25-21.13.40:059][  0]LogTemp: Display: Loaded TP MacNoEditorTargetPlatform
[2017.11.25-21.13.40:097][  0]LogTemp: Display: Loaded TP MacServerTargetPlatform
[2017.11.25-21.13.40:135][  0]LogTemp: Display: Loaded TP MacTargetPlatform
[2017.11.25-21.13.40:178][  0]LogTemp: Display: Loaded TP WindowsClientTargetPlatform
[2017.11.25-21.13.40:218][  0]LogTemp: Display: Loaded TP WindowsNoEditorTargetPlatform
[2017.11.25-21.13.40:257][  0]LogTemp: Display: Loaded TP WindowsServerTargetPlatform
[2017.11.25-21.13.40:289][  0]LogTemp: Display: Loaded TP WindowsTargetPlatform
[2017.11.25-21.13.40:326][  0]LogTemp: Display: Loaded TP Android_ASTCTargetPlatform
[2017.11.25-21.13.40:363][  0]LogTemp: Display: Loaded TP Android_ATCTargetPlatform
[2017.11.25-21.13.40:399][  0]LogTemp: Display: Loaded TP Android_DXTTargetPlatform
[2017.11.25-21.13.40:436][  0]LogTemp: Display: Loaded TP Android_ETC1TargetPlatform
[2017.11.25-21.13.40:474][  0]LogTemp: Display: Loaded TP Android_ETC2TargetPlatform
[2017.11.25-21.13.40:547][  0]LogTemp: Display: Loaded TP Android_MultiTargetPlatform
[2017.11.25-21.13.40:547][  0]LogTemp: Display: Loaded TP Android_PVRTCTargetPlatform
[2017.11.25-21.13.40:584][  0]LogTemp: Display: Loaded TP AndroidTargetPlatform
[2017.11.25-21.13.40:609][  0]LogTemp: Display: Loaded TP HTML5TargetPlatform
[2017.11.25-21.13.40:679][  0]LogTemp: Display: Loaded TP IOSTargetPlatform
[2017.11.25-21.13.40:701][  0]LogTemp: Display: Loaded TP TVOSTargetPlatform
[2017.11.25-21.13.40:737][  0]LogTemp: Display: Loaded TP LinuxClientTargetPlatform
[2017.11.25-21.13.40:774][  0]LogTemp: Display: Loaded TP LinuxNoEditorTargetPlatform
[2017.11.25-21.13.40:810][  0]LogTemp: Display: Loaded TP LinuxServerTargetPlatform
[2017.11.25-21.13.40:848][  0]LogTemp: Display: Loaded TP LinuxTargetPlatform
[2017.11.25-21.13.40:848][  0]LogTargetPlatformManager: Display: Building Assets For Windows
[2017.11.25-21.13.41:151][  0]LogDerivedDataCache: Display: Max Cache Size: 512 MB
[2017.11.25-21.13.41:238][  0]LogDerivedDataCache: Loaded boot cache 0.09s 92MB C:/Users/Korki/AppData/Local/UnrealEngine/4.18/DerivedDataCache/Boot.ddc.
[2017.11.25-21.13.41:238][  0]LogDerivedDataCache: Display: Loaded Boot cache: C:/Users/Korki/AppData/Local/UnrealEngine/4.18/DerivedDataCache/Boot.ddc
[2017.11.25-21.13.41:238][  0]LogDerivedDataCache: FDerivedDataBackendGraph:  Pak pak cache file ../../../../../../Users/Korki/Documents/GitHub/Hackvention2018/DerivedDataCache/DDC.ddp not found, will not use a pak cache.
[2017.11.25-21.13.41:238][  0]LogDerivedDataCache: Unable to find inner node Pak for hierarchical cache Hierarchy.
[2017.11.25-21.13.41:238][  0]LogDerivedDataCache: FDerivedDataBackendGraph:  CompressedPak pak cache file ../../../../../../Users/Korki/Documents/GitHub/Hackvention2018/DerivedDataCache/Compressed.ddp not found, will not use a pak cache.
[2017.11.25-21.13.41:238][  0]LogDerivedDataCache: Unable to find inner node CompressedPak for hierarchical cache Hierarchy.
[2017.11.25-21.13.41:256][  0]LogDerivedDataCache: Display: Pak cache opened for reading ../../../Engine/DerivedDataCache/Compressed.ddp.
[2017.11.25-21.13.41:267][  0]LogDerivedDataCache: Using Local data cache path C:/Users/Korki/AppData/Local/UnrealEngine/Common/DerivedDataCache: Writable
[2017.11.25-21.13.41:277][  0]LogMaterial: Verifying Global Shaders for PCD3D_SM5
[2017.11.25-21.13.41:277][  0]LogSlate: Using Freetype 2.6.0
[2017.11.25-21.13.41:278][  0]LogSlate: SlateFontCache - WITH_FREETYPE: 1, WITH_HARFBUZZ: 1
[2017.11.25-21.13.41:278][  0]LogSlate: SlateFontCache - WITH_FREETYPE: 1, WITH_HARFBUZZ: 1
[2017.11.25-21.13.41:613][  0]LogInit: Selected Device Profile: [Windows]
[2017.11.25-21.13.41:879][  0]LogSimplygon: Simplygon DLL not present - disabling.
[2017.11.25-21.13.41:907][  0]LogMeshReduction: Using SimplygonSwarm for distributed automatic mesh merging
[2017.11.25-21.13.41:907][  0]LogMeshReduction: Using QuadricMeshReduction for automatic static mesh reduction
[2017.11.25-21.13.41:907][  0]LogMeshReduction: No automatic skeletal mesh reduction module available
[2017.11.25-21.13.41:907][  0]LogMeshReduction: No automatic mesh merging module available
[2017.11.25-21.13.41:907][  0]LogMeshMerging: No automatic mesh merging module available
[2017.11.25-21.13.41:932][  0]LogNetVersion: Hackvention2018 , NetCL: 3709383, EngineNetVer: 2, GameNetVer: 0 (Checksum: 2858232117)
[2017.11.25-21.13.42:093][  0]LogAssetRegistry: FAssetRegistry took 0.0248 seconds to start up
[2017.11.25-21.13.42:546][  0]LogPackageLocalizationCache: Processed 7 localized package path(s) for 1 prioritized culture(s) in 0.021766 seconds
[2017.11.25-21.13.42:552][  0]LogUObjectArray: 35900 objects as part of root set at end of initial load.
[2017.11.25-21.13.42:552][  0]LogUObjectAllocator: 7372024 out of 0 bytes used by permanent object pool.
[2017.11.25-21.13.42:552][  0]LogUObjectArray: CloseDisregardForGC: 0/0 objects in disregard for GC pool
[2017.11.25-21.13.42:587][  0]LogInit: WinSock: version 1.1 (2.2), MaxSocks=32767, MaxUdp=65467
[2017.11.25-21.13.44:704][  0]LogTcpMessaging: Initializing TcpMessaging bridge
[2017.11.25-21.13.44:734][  0]LogUdpMessaging: Initializing bridge on interface 0.0.0.0:0 to multicast group 230.0.0.1:6666.
[2017.11.25-21.13.45:281][  0]LogMaterial: Uniform references updated for custom material expression Custom.
[2017.11.25-21.13.45:600][  0]SourceControl: Source control is disabled
[2017.11.25-21.13.45:601][  0]SourceControl: Source control is disabled
[2017.11.25-21.13.45:636][  0]SourceControl: Source control is disabled
[2017.11.25-21.13.45:670][  0]SourceControl: Source control is disabled
[2017.11.25-21.13.46:216][  0]LogAndroidPermission: UAndroidPermissionCallbackProxy::GetInstance
[2017.11.25-21.13.46:398][  0]LogOcInput: OculusInput pre-init called
[2017.11.25-21.13.46:607][  0]LogEngine: Initializing Engine...
[2017.11.25-21.13.46:609][  0]LogHMD: Failed to initialize OpenVR with code 110
[2017.11.25-21.13.46:875][  0]LogStats: UGameplayTagsManager::ConstructGameplayTagTree: Construct from data asset -  0.000 s
[2017.11.25-21.13.46:875][  0]LogStats: UGameplayTagsManager::ConstructGameplayTagTree: GameplayTagTreeChangedEvent.Broadcast -  0.000 s
[2017.11.25-21.13.46:964][  0]LogAIModule: Creating AISystem for world Untitled
[2017.11.25-21.13.46:974][  0]LogInit: XAudio2 using 'Lautsprecher (2- High Definition Audio-Gerät)' : 2 channels at 44.1 kHz using 16 bits per sample (channel mask 0x3)
[2017.11.25-21.13.46:989][  0]LogInit: FAudioDevice initialized.
[2017.11.25-21.13.47:127][  0]LogDerivedDataCache: Saved boot cache 0.14s 92MB C:/Users/Korki/AppData/Local/UnrealEngine/4.18/DerivedDataCache/Boot.ddc.
[2017.11.25-21.13.47:136][  0]LogInit: Texture streaming: Enabled
[2017.11.25-21.13.47:204][  0]LogEngineSessionManager: EngineSessionManager initialized
[2017.11.25-21.13.47:204][  0]LogEngineSessionManager: EngineSessionManager sent abnormal shutdown report. Type=AbnormalShutdown, SessionId={0F70FDA2-4B94-C1D4-A8A9-FC99B2AEE3B5}
[2017.11.25-21.13.47:290][  0]LogInit: Transaction tracking system initialized
[2017.11.25-21.13.47:499][  0]BlueprintLog: New page: Editor Load
[2017.11.25-21.13.48:097][  0]LocalizationService: Localization service is disabled
[2017.11.25-21.13.48:605][  0]LogConsoleResponse: Display: 
[2017.11.25-21.13.48:758][  0]LogCook: Display: Max memory allowance for cook 16384mb min free memory 0mb
[2017.11.25-21.13.48:758][  0]LogCook: Display: Mobile HDR setting 1
[2017.11.25-21.13.48:758][  0]LogGameplayTags: Display: UGameplayTagsManager::DoneAddingNativeTags. DelegateIsBound: 0
[2017.11.25-21.13.49:071][  0]LogFileCache: Scanning file cache for directory 'C:/Users/Korki/Documents/GitHub/Hackvention2018/Content/' took 0.01s
[2017.11.25-21.13.49:572][  0]SourceControl: Source control is disabled
[2017.11.25-21.13.49:572][  0]Cmd: MAP LOAD FILE="../../../../../../Users/Korki/Documents/GitHub/Hackvention2018/Content/VirtualRealityBP/Maps/StartupMap.umap" TEMPLATE=0 SHOWPROGRESS=1 FEATURELEVEL=3
[2017.11.25-21.13.49:572][  0]LogEditorServer: Warning: Can't find file '../../../../../../Users/Korki/Documents/GitHub/Hackvention2018/Content/VirtualRealityBP/Maps/StartupMap.umap'
[2017.11.25-21.13.49:572][  0]Cmd: MAP CHECKDEP NOCLEARLOG
[2017.11.25-21.13.49:601][  0]MapCheck: Map check complete: 0 Error(s), 0 Warning(s), took 29.461ms to complete.
[2017.11.25-21.13.49:601][  0]LogFileHelpers: Loading map 'StartupMap' took 0.030
[2017.11.25-21.13.49:716][  0]LogCollectionManager: Loaded 0 collections in 0.001658 seconds
[2017.11.25-21.13.49:778][  0]LogFileCache: Scanning file cache for directory 'C:/Users/Korki/Documents/GitHub/Hackvention2018/Saved/Collections/' took 0.01s
[2017.11.25-21.13.49:778][  0]LogFileCache: Scanning file cache for directory 'C:/Users/Korki/Documents/GitHub/Hackvention2018/Content/Developers/Korki/Collections/' took 0.01s
[2017.11.25-21.13.49:778][  0]LogFileCache: Scanning file cache for directory 'C:/Users/Korki/Documents/GitHub/Hackvention2018/Content/Collections/' took 0.01s
[2017.11.25-21.13.49:778][  0]LogCollectionManager: Rebuilt the GUID cache for 0 collections in 0.000000 seconds
[2017.11.25-21.13.49:786][  0]LogContentBrowser: Native class hierarchy populated in 0.0082 seconds. Added 2364 classes and 522 folders.
[2017.11.25-21.13.49:830][  0]LogContentBrowser: Native class hierarchy updated for 'WidgetCarousel' in 0.0002 seconds. Added 0 classes and 0 folders.
[2017.11.25-21.13.49:859][  0]LogContentBrowser: Native class hierarchy updated for 'AddContentDialog' in 0.0002 seconds. Added 0 classes and 0 folders.
[2017.11.25-21.13.49:933][  0]LogContentBrowser: Native class hierarchy updated for 'SceneOutliner' in 0.0003 seconds. Added 1 classes and 2 folders.
[2017.11.25-21.13.49:987][  0]LogSlate: Took 0.000131 seconds to synchronously load lazily loaded font '../../../Engine/Content/Slate/Fonts/Roboto-Regular.ttf' (155K)
[2017.11.25-21.13.49:989][  0]LogSlate: Took 0.000130 seconds to synchronously load lazily loaded font '../../../Engine/Content/Slate/Fonts/Roboto-Bold.ttf' (160K)
[2017.11.25-21.13.49:990][  0]LogSlate: Took 0.000104 seconds to synchronously load lazily loaded font '../../../Engine/Content/Editor/Slate/Fonts/FontAwesome.ttf' (139K)
[2017.11.25-21.13.50:095][  0]LogRenderer: Reallocating scene render targets to support 976x920 Format 26 NumSamples 1 (Frame:1).
[2017.11.25-21.13.50:309][  0]LogContentBrowser: Native class hierarchy updated for 'HierarchicalLODOutliner' in 0.0003 seconds. Added 1 classes and 2 folders.
[2017.11.25-21.13.50:309][  0]LogLoad: (Engine Initialization) Total time: 13.67 seconds
[2017.11.25-21.13.50:309][  0]LogLoad: (Engine Initialization) Total Blueprint compile time: 0.00 seconds
[2017.11.25-21.13.50:309][  0]LogExternalProfiler: No external profilers were discovered.  External profiling features will not be available.
[2017.11.25-21.13.50:345][  0]LogContentStreaming: Texture pool size now 1000 MB
[2017.11.25-21.13.50:360][  0]LogSlate: Took 0.000100 seconds to synchronously load lazily loaded font '../../../Engine/Content/Slate/Fonts/Roboto-Light.ttf' (159K)
[2017.11.25-21.13.50:402][  1]LogAssetRegistry: Asset discovery search completed in 8.3287 seconds
[2017.11.25-21.13.50:403][  1]LogCollectionManager: Rebuilt the object cache for 0 collections in 0.000000 seconds (found 0 objects)
[2017.11.25-21.13.50:403][  1]LogCollectionManager: Fixed up redirectors for 0 collections in 0.000033 seconds (updated 0 objects)
[2017.11.25-21.13.55:614][299]LogSlate: Took 0.000121 seconds to synchronously load lazily loaded font '../../../Engine/Content/Slate/Fonts/Roboto-Light.ttf' (159K)
[2017.11.25-21.13.55:790][299]LogAIModule: Creating AISystem for world HackventionLevel
[2017.11.25-21.13.55:829][299]Cmd: MAP LOAD FILE="../../../../../../Users/Korki/Documents/GitHub/Hackvention2018/Content/Maps/HackventionLevel.umap" TEMPLATE=0 SHOWPROGRESS=1 FEATURELEVEL=3
[2017.11.25-21.13.55:829][299]LightingResults: New page: Lighting Build
[2017.11.25-21.13.55:857][299]LogContentBrowser: Native class hierarchy updated for 'StatsViewer' in 0.0002 seconds. Added 5 classes and 0 folders.
[2017.11.25-21.13.55:858][299]LoadErrors: New page: Loading map: HackventionLevel.umap
[2017.11.25-21.13.55:859][299]MapCheck: New page: Map Check
[2017.11.25-21.13.55:859][299]LightingResults: New page: Lighting Build
[2017.11.25-21.13.55:953][299]LogEditorServer: Finished looking for orphan Actors (0.000 secs)
[2017.11.25-21.13.55:985][299]Cmd: MAP CHECKDEP NOCLEARLOG
[2017.11.25-21.13.56:017][299]MapCheck: Map check complete: 0 Error(s), 0 Warning(s), took 31.026ms to complete.
[2017.11.25-21.13.56:018][299]LogFileHelpers: Loading map 'HackventionLevel' took 0.190
[2017.11.25-21.14.45:659][642]LogFactory: FactoryCreateFile: StaticMesh with FbxFactory (0 0 E:\Hackathon2018\Models\Anatomy_Man_Printable.obj)
[2017.11.25-21.14.45:757][642]LogFbx: Loading FBX Scene from E:\Hackathon2018\Models\Anatomy_Man_Printable.obj
[2017.11.25-21.14.47:545][642]LogFbx: FBX Scene Loaded Succesfully
[2017.11.25-21.14.47:548][642]LogSlate: Took 0.000108 seconds to synchronously load lazily loaded font '../../../Engine/Content/Slate/Fonts/Roboto-Regular.ttf' (155K)
[2017.11.25-21.15.13:281][642]LogAssetTools: Warning: Failed to import 'E:\Hackathon2018\Models\cimbernzirkelstl-noAus.mtl'. Unknown extension 'mtl'.
[2017.11.25-21.15.13:289][642]LogFactory: FactoryCreateFile: StaticMesh with FbxFactory (0 0 E:\Hackathon2018\Models\cimbernzirkelstl-noAus.obj)
[2017.11.25-21.15.13:394][642]LogFactory: FactoryCreateFile: StaticMesh with FbxFactory (0 0 E:\Hackathon2018\Models\fus+zombi.obj)
[2017.11.25-21.15.13:445][642]LogFactory: FactoryCreateFile: StaticMesh with FbxFactory (0 0 E:\Hackathon2018\Models\Girl+Head.obj)
[2017.11.25-21.15.13:939][642]LogFactory: FactoryCreateFile: StaticMesh with FbxFactory (0 0 E:\Hackathon2018\Models\male_head_high_jc.OBJ)
[2017.11.25-21.15.14:015][642]LogFactory: FactoryCreateFile: StaticMesh with FbxFactory (0 0 E:\Hackathon2018\Models\Dierolf_Frank_160630_1139_left.obj)
[2017.11.25-21.15.14:029][642]LogAssetTools: Warning: Failed to import 'E:\Hackathon2018\Models\Dierolf_Frank_160630_1139_left.mtl'. Unknown extension 'mtl'.
[2017.11.25-21.15.14:049][642]LogFactory: FactoryCreateFile: StaticMesh with FbxFactory (0 0 E:\Hackathon2018\Models\Dierolf_Frank_160630_1139_right.obj)
[2017.11.25-21.15.14:065][642]LogAssetTools: Warning: Failed to import 'E:\Hackathon2018\Models\Dierolf_Frank_160630_1139_right.mtl'. Unknown extension 'mtl'.
[2017.11.25-21.15.14:108][642]LogFactory: FactoryCreateFile: StaticMesh with FbxFactory (0 0 E:\Hackathon2018\Models\ScheißVase5.obj)
[2017.11.25-21.15.14:126][642]LogAssetTools: Warning: Failed to import 'E:\Hackathon2018\Models\ScheißVase5.mtl'. Unknown extension 'mtl'.
[2017.11.25-21.15.28:395][944]LogFactory: FactoryCreateFile: StaticMesh with FbxFactory (0 0 E:\Hackathon2018\Models\cimbernzirkelstl-noAus.obj)
[2017.11.25-21.15.28:426][944]LogFbx: Loading FBX Scene from E:\Hackathon2018\Models\cimbernzirkelstl-noAus.obj
[2017.11.25-21.15.28:462][944]LogFbx: FBX Scene Loaded Succesfully
[2017.11.25-21.15.31:436][944]LogFbx: Loading FBX Scene from E:\Hackathon2018\Models\cimbernzirkelstl-noAus.obj
[2017.11.25-21.15.31:489][944]LogFbx: FBX Scene Loaded Succesfully
[2017.11.25-21.15.31:490][944]LogLinker: Can't find file '/Game/LevelModels/None'
[2017.11.25-21.15.31:490][944]LogLinker: Can't find file '/Game/LevelModels/None'
[2017.11.25-21.15.31:495][944]LogMaterial: Missing cached shader map for material Material_0, compiling. 
[2017.11.25-21.15.31:548][944]LogStaticMesh: Building static mesh cimbernzirkelstl-noAus...
[2017.11.25-21.15.31:585][944]LogStaticMesh: Built static mesh [0.04s] /Game/LevelModels/cimbernzirkelstl-noAus.cimbernzirkelstl-noAus
[2017.11.25-21.15.31:596][944]LogStaticMesh: Warning: cimbernzirkelstl-noAus has degenerate tangent bases which will result in incorrect shading.  MikkTSpace relies on tangent bases and may result in mesh corruption, consider disabling this option.
[2017.11.25-21.15.31:596][944]LogStaticMesh: Warning: cimbernzirkelstl-noAus has some nearly zero bi-normals which can create some issues. (Tolerance of 1E-4)
[2017.11.25-21.15.31:611][944]FBXImport: Warning: No smoothing group information was found in this FBX scene.  Please make sure to enable the 'Export Smoothing Groups' option in the FBX Exporter plug-in before exporting the file.  Even for tools that don't support smoothing groups, the FBX Exporter will generate appropriate smoothing data at export-time so that correct vertex normals can be inferred while importing. 
[2017.11.25-21.15.31:611][944]FBXImport: Warning: cimbernzirkelstl-noAus has degenerate tangent bases which will result in incorrect shading.  MikkTSpace relies on tangent bases and may result in mesh corruption, consider disabling this option. 
[2017.11.25-21.15.31:611][944]FBXImport: Warning: cimbernzirkelstl-noAus has some nearly zero bi-normals which can create some issues. (Tolerance of 1E-4) 
[2017.11.25-21.15.31:636][944]LogFactory: FactoryCreateFile: StaticMesh with FbxFactory (0 0 E:\Hackathon2018\Models\fus+zombi.obj)
[2017.11.25-21.15.33:981][944]LogFbx: Loading FBX Scene from E:\Hackathon2018\Models\fus+zombi.obj
[2017.11.25-21.15.34:385][944]LogFbx: FBX Scene Loaded Succesfully
[2017.11.25-21.15.34:388][944]LogLinker: Can't find file '/Game/LevelModels/BodyMat'
[2017.11.25-21.15.34:388][944]LogLinker: Can't find file '/Game/LevelModels/BodyMat'
[2017.11.25-21.15.34:392][944]LogMaterial: Missing cached shader map for material BodyMat, compiling. 
[2017.11.25-21.15.34:465][944]LogStaticMesh: Building static mesh fus+zombi_Body...
[2017.11.25-21.15.34:926][944]LogStaticMesh: Built static mesh [0.46s] /Game/LevelModels/fus+zombi_Body.fus+zombi_Body
[2017.11.25-21.15.35:107][944]LogLinker: Can't find file '/Game/LevelModels/BottomsMat'
[2017.11.25-21.15.35:107][944]LogLinker: Can't find file '/Game/LevelModels/BottomsMat'
[2017.11.25-21.15.35:110][944]LogMaterial: Missing cached shader map for material BottomsMat, compiling. 
[2017.11.25-21.15.35:163][944]LogStaticMesh: Building static mesh fus+zombi_Bottoms...
[2017.11.25-21.15.35:235][944]LogStaticMesh: Built static mesh [0.07s] /Game/LevelModels/fus+zombi_Bottoms.fus+zombi_Bottoms
[2017.11.25-21.15.35:268][944]LogLinker: Can't find file '/Game/LevelModels/defaultMat'
[2017.11.25-21.15.35:268][944]LogLinker: Can't find file '/Game/LevelModels/defaultMat'
[2017.11.25-21.15.35:272][944]LogMaterial: Missing cached shader map for material defaultMat, compiling. 
[2017.11.25-21.15.35:318][944]LogStaticMesh: Building static mesh fus+zombi_default...
[2017.11.25-21.15.35:344][944]LogStaticMesh: Built static mesh [0.03s] /Game/LevelModels/fus+zombi_default.fus+zombi_default
[2017.11.25-21.15.35:360][944]LogLinker: Can't find file '/Game/LevelModels/EyelashesMat'
[2017.11.25-21.15.35:361][944]LogLinker: Can't find file '/Game/LevelModels/EyelashesMat'
[2017.11.25-21.15.35:370][944]LogMaterial: Missing cached shader map for material EyelashesMat, compiling. 
[2017.11.25-21.15.35:417][944]LogStaticMesh: Building static mesh fus+zombi_Eyelashes...
[2017.11.25-21.15.35:425][944]LogStaticMesh: Built static mesh [0.01s] /Game/LevelModels/fus+zombi_Eyelashes.fus+zombi_Eyelashes
[2017.11.25-21.15.35:438][944]FBXImport: Warning: No smoothing group information was found in this FBX scene.  Please make sure to enable the 'Export Smoothing Groups' option in the FBX Exporter plug-in before exporting the file.  Even for tools that don't support smoothing groups, the FBX Exporter will generate appropriate smoothing data at export-time so that correct vertex normals can be inferred while importing. 
[2017.11.25-21.15.35:438][944]FBXImport: Warning: Warning: The imported mesh is very small. This is most likely an issue with the units used when exporting to FBX. 
[2017.11.25-21.15.35:553][944]LogFactory: FactoryCreateFile: StaticMesh with FbxFactory (0 0 E:\Hackathon2018\Models\Girl+Head.obj)
[2017.11.25-21.15.38:321][944]LogFbx: Loading FBX Scene from E:\Hackathon2018\Models\Girl+Head.obj
[2017.11.25-21.15.38:490][944]LogFbx: FBX Scene Loaded Succesfully
[2017.11.25-21.15.38:491][944]LogFbx: Warning: Triangulating static mesh Body
[2017.11.25-21.15.38:659][944]LogStaticMesh: Building static mesh Girl+Head_Body...
[2017.11.25-21.15.38:897][944]LogStaticMesh: Built static mesh [0.24s] /Game/LevelModels/Girl+Head_Body.Girl+Head_Body
[2017.11.25-21.15.38:985][944]LogFbx: Warning: Triangulating static mesh default
[2017.11.25-21.15.39:005][944]LogStaticMesh: Building static mesh Girl+Head_default...
[2017.11.25-21.15.39:031][944]LogStaticMesh: Built static mesh [0.03s] /Game/LevelModels/Girl+Head_default.Girl+Head_default
[2017.11.25-21.15.39:046][944]LogFbx: Warning: Triangulating static mesh Eyelashes
[2017.11.25-21.15.39:048][944]LogStaticMesh: Building static mesh Girl+Head_Eyelashes...
[2017.11.25-21.15.39:053][944]LogStaticMesh: Built static mesh [0.01s] /Game/LevelModels/Girl+Head_Eyelashes.Girl+Head_Eyelashes
[2017.11.25-21.15.39:066][944]FBXImport: Warning: No smoothing group information was found in this FBX scene.  Please make sure to enable the 'Export Smoothing Groups' option in the FBX Exporter plug-in before exporting the file.  Even for tools that don't support smoothing groups, the FBX Exporter will generate appropriate smoothing data at export-time so that correct vertex normals can be inferred while importing. 
[2017.11.25-21.15.39:066][944]FBXImport: Warning: Warning: The imported mesh is very small. This is most likely an issue with the units used when exporting to FBX. 
[2017.11.25-21.15.39:138][944]LogFactory: FactoryCreateFile: StaticMesh with FbxFactory (0 0 E:\Hackathon2018\Models\Dierolf_Frank_160630_1139_left.obj)
[2017.11.25-21.15.40:795][944]LogFbx: Loading FBX Scene from E:\Hackathon2018\Models\Dierolf_Frank_160630_1139_left.obj
[2017.11.25-21.15.41:196][944]LogFbx: FBX Scene Loaded Succesfully
[2017.11.25-21.15.41:205][944]LogMaterial: Missing cached shader map for material Material_1, compiling. 
[2017.11.25-21.15.41:305][944]LogStaticMesh: Building static mesh Dierolf_Frank_160630_1139_left...
[2017.11.25-21.15.43:064][944]LogStaticMesh: Built static mesh [1.76s] /Game/LevelModels/Dierolf_Frank_160630_1139_left.Dierolf_Frank_160630_1139_left
[2017.11.25-21.15.43:229][944]LogStaticMesh: Warning: Dierolf_Frank_160630_1139_left has some nearly zero bi-normals which can create some issues. (Tolerance of 1E-4)
[2017.11.25-21.15.43:404][944]FBXImport: Warning: No smoothing group information was found in this FBX scene.  Please make sure to enable the 'Export Smoothing Groups' option in the FBX Exporter plug-in before exporting the file.  Even for tools that don't support smoothing groups, the FBX Exporter will generate appropriate smoothing data at export-time so that correct vertex normals can be inferred while importing. 
[2017.11.25-21.15.43:404][944]FBXImport: Warning: Dierolf_Frank_160630_1139_left has some nearly zero bi-normals which can create some issues. (Tolerance of 1E-4) 
[2017.11.25-21.15.43:575][944]LogAssetTools: Warning: Failed to import 'E:\Hackathon2018\Models\Dierolf_Frank_160630_1139_left.mtl'. Unknown extension 'mtl'.
[2017.11.25-21.15.43:586][944]LogFactory: FactoryCreateFile: StaticMesh with FbxFactory (0 0 E:\Hackathon2018\Models\Dierolf_Frank_160630_1139_right.obj)
[2017.11.25-21.15.52:710][944]LogFbx: Loading FBX Scene from E:\Hackathon2018\Models\Dierolf_Frank_160630_1139_right.obj
[2017.11.25-21.15.53:082][944]LogFbx: FBX Scene Loaded Succesfully
[2017.11.25-21.15.53:091][944]LogMaterial: Missing cached shader map for material Material_2, compiling. 
[2017.11.25-21.15.53:179][944]LogStaticMesh: Building static mesh Dierolf_Frank_160630_1139_right...
[2017.11.25-21.15.54:644][944]LogStaticMesh: Built static mesh [1.47s] /Game/LevelModels/Dierolf_Frank_160630_1139_right.Dierolf_Frank_160630_1139_right
[2017.11.25-21.15.54:814][944]LogStaticMesh: Warning: Dierolf_Frank_160630_1139_right has some nearly zero bi-normals which can create some issues. (Tolerance of 1E-4)
[2017.11.25-21.15.54:983][944]FBXImport: Warning: No smoothing group information was found in this FBX scene.  Please make sure to enable the 'Export Smoothing Groups' option in the FBX Exporter plug-in before exporting the file.  Even for tools that don't support smoothing groups, the FBX Exporter will generate appropriate smoothing data at export-time so that correct vertex normals can be inferred while importing. 
[2017.11.25-21.15.54:983][944]FBXImport: Warning: Dierolf_Frank_160630_1139_right has some nearly zero bi-normals which can create some issues. (Tolerance of 1E-4) 
[2017.11.25-21.15.55:168][944]LogAssetTools: Warning: Failed to import 'E:\Hackathon2018\Models\Dierolf_Frank_160630_1139_right.mtl'. Unknown extension 'mtl'.
[2017.11.25-21.15.55:199][944]LogFactory: FactoryCreateFile: StaticMesh with FbxFactory (0 0 E:\Hackathon2018\Models\ScheißVase5.obj)
[2017.11.25-21.16.00:772][944]LogFbx: Loading FBX Scene from E:\Hackathon2018\Models\ScheißVase5.obj
[2017.11.25-21.16.01:867][944]LogFbx: FBX Scene Loaded Succesfully
[2017.11.25-21.16.02:090][944]LogStaticMesh: Building static mesh ScheißVase5...
[2017.11.25-21.16.03:648][944]LogStaticMesh: Built static mesh [1.56s] /Game/LevelModels/ScheißVase5.ScheißVase5
[2017.11.25-21.16.04:181][944]LogStaticMesh: Warning: ScheißVase5 has degenerate tangent bases which will result in incorrect shading.  MikkTSpace relies on tangent bases and may result in mesh corruption, consider disabling this option.
[2017.11.25-21.16.04:181][944]LogStaticMesh: Warning: ScheißVase5 has some nearly zero bi-normals which can create some issues. (Tolerance of 1E-4)
[2017.11.25-21.16.04:720][944]FBXImport: Warning: No smoothing group information was found in this FBX scene.  Please make sure to enable the 'Export Smoothing Groups' option in the FBX Exporter plug-in before exporting the file.  Even for tools that don't support smoothing groups, the FBX Exporter will generate appropriate smoothing data at export-time so that correct vertex normals can be inferred while importing. 
[2017.11.25-21.16.04:720][944]FBXImport: Warning: ScheißVase5 has degenerate tangent bases which will result in incorrect shading.  MikkTSpace relies on tangent bases and may result in mesh corruption, consider disabling this option. 
[2017.11.25-21.16.04:720][944]FBXImport: Warning: ScheißVase5 has some nearly zero bi-normals which can create some issues. (Tolerance of 1E-4) 
[2017.11.25-21.16.05:294][944]LogAssetTools: Warning: Failed to import 'E:\Hackathon2018\Models\ScheißVase5.mtl'. Unknown extension 'mtl'.
[2017.11.25-21.16.05:298][944]LogAssetTools: Warning: Failed to import 'E:\Hackathon2018\Models\cimbernzirkelstl-noAus.mtl'. Unknown extension 'mtl'.
[2017.11.25-21.16.36:972][578]Cmd: OBJ SAVEPACKAGE PACKAGE="/Game/LevelModels/cimbernzirkelstl-noAus" FILE="../../../../../../Users/Korki/Documents/GitHub/Hackvention2018/Content/LevelModels/cimbernzirkelstl-noAus.uasset" SILENT=true
[2017.11.25-21.16.36:984][578]LogSavePackage: Save=11.16ms
[2017.11.25-21.16.36:984][578]LogSavePackage: Moving '../../../../../../Users/Korki/Documents/GitHub/Hackvention2018/Saved/cimbernzirkelstl-noAus2C47C2F345A4D90D0B7794A8311B7D24.tmp' to '../../../../../../Users/Korki/Documents/GitHub/Hackvention2018/Content/LevelModels/cimbernzirkelstl-noAus.uasset'
[2017.11.25-21.16.36:984][578]LogSavePackage: Display: Finished SavePackage ../../../../../../Users/Korki/Documents/GitHub/Hackvention2018/Content/LevelModels/cimbernzirkelstl-noAus.uasset
[2017.11.25-21.16.37:030][578]LogSavePackage: Save=12.16ms
[2017.11.25-21.16.37:030][578]LogSavePackage: Moving '../../../../../../Users/Korki/Documents/GitHub/Hackvention2018/Saved/Dierolf_Frank_160630_1139_left4861ABE4441FEA0B41A58C92BB1D0868.tmp' to '../../../../../../Users/Korki/Documents/GitHub/Hackvention2018/Content/LevelModels/Dierolf_Frank_160630_1139_left.uasset'
[2017.11.25-21.16.37:031][578]LogSavePackage: Display: Finished SavePackage ../../../../../../Users/Korki/Documents/GitHub/Hackvention2018/Content/LevelModels/Dierolf_Frank_160630_1139_left.uasset
[2017.11.25-21.16.37:075][578]LogSavePackage: Save=11.98ms
[2017.11.25-21.16.37:075][578]LogSavePackage: Moving '../../../../../../Users/Korki/Documents/GitHub/Hackvention2018/Saved/Dierolf_Frank_160630_1139_right15D61CAF4A968DADA6AE71A8EF21FC2E.tmp' to '../../../../../../Users/Korki/Documents/GitHub/Hackvention2018/Content/LevelModels/Dierolf_Frank_160630_1139_right.uasset'
[2017.11.25-21.16.37:076][578]LogSavePackage: Display: Finished SavePackage ../../../../../../Users/Korki/Documents/GitHub/Hackvention2018/Content/LevelModels/Dierolf_Frank_160630_1139_right.uasset
[2017.11.25-21.16.37:107][578]Cmd: OBJ SAVEPACKAGE PACKAGE="/Game/LevelModels/ScheißVase5" FILE="../../../../../../Users/Korki/Documents/GitHub/Hackvention2018/Content/LevelModels/ScheißVase5.uasset" SILENT=true
[2017.11.25-21.16.37:122][578]LogSavePackage: Save=14.56ms
[2017.11.25-21.16.37:122][578]LogSavePackage: Moving '../../../../../../Users/Korki/Documents/GitHub/Hackvention2018/Saved/ScheißVase59118186547565DFC4C717C8EA26BFF37.tmp' to '../../../../../../Users/Korki/Documents/GitHub/Hackvention2018/Content/LevelModels/ScheißVase5.uasset'
[2017.11.25-21.16.37:123][578]LogSavePackage: Display: Finished SavePackage ../../../../../../Users/Korki/Documents/GitHub/Hackvention2018/Content/LevelModels/ScheißVase5.uasset
[2017.11.25-21.16.49:543][578]Cmd: OBJ SAVEPACKAGE PACKAGE="/Game/LevelModels/fus+zombi_Body" FILE="../../../../../../Users/Korki/Documents/GitHub/Hackvention2018/Content/LevelModels/fus+zombi_Body.uasset" SILENT=true
[2017.11.25-21.16.49:566][578]LogSavePackage: Save=21.57ms
[2017.11.25-21.16.49:566][578]LogSavePackage: Moving '../../../../../../Users/Korki/Documents/GitHub/Hackvention2018/Saved/fus+zombi_Body60B1DAF64DCC4665A35ACAA2F7D159D7.tmp' to '../../../../../../Users/Korki/Documents/GitHub/Hackvention2018/Content/LevelModels/fus+zombi_Body.uasset'
[2017.11.25-21.16.49:567][578]LogSavePackage: Display: Finished SavePackage ../../../../../../Users/Korki/Documents/GitHub/Hackvention2018/Content/LevelModels/fus+zombi_Body.uasset
[2017.11.25-21.16.49:600][578]Cmd: OBJ SAVEPACKAGE PACKAGE="/Game/LevelModels/BodyMat" FILE="../../../../../../Users/Korki/Documents/GitHub/Hackvention2018/Content/LevelModels/BodyMat.uasset" SILENT=true
[2017.11.25-21.16.49:617][578]LogSavePackage: Save=15.73ms
[2017.11.25-21.16.49:617][578]LogSavePackage: Moving '../../../../../../Users/Korki/Documents/GitHub/Hackvention2018/Saved/BodyMat83A40A8F433690B68AEA9DAADBACA7E8.tmp' to '../../../../../../Users/Korki/Documents/GitHub/Hackvention2018/Content/LevelModels/BodyMat.uasset'
[2017.11.25-21.16.49:618][578]LogSavePackage: Display: Finished SavePackage ../../../../../../Users/Korki/Documents/GitHub/Hackvention2018/Content/LevelModels/BodyMat.uasset
[2017.11.25-21.16.49:648][578]Cmd: OBJ SAVEPACKAGE PACKAGE="/Game/LevelModels/fus+zombi_Bottoms" FILE="../../../../../../Users/Korki/Documents/GitHub/Hackvention2018/Content/LevelModels/fus+zombi_Bottoms.uasset" SILENT=true
[2017.11.25-21.16.49:665][578]LogSavePackage: Save=16.13ms
[2017.11.25-21.16.49:665][578]LogSavePackage: Moving '../../../../../../Users/Korki/Documents/GitHub/Hackvention2018/Saved/fus+zombi_Bottoms3AA0F6F7401DF0BF38EC9BA7D686685A.tmp' to '../../../../../../Users/Korki/Documents/GitHub/Hackvention2018/Content/LevelModels/fus+zombi_Bottoms.uasset'
[2017.11.25-21.16.49:667][578]LogSavePackage: Display: Finished SavePackage ../../../../../../Users/Korki/Documents/GitHub/Hackvention2018/Content/LevelModels/fus+zombi_Bottoms.uasset
[2017.11.25-21.16.49:699][578]Cmd: OBJ SAVEPACKAGE PACKAGE="/Game/LevelModels/BottomsMat" FILE="../../../../../../Users/Korki/Documents/GitHub/Hackvention2018/Content/LevelModels/BottomsMat.uasset" SILENT=true
[2017.11.25-21.16.49:716][578]LogSavePackage: Save=15.73ms
[2017.11.25-21.16.49:716][578]LogSavePackage: Moving '../../../../../../Users/Korki/Documents/GitHub/Hackvention2018/Saved/BottomsMat3C1C1BE640C339AA9B58879558AD55EE.tmp' to '../../../../../../Users/Korki/Documents/GitHub/Hackvention2018/Content/LevelModels/BottomsMat.uasset'
[2017.11.25-21.16.49:717][578]LogSavePackage: Display: Finished SavePackage ../../../../../../Users/Korki/Documents/GitHub/Hackvention2018/Content/LevelModels/BottomsMat.uasset
[2017.11.25-21.16.49:745][578]Cmd: OBJ SAVEPACKAGE PACKAGE="/Game/LevelModels/fus+zombi_default" FILE="../../../../../../Users/Korki/Documents/GitHub/Hackvention2018/Content/LevelModels/fus+zombi_default.uasset" SILENT=true
[2017.11.25-21.16.49:761][578]LogSavePackage: Save=14.77ms
[2017.11.25-21.16.49:761][578]LogSavePackage: Moving '../../../../../../Users/Korki/Documents/GitHub/Hackvention2018/Saved/fus+zombi_default3D1FF67B4F508650DBCEBC886F102A7A.tmp' to '../../../../../../Users/Korki/Documents/GitHub/Hackvention2018/Content/LevelModels/fus+zombi_default.uasset'
[2017.11.25-21.16.49:762][578]LogSavePackage: Display: Finished SavePackage ../../../../../../Users/Korki/Documents/GitHub/Hackvention2018/Content/LevelModels/fus+zombi_default.uasset
[2017.11.25-21.16.49:793][578]Cmd: OBJ SAVEPACKAGE PACKAGE="/Game/LevelModels/defaultMat" FILE="../../../../../../Users/Korki/Documents/GitHub/Hackvention2018/Content/LevelModels/defaultMat.uasset" SILENT=true
[2017.11.25-21.16.49:810][578]LogSavePackage: Save=15.62ms
[2017.11.25-21.16.49:810][578]LogSavePackage: Moving '../../../../../../Users/Korki/Documents/GitHub/Hackvention2018/Saved/defaultMat299D6AF84FC8FBB614AE44844B9A788E.tmp' to '../../../../../../Users/Korki/Documents/GitHub/Hackvention2018/Content/LevelModels/defaultMat.uasset'
[2017.11.25-21.16.49:811][578]LogSavePackage: Display: Finished SavePackage ../../../../../../Users/Korki/Documents/GitHub/Hackvention2018/Content/LevelModels/defaultMat.uasset
[2017.11.25-21.16.49:841][578]Cmd: OBJ SAVEPACKAGE PACKAGE="/Game/LevelModels/fus+zombi_Eyelashes" FILE="../../../../../../Users/Korki/Documents/GitHub/Hackvention2018/Content/LevelModels/fus+zombi_Eyelashes.uasset" SILENT=true
[2017.11.25-21.16.49:852][578]LogSavePackage: Save=9.66ms
[2017.11.25-21.16.49:852][578]LogSavePackage: Moving '../../../../../../Users/Korki/Documents/GitHub/Hackvention2018/Saved/fus+zombi_Eyelashes8AB99F1F47BAFE76CF2FE4A7BB7F4985.tmp' to '../../../../../../Users/Korki/Documents/GitHub/Hackvention2018/Content/LevelModels/fus+zombi_Eyelashes.uasset'
[2017.11.25-21.16.49:853][578]LogSavePackage: Display: Finished SavePackage ../../../../../../Users/Korki/Documents/GitHub/Hackvention2018/Content/LevelModels/fus+zombi_Eyelashes.uasset
[2017.11.25-21.16.49:880][578]Cmd: OBJ SAVEPACKAGE PACKAGE="/Game/LevelModels/EyelashesMat" FILE="../../../../../../Users/Korki/Documents/GitHub/Hackvention2018/Content/LevelModels/EyelashesMat.uasset" SILENT=true
[2017.11.25-21.16.49:891][578]LogSavePackage: Save=10.26ms
[2017.11.25-21.16.49:891][578]LogSavePackage: Moving '../../../../../../Users/Korki/Documents/GitHub/Hackvention2018/Saved/EyelashesMatB3684C9A4BA0F1850A7862B93D45F332.tmp' to '../../../../../../Users/Korki/Documents/GitHub/Hackvention2018/Content/LevelModels/EyelashesMat.uasset'
[2017.11.25-21.16.49:892][578]LogSavePackage: Display: Finished SavePackage ../../../../../../Users/Korki/Documents/GitHub/Hackvention2018/Content/LevelModels/EyelashesMat.uasset
[2017.11.25-21.16.49:916][578]Cmd: OBJ SAVEPACKAGE PACKAGE="/Game/LevelModels/Girl+Head_Body" FILE="../../../../../../Users/Korki/Documents/GitHub/Hackvention2018/Content/LevelModels/Girl+Head_Body.uasset" SILENT=true
[2017.11.25-21.16.49:928][578]LogSavePackage: Save=11.09ms
[2017.11.25-21.16.49:928][578]LogSavePackage: Moving '../../../../../../Users/Korki/Documents/GitHub/Hackvention2018/Saved/Girl+Head_Body9BC27324428AC82E97426B8857F83E59.tmp' to '../../../../../../Users/Korki/Documents/GitHub/Hackvention2018/Content/LevelModels/Girl+Head_Body.uasset'
[2017.11.25-21.16.49:929][578]LogSavePackage: Display: Finished SavePackage ../../../../../../Users/Korki/Documents/GitHub/Hackvention2018/Content/LevelModels/Girl+Head_Body.uasset
[2017.11.25-21.16.49:955][578]Cmd: OBJ SAVEPACKAGE PACKAGE="/Game/LevelModels/Girl+Head_default" FILE="../../../../../../Users/Korki/Documents/GitHub/Hackvention2018/Content/LevelModels/Girl+Head_default.uasset" SILENT=true
[2017.11.25-21.16.49:965][578]LogSavePackage: Save=9.68ms
[2017.11.25-21.16.49:965][578]LogSavePackage: Moving '../../../../../../Users/Korki/Documents/GitHub/Hackvention2018/Saved/Girl+Head_default5CF79EFE41D247D6859694B7817469E7.tmp' to '../../../../../../Users/Korki/Documents/GitHub/Hackvention2018/Content/LevelModels/Girl+Head_default.uasset'
[2017.11.25-21.16.49:966][578]LogSavePackage: Display: Finished SavePackage ../../../../../../Users/Korki/Documents/GitHub/Hackvention2018/Content/LevelModels/Girl+Head_default.uasset
[2017.11.25-21.16.49:989][578]Cmd: OBJ SAVEPACKAGE PACKAGE="/Game/LevelModels/Girl+Head_Eyelashes" FILE="../../../../../../Users/Korki/Documents/GitHub/Hackvention2018/Content/LevelModels/Girl+Head_Eyelashes.uasset" SILENT=true
[2017.11.25-21.16.49:999][578]LogSavePackage: Save=9.42ms
[2017.11.25-21.16.49:999][578]LogSavePackage: Moving '../../../../../../Users/Korki/Documents/GitHub/Hackvention2018/Saved/Girl+Head_Eyelashes3239C4DE4F85A54EE396E38462F6F6CA.tmp' to '../../../../../../Users/Korki/Documents/GitHub/Hackvention2018/Content/LevelModels/Girl+Head_Eyelashes.uasset'
[2017.11.25-21.16.50:000][578]LogSavePackage: Display: Finished SavePackage ../../../../../../Users/Korki/Documents/GitHub/Hackvention2018/Content/LevelModels/Girl+Head_Eyelashes.uasset
[2017.11.25-21.17.06:662][ 41]LogFactory: FactoryCreateFile: StaticMesh with FbxFactory (0 0 E:\Hackathon2018\Models\male_head_high_jc.obj)
[2017.11.25-21.17.06:725][ 41]LogFbx: Loading FBX Scene from E:\Hackathon2018\Models\male_head_high_jc.obj
[2017.11.25-21.17.08:347][ 41]LogFbx: FBX Scene Loaded Succesfully
[2017.11.25-21.17.33:750][ 41]LogFbx: Loading FBX Scene from E:\Hackathon2018\Models\male_head_high_jc.obj
[2017.11.25-21.17.35:383][ 41]LogFbx: FBX Scene Loaded Succesfully
[2017.11.25-21.17.35:395][ 41]LogLinker: Can't find file '/Game/LevelModels/Group30625Mat'
[2017.11.25-21.17.35:395][ 41]LogLinker: Can't find file '/Game/LevelModels/Group30625Mat'
[2017.11.25-21.17.35:399][ 41]LogMaterial: Missing cached shader map for material Group30625Mat, compiling. 
[2017.11.25-21.17.35:423][ 41]LogFbx: Warning: Triangulating static mesh Group30625
[2017.11.25-21.17.38:704][ 41]LogStaticMesh: Building static mesh male_head_high_jc...
